[2024-02-28T05:52:03.242+0000] {taskinstance.py:1956} INFO - Dependencies all met for dep_context=non-requeueable deps ti=<TaskInstance: gcs_snowflake_etl.transform_data scheduled__2024-02-27T00:00:00+00:00 [queued]>
[2024-02-28T05:52:03.270+0000] {taskinstance.py:1956} INFO - Dependencies all met for dep_context=requeueable deps ti=<TaskInstance: gcs_snowflake_etl.transform_data scheduled__2024-02-27T00:00:00+00:00 [queued]>
[2024-02-28T05:52:03.271+0000] {taskinstance.py:2170} INFO - Starting attempt 2 of 3
[2024-02-28T05:52:03.302+0000] {taskinstance.py:2191} INFO - Executing <Task(PythonOperator): transform_data> on 2024-02-27 00:00:00+00:00
[2024-02-28T05:52:03.313+0000] {standard_task_runner.py:60} INFO - Started process 264 to run task
[2024-02-28T05:52:03.320+0000] {standard_task_runner.py:87} INFO - Running: ['***', 'tasks', 'run', 'gcs_snowflake_etl', 'transform_data', 'scheduled__2024-02-27T00:00:00+00:00', '--job-id', '40', '--raw', '--subdir', 'DAGS_FOLDER/GCS_to_Snowflake_DAG.py', '--cfg-path', '/tmp/tmpp6cio98m']
[2024-02-28T05:52:03.326+0000] {standard_task_runner.py:88} INFO - Job 40: Subtask transform_data
[2024-02-28T05:52:03.456+0000] {task_command.py:423} INFO - Running <TaskInstance: gcs_snowflake_etl.transform_data scheduled__2024-02-27T00:00:00+00:00 [running]> on host ae154badcbc6
[2024-02-28T05:52:03.644+0000] {taskinstance.py:2480} INFO - Exporting env vars: AIRFLOW_CTX_DAG_OWNER='stellar' AIRFLOW_CTX_DAG_ID='gcs_snowflake_etl' AIRFLOW_CTX_TASK_ID='transform_data' AIRFLOW_CTX_EXECUTION_DATE='2024-02-27T00:00:00+00:00' AIRFLOW_CTX_TRY_NUMBER='2' AIRFLOW_CTX_DAG_RUN_ID='scheduled__2024-02-27T00:00:00+00:00'
[2024-02-28T05:52:03.796+0000] {_default.py:338} WARNING - Authentication failed using Compute Engine authentication due to unavailable metadata server.
[2024-02-28T05:52:03.890+0000] {_metadata.py:208} WARNING - Compute Engine Metadata server unavailable on attempt 1 of 5. Reason: HTTPConnectionPool(host='metadata.google.internal', port=80): Max retries exceeded with url: /computeMetadata/v1/instance/service-accounts/default/?recursive=true (Caused by NewConnectionError('<urllib3.connection.HTTPConnection object at 0x7f890ac9bd60>: Failed to establish a new connection: [Errno -2] Name or service not known'))
[2024-02-28T05:52:03.922+0000] {_metadata.py:208} WARNING - Compute Engine Metadata server unavailable on attempt 2 of 5. Reason: HTTPConnectionPool(host='metadata.google.internal', port=80): Max retries exceeded with url: /computeMetadata/v1/instance/service-accounts/default/?recursive=true (Caused by NewConnectionError('<urllib3.connection.HTTPConnection object at 0x7f890ac391f0>: Failed to establish a new connection: [Errno -2] Name or service not known'))
[2024-02-28T05:52:03.945+0000] {_metadata.py:208} WARNING - Compute Engine Metadata server unavailable on attempt 3 of 5. Reason: HTTPConnectionPool(host='metadata.google.internal', port=80): Max retries exceeded with url: /computeMetadata/v1/instance/service-accounts/default/?recursive=true (Caused by NewConnectionError('<urllib3.connection.HTTPConnection object at 0x7f890ac39670>: Failed to establish a new connection: [Errno -2] Name or service not known'))
[2024-02-28T05:52:03.972+0000] {_metadata.py:208} WARNING - Compute Engine Metadata server unavailable on attempt 4 of 5. Reason: HTTPConnectionPool(host='metadata.google.internal', port=80): Max retries exceeded with url: /computeMetadata/v1/instance/service-accounts/default/?recursive=true (Caused by NewConnectionError('<urllib3.connection.HTTPConnection object at 0x7f890ac39c10>: Failed to establish a new connection: [Errno -2] Name or service not known'))
[2024-02-28T05:52:03.999+0000] {_metadata.py:208} WARNING - Compute Engine Metadata server unavailable on attempt 5 of 5. Reason: HTTPConnectionPool(host='metadata.google.internal', port=80): Max retries exceeded with url: /computeMetadata/v1/instance/service-accounts/default/?recursive=true (Caused by NewConnectionError('<urllib3.connection.HTTPConnection object at 0x7f890ac9be80>: Failed to establish a new connection: [Errno -2] Name or service not known'))
[2024-02-28T05:52:04.624+0000] {retry.py:157} ERROR - _request non-retriable exception: Anonymous caller does not have storage.objects.get access to the Google Cloud Storage object. Permission 'storage.objects.get' denied on resource (or it may not exist)., 401
Traceback (most recent call last):
  File "/home/airflow/.local/lib/python3.8/site-packages/gcsfs/retry.py", line 123, in retry_request
    return await func(*args, **kwargs)
  File "/home/airflow/.local/lib/python3.8/site-packages/gcsfs/core.py", line 430, in _request
    validate_response(status, contents, path, args)
  File "/home/airflow/.local/lib/python3.8/site-packages/gcsfs/retry.py", line 110, in validate_response
    raise HttpError(error)
gcsfs.retry.HttpError: Anonymous caller does not have storage.objects.get access to the Google Cloud Storage object. Permission 'storage.objects.get' denied on resource (or it may not exist)., 401
[2024-02-28T05:52:04.627+0000] {taskinstance.py:2698} ERROR - Task failed with exception
Traceback (most recent call last):
  File "/home/airflow/.local/lib/python3.8/site-packages/airflow/models/taskinstance.py", line 433, in _execute_task
    result = execute_callable(context=context, **execute_callable_kwargs)
  File "/home/airflow/.local/lib/python3.8/site-packages/airflow/operators/python.py", line 199, in execute
    return_value = self.execute_callable()
  File "/home/airflow/.local/lib/python3.8/site-packages/airflow/operators/python.py", line 216, in execute_callable
    return self.python_callable(*self.op_args, **self.op_kwargs)
  File "/opt/airflow/dags/GCS_to_Snowflake_DAG.py", line 24, in transform_data
    df = pd.read_csv("gs://us_stock_market/US-Stock-Market-Dataset.csv")
  File "/home/airflow/.local/lib/python3.8/site-packages/pandas/io/parsers/readers.py", line 912, in read_csv
    return _read(filepath_or_buffer, kwds)
  File "/home/airflow/.local/lib/python3.8/site-packages/pandas/io/parsers/readers.py", line 577, in _read
    parser = TextFileReader(filepath_or_buffer, **kwds)
  File "/home/airflow/.local/lib/python3.8/site-packages/pandas/io/parsers/readers.py", line 1407, in __init__
    self._engine = self._make_engine(f, self.engine)
  File "/home/airflow/.local/lib/python3.8/site-packages/pandas/io/parsers/readers.py", line 1661, in _make_engine
    self.handles = get_handle(
  File "/home/airflow/.local/lib/python3.8/site-packages/pandas/io/common.py", line 716, in get_handle
    ioargs = _get_filepath_or_buffer(
  File "/home/airflow/.local/lib/python3.8/site-packages/pandas/io/common.py", line 414, in _get_filepath_or_buffer
    file_obj = fsspec.open(
  File "/home/airflow/.local/lib/python3.8/site-packages/fsspec/core.py", line 135, in open
    return self.__enter__()
  File "/home/airflow/.local/lib/python3.8/site-packages/fsspec/core.py", line 103, in __enter__
    f = self.fs.open(self.path, mode=mode)
  File "/home/airflow/.local/lib/python3.8/site-packages/fsspec/spec.py", line 1295, in open
    f = self._open(
  File "/home/airflow/.local/lib/python3.8/site-packages/gcsfs/core.py", line 1516, in _open
    return GCSFile(
  File "/home/airflow/.local/lib/python3.8/site-packages/gcsfs/core.py", line 1675, in __init__
    super().__init__(
  File "/home/airflow/.local/lib/python3.8/site-packages/fsspec/spec.py", line 1651, in __init__
    self.size = self.details["size"]
  File "/home/airflow/.local/lib/python3.8/site-packages/gcsfs/core.py", line 1711, in details
    self._details = self.fs.info(self.path, generation=self.generation)
  File "/home/airflow/.local/lib/python3.8/site-packages/fsspec/asyn.py", line 118, in wrapper
    return sync(self.loop, func, *args, **kwargs)
  File "/home/airflow/.local/lib/python3.8/site-packages/fsspec/asyn.py", line 103, in sync
    raise return_result
  File "/home/airflow/.local/lib/python3.8/site-packages/fsspec/asyn.py", line 56, in _runner
    result[0] = await coro
  File "/home/airflow/.local/lib/python3.8/site-packages/gcsfs/core.py", line 959, in _info
    exact = await self._get_object(path)
  File "/home/airflow/.local/lib/python3.8/site-packages/gcsfs/core.py", line 516, in _get_object
    res = await self._call(
  File "/home/airflow/.local/lib/python3.8/site-packages/gcsfs/core.py", line 437, in _call
    status, headers, info, contents = await self._request(
  File "/home/airflow/.local/lib/python3.8/site-packages/decorator.py", line 221, in fun
    return await caller(func, *(extras + args), **kw)
  File "/home/airflow/.local/lib/python3.8/site-packages/gcsfs/retry.py", line 158, in retry_request
    raise e
  File "/home/airflow/.local/lib/python3.8/site-packages/gcsfs/retry.py", line 123, in retry_request
    return await func(*args, **kwargs)
  File "/home/airflow/.local/lib/python3.8/site-packages/gcsfs/core.py", line 430, in _request
    validate_response(status, contents, path, args)
  File "/home/airflow/.local/lib/python3.8/site-packages/gcsfs/retry.py", line 110, in validate_response
    raise HttpError(error)
gcsfs.retry.HttpError: Anonymous caller does not have storage.objects.get access to the Google Cloud Storage object. Permission 'storage.objects.get' denied on resource (or it may not exist)., 401
[2024-02-28T05:52:04.654+0000] {taskinstance.py:1138} INFO - Marking task as UP_FOR_RETRY. dag_id=gcs_snowflake_etl, task_id=transform_data, execution_date=20240227T000000, start_date=20240228T055203, end_date=20240228T055204
[2024-02-28T05:52:04.684+0000] {standard_task_runner.py:107} ERROR - Failed to execute job 40 for task transform_data (Anonymous caller does not have storage.objects.get access to the Google Cloud Storage object. Permission 'storage.objects.get' denied on resource (or it may not exist)., 401; 264)
[2024-02-28T05:52:04.716+0000] {local_task_job_runner.py:234} INFO - Task exited with return code 1
[2024-02-28T05:52:04.823+0000] {taskinstance.py:3280} INFO - 0 downstream tasks scheduled from follow-on schedule check
[2024-02-28T12:12:44.111+0000] {taskinstance.py:1956} INFO - Dependencies all met for dep_context=non-requeueable deps ti=<TaskInstance: gcs_snowflake_etl.transform_data scheduled__2024-02-27T00:00:00+00:00 [queued]>
[2024-02-28T12:12:44.126+0000] {taskinstance.py:1956} INFO - Dependencies all met for dep_context=requeueable deps ti=<TaskInstance: gcs_snowflake_etl.transform_data scheduled__2024-02-27T00:00:00+00:00 [queued]>
[2024-02-28T12:12:44.127+0000] {taskinstance.py:2170} INFO - Starting attempt 2 of 3
[2024-02-28T12:12:44.146+0000] {taskinstance.py:2191} INFO - Executing <Task(PythonOperator): transform_data> on 2024-02-27 00:00:00+00:00
[2024-02-28T12:12:44.152+0000] {standard_task_runner.py:60} INFO - Started process 55 to run task
[2024-02-28T12:12:44.158+0000] {standard_task_runner.py:87} INFO - Running: ['***', 'tasks', 'run', 'gcs_snowflake_etl', 'transform_data', 'scheduled__2024-02-27T00:00:00+00:00', '--job-id', '11', '--raw', '--subdir', 'DAGS_FOLDER/GCS_to_Snowflake_DAG.py', '--cfg-path', '/tmp/tmpt_hsnpsp']
[2024-02-28T12:12:44.162+0000] {standard_task_runner.py:88} INFO - Job 11: Subtask transform_data
[2024-02-28T12:12:44.233+0000] {task_command.py:423} INFO - Running <TaskInstance: gcs_snowflake_etl.transform_data scheduled__2024-02-27T00:00:00+00:00 [running]> on host b9a0bf70b495
[2024-02-28T12:12:44.332+0000] {taskinstance.py:2480} INFO - Exporting env vars: AIRFLOW_CTX_DAG_OWNER='stellar' AIRFLOW_CTX_DAG_ID='gcs_snowflake_etl' AIRFLOW_CTX_TASK_ID='transform_data' AIRFLOW_CTX_EXECUTION_DATE='2024-02-27T00:00:00+00:00' AIRFLOW_CTX_TRY_NUMBER='2' AIRFLOW_CTX_DAG_RUN_ID='scheduled__2024-02-27T00:00:00+00:00'
[2024-02-28T12:12:44.335+0000] {taskinstance.py:2698} ERROR - Task failed with exception
Traceback (most recent call last):
  File "/home/airflow/.local/lib/python3.8/site-packages/airflow/models/taskinstance.py", line 433, in _execute_task
    result = execute_callable(context=context, **execute_callable_kwargs)
  File "/home/airflow/.local/lib/python3.8/site-packages/airflow/operators/python.py", line 199, in execute
    return_value = self.execute_callable()
  File "/home/airflow/.local/lib/python3.8/site-packages/airflow/operators/python.py", line 216, in execute_callable
    return self.python_callable(*self.op_args, **self.op_kwargs)
  File "/opt/airflow/dags/GCS_to_Snowflake_DAG.py", line 36, in transform_data
    storage_client = storage.Client()
  File "/home/airflow/.local/lib/python3.8/site-packages/google/cloud/storage/client.py", line 172, in __init__
    super(Client, self).__init__(
  File "/home/airflow/.local/lib/python3.8/site-packages/google/cloud/client/__init__.py", line 320, in __init__
    _ClientProjectMixin.__init__(self, project=project, credentials=credentials)
  File "/home/airflow/.local/lib/python3.8/site-packages/google/cloud/client/__init__.py", line 268, in __init__
    project = self._determine_default(project)
  File "/home/airflow/.local/lib/python3.8/site-packages/google/cloud/client/__init__.py", line 287, in _determine_default
    return _determine_default_project(project)
  File "/home/airflow/.local/lib/python3.8/site-packages/google/cloud/_helpers/__init__.py", line 152, in _determine_default_project
    _, project = google.auth.default()
  File "/home/airflow/.local/lib/python3.8/site-packages/google/auth/_default.py", line 657, in default
    credentials, project_id = checker()
  File "/home/airflow/.local/lib/python3.8/site-packages/google/auth/_default.py", line 650, in <lambda>
    lambda: _get_explicit_environ_credentials(quota_project_id=quota_project_id),
  File "/home/airflow/.local/lib/python3.8/site-packages/google/auth/_default.py", line 270, in _get_explicit_environ_credentials
    credentials, project_id = load_credentials_from_file(
  File "/home/airflow/.local/lib/python3.8/site-packages/google/auth/_default.py", line 114, in load_credentials_from_file
    raise exceptions.DefaultCredentialsError(
google.auth.exceptions.DefaultCredentialsError: File D:\GCS_to_Snowflake_WithAirflow\credentials2de-workshop-369208-8179100cc99a.json was not found.
[2024-02-28T12:12:44.349+0000] {taskinstance.py:1138} INFO - Marking task as UP_FOR_RETRY. dag_id=gcs_snowflake_etl, task_id=transform_data, execution_date=20240227T000000, start_date=20240228T121244, end_date=20240228T121244
[2024-02-28T12:12:44.369+0000] {standard_task_runner.py:107} ERROR - Failed to execute job 11 for task transform_data (File D:\GCS_to_Snowflake_WithAirflow\credentials2de-workshop-369208-8179100cc99a.json was not found.; 55)
[2024-02-28T12:12:44.410+0000] {local_task_job_runner.py:234} INFO - Task exited with return code 1
[2024-02-28T12:12:44.456+0000] {taskinstance.py:3280} INFO - 0 downstream tasks scheduled from follow-on schedule check
[2024-02-28T12:22:03.236+0000] {taskinstance.py:1956} INFO - Dependencies all met for dep_context=non-requeueable deps ti=<TaskInstance: gcs_snowflake_etl.transform_data scheduled__2024-02-27T00:00:00+00:00 [queued]>
[2024-02-28T12:22:03.253+0000] {taskinstance.py:1956} INFO - Dependencies all met for dep_context=requeueable deps ti=<TaskInstance: gcs_snowflake_etl.transform_data scheduled__2024-02-27T00:00:00+00:00 [queued]>
[2024-02-28T12:22:03.254+0000] {taskinstance.py:2170} INFO - Starting attempt 2 of 3
[2024-02-28T12:22:03.284+0000] {taskinstance.py:2191} INFO - Executing <Task(PythonOperator): transform_data> on 2024-02-27 00:00:00+00:00
[2024-02-28T12:22:03.290+0000] {standard_task_runner.py:60} INFO - Started process 56 to run task
[2024-02-28T12:22:03.298+0000] {standard_task_runner.py:87} INFO - Running: ['***', 'tasks', 'run', 'gcs_snowflake_etl', 'transform_data', 'scheduled__2024-02-27T00:00:00+00:00', '--job-id', '22', '--raw', '--subdir', 'DAGS_FOLDER/GCS_to_Snowflake_DAG.py', '--cfg-path', '/tmp/tmp9spko8gs']
[2024-02-28T12:22:03.305+0000] {standard_task_runner.py:88} INFO - Job 22: Subtask transform_data
[2024-02-28T12:22:03.384+0000] {task_command.py:423} INFO - Running <TaskInstance: gcs_snowflake_etl.transform_data scheduled__2024-02-27T00:00:00+00:00 [running]> on host b9a0bf70b495
[2024-02-28T12:22:03.508+0000] {taskinstance.py:2480} INFO - Exporting env vars: AIRFLOW_CTX_DAG_OWNER='stellar' AIRFLOW_CTX_DAG_ID='gcs_snowflake_etl' AIRFLOW_CTX_TASK_ID='transform_data' AIRFLOW_CTX_EXECUTION_DATE='2024-02-27T00:00:00+00:00' AIRFLOW_CTX_TRY_NUMBER='2' AIRFLOW_CTX_DAG_RUN_ID='scheduled__2024-02-27T00:00:00+00:00'
[2024-02-28T12:22:03.515+0000] {taskinstance.py:2698} ERROR - Task failed with exception
Traceback (most recent call last):
  File "/home/airflow/.local/lib/python3.8/site-packages/airflow/models/taskinstance.py", line 433, in _execute_task
    result = execute_callable(context=context, **execute_callable_kwargs)
  File "/home/airflow/.local/lib/python3.8/site-packages/airflow/operators/python.py", line 199, in execute
    return_value = self.execute_callable()
  File "/home/airflow/.local/lib/python3.8/site-packages/airflow/operators/python.py", line 216, in execute_callable
    return self.python_callable(*self.op_args, **self.op_kwargs)
  File "/opt/airflow/dags/GCS_to_Snowflake_DAG.py", line 36, in transform_data
    storage_client = storage.Client()
  File "/home/airflow/.local/lib/python3.8/site-packages/google/cloud/storage/client.py", line 172, in __init__
    super(Client, self).__init__(
  File "/home/airflow/.local/lib/python3.8/site-packages/google/cloud/client/__init__.py", line 320, in __init__
    _ClientProjectMixin.__init__(self, project=project, credentials=credentials)
  File "/home/airflow/.local/lib/python3.8/site-packages/google/cloud/client/__init__.py", line 268, in __init__
    project = self._determine_default(project)
  File "/home/airflow/.local/lib/python3.8/site-packages/google/cloud/client/__init__.py", line 287, in _determine_default
    return _determine_default_project(project)
  File "/home/airflow/.local/lib/python3.8/site-packages/google/cloud/_helpers/__init__.py", line 152, in _determine_default_project
    _, project = google.auth.default()
  File "/home/airflow/.local/lib/python3.8/site-packages/google/auth/_default.py", line 657, in default
    credentials, project_id = checker()
  File "/home/airflow/.local/lib/python3.8/site-packages/google/auth/_default.py", line 650, in <lambda>
    lambda: _get_explicit_environ_credentials(quota_project_id=quota_project_id),
  File "/home/airflow/.local/lib/python3.8/site-packages/google/auth/_default.py", line 270, in _get_explicit_environ_credentials
    credentials, project_id = load_credentials_from_file(
  File "/home/airflow/.local/lib/python3.8/site-packages/google/auth/_default.py", line 114, in load_credentials_from_file
    raise exceptions.DefaultCredentialsError(
google.auth.exceptions.DefaultCredentialsError: File ./credentials/r2de-workshop-369208-8179100cc99a.json was not found.
[2024-02-28T12:22:03.534+0000] {taskinstance.py:1138} INFO - Marking task as UP_FOR_RETRY. dag_id=gcs_snowflake_etl, task_id=transform_data, execution_date=20240227T000000, start_date=20240228T122203, end_date=20240228T122203
[2024-02-28T12:22:03.565+0000] {standard_task_runner.py:107} ERROR - Failed to execute job 22 for task transform_data (File ./credentials/r2de-workshop-369208-8179100cc99a.json was not found.; 56)
[2024-02-28T12:22:03.634+0000] {local_task_job_runner.py:234} INFO - Task exited with return code 1
[2024-02-28T12:22:03.704+0000] {taskinstance.py:3280} INFO - 0 downstream tasks scheduled from follow-on schedule check
[2024-02-28T12:49:33.634+0000] {taskinstance.py:1956} INFO - Dependencies all met for dep_context=non-requeueable deps ti=<TaskInstance: gcs_snowflake_etl.transform_data scheduled__2024-02-27T00:00:00+00:00 [queued]>
[2024-02-28T12:49:33.650+0000] {taskinstance.py:1956} INFO - Dependencies all met for dep_context=requeueable deps ti=<TaskInstance: gcs_snowflake_etl.transform_data scheduled__2024-02-27T00:00:00+00:00 [queued]>
[2024-02-28T12:49:33.650+0000] {taskinstance.py:2170} INFO - Starting attempt 2 of 4
[2024-02-28T12:49:33.670+0000] {taskinstance.py:2191} INFO - Executing <Task(PythonOperator): transform_data> on 2024-02-27 00:00:00+00:00
[2024-02-28T12:49:33.677+0000] {standard_task_runner.py:60} INFO - Started process 73 to run task
[2024-02-28T12:49:33.682+0000] {standard_task_runner.py:87} INFO - Running: ['***', 'tasks', 'run', 'gcs_snowflake_etl', 'transform_data', 'scheduled__2024-02-27T00:00:00+00:00', '--job-id', '49', '--raw', '--subdir', 'DAGS_FOLDER/GCS_to_Snowflake_DAG.py', '--cfg-path', '/tmp/tmp23p2wlfl']
[2024-02-28T12:49:33.687+0000] {standard_task_runner.py:88} INFO - Job 49: Subtask transform_data
[2024-02-28T12:49:33.761+0000] {task_command.py:423} INFO - Running <TaskInstance: gcs_snowflake_etl.transform_data scheduled__2024-02-27T00:00:00+00:00 [running]> on host b9a0bf70b495
[2024-02-28T12:49:33.875+0000] {taskinstance.py:2480} INFO - Exporting env vars: AIRFLOW_CTX_DAG_OWNER='stellar' AIRFLOW_CTX_DAG_ID='gcs_snowflake_etl' AIRFLOW_CTX_TASK_ID='transform_data' AIRFLOW_CTX_EXECUTION_DATE='2024-02-27T00:00:00+00:00' AIRFLOW_CTX_TRY_NUMBER='2' AIRFLOW_CTX_DAG_RUN_ID='scheduled__2024-02-27T00:00:00+00:00'
[2024-02-28T12:49:33.878+0000] {taskinstance.py:2698} ERROR - Task failed with exception
Traceback (most recent call last):
  File "/home/airflow/.local/lib/python3.8/site-packages/airflow/models/taskinstance.py", line 433, in _execute_task
    result = execute_callable(context=context, **execute_callable_kwargs)
  File "/home/airflow/.local/lib/python3.8/site-packages/airflow/operators/python.py", line 199, in execute
    return_value = self.execute_callable()
  File "/home/airflow/.local/lib/python3.8/site-packages/airflow/operators/python.py", line 216, in execute_callable
    return self.python_callable(*self.op_args, **self.op_kwargs)
  File "/opt/airflow/dags/GCS_to_Snowflake_DAG.py", line 36, in transform_data
    storage_client = storage.Client()
  File "/home/airflow/.local/lib/python3.8/site-packages/google/cloud/storage/client.py", line 172, in __init__
    super(Client, self).__init__(
  File "/home/airflow/.local/lib/python3.8/site-packages/google/cloud/client/__init__.py", line 320, in __init__
    _ClientProjectMixin.__init__(self, project=project, credentials=credentials)
  File "/home/airflow/.local/lib/python3.8/site-packages/google/cloud/client/__init__.py", line 268, in __init__
    project = self._determine_default(project)
  File "/home/airflow/.local/lib/python3.8/site-packages/google/cloud/client/__init__.py", line 287, in _determine_default
    return _determine_default_project(project)
  File "/home/airflow/.local/lib/python3.8/site-packages/google/cloud/_helpers/__init__.py", line 152, in _determine_default_project
    _, project = google.auth.default()
  File "/home/airflow/.local/lib/python3.8/site-packages/google/auth/_default.py", line 657, in default
    credentials, project_id = checker()
  File "/home/airflow/.local/lib/python3.8/site-packages/google/auth/_default.py", line 650, in <lambda>
    lambda: _get_explicit_environ_credentials(quota_project_id=quota_project_id),
  File "/home/airflow/.local/lib/python3.8/site-packages/google/auth/_default.py", line 270, in _get_explicit_environ_credentials
    credentials, project_id = load_credentials_from_file(
  File "/home/airflow/.local/lib/python3.8/site-packages/google/auth/_default.py", line 114, in load_credentials_from_file
    raise exceptions.DefaultCredentialsError(
google.auth.exceptions.DefaultCredentialsError: File D:\GCS_to_Snowflake_WithAirflow2de-workshop-369208-8179100cc99a.json was not found.
[2024-02-28T12:49:33.896+0000] {taskinstance.py:1138} INFO - Marking task as UP_FOR_RETRY. dag_id=gcs_snowflake_etl, task_id=transform_data, execution_date=20240227T000000, start_date=20240228T124933, end_date=20240228T124933
[2024-02-28T12:49:33.914+0000] {standard_task_runner.py:107} ERROR - Failed to execute job 49 for task transform_data (File D:\GCS_to_Snowflake_WithAirflow2de-workshop-369208-8179100cc99a.json was not found.; 73)
[2024-02-28T12:49:33.935+0000] {local_task_job_runner.py:234} INFO - Task exited with return code 1
[2024-02-28T12:49:33.968+0000] {taskinstance.py:3280} INFO - 0 downstream tasks scheduled from follow-on schedule check
[2024-02-28T13:06:51.475+0000] {taskinstance.py:1956} INFO - Dependencies all met for dep_context=non-requeueable deps ti=<TaskInstance: gcs_snowflake_etl.transform_data scheduled__2024-02-27T00:00:00+00:00 [queued]>
[2024-02-28T13:06:51.498+0000] {taskinstance.py:1956} INFO - Dependencies all met for dep_context=requeueable deps ti=<TaskInstance: gcs_snowflake_etl.transform_data scheduled__2024-02-27T00:00:00+00:00 [queued]>
[2024-02-28T13:06:51.499+0000] {taskinstance.py:2170} INFO - Starting attempt 2 of 3
[2024-02-28T13:06:51.535+0000] {taskinstance.py:2191} INFO - Executing <Task(PythonOperator): transform_data> on 2024-02-27 00:00:00+00:00
[2024-02-28T13:06:51.542+0000] {standard_task_runner.py:60} INFO - Started process 56 to run task
[2024-02-28T13:06:51.548+0000] {standard_task_runner.py:87} INFO - Running: ['***', 'tasks', 'run', 'gcs_snowflake_etl', 'transform_data', 'scheduled__2024-02-27T00:00:00+00:00', '--job-id', '74', '--raw', '--subdir', 'DAGS_FOLDER/GCS_to_Snowflake_DAG.py', '--cfg-path', '/tmp/tmp95kqekvy']
[2024-02-28T13:06:51.552+0000] {standard_task_runner.py:88} INFO - Job 74: Subtask transform_data
[2024-02-28T13:06:51.653+0000] {task_command.py:423} INFO - Running <TaskInstance: gcs_snowflake_etl.transform_data scheduled__2024-02-27T00:00:00+00:00 [running]> on host b9a0bf70b495
[2024-02-28T13:06:51.797+0000] {taskinstance.py:2480} INFO - Exporting env vars: AIRFLOW_CTX_DAG_OWNER='stellar' AIRFLOW_CTX_DAG_ID='gcs_snowflake_etl' AIRFLOW_CTX_TASK_ID='transform_data' AIRFLOW_CTX_EXECUTION_DATE='2024-02-27T00:00:00+00:00' AIRFLOW_CTX_TRY_NUMBER='2' AIRFLOW_CTX_DAG_RUN_ID='scheduled__2024-02-27T00:00:00+00:00'
[2024-02-28T13:06:51.799+0000] {taskinstance.py:2698} ERROR - Task failed with exception
Traceback (most recent call last):
  File "/home/airflow/.local/lib/python3.8/site-packages/airflow/models/taskinstance.py", line 433, in _execute_task
    result = execute_callable(context=context, **execute_callable_kwargs)
  File "/home/airflow/.local/lib/python3.8/site-packages/airflow/operators/python.py", line 199, in execute
    return_value = self.execute_callable()
  File "/home/airflow/.local/lib/python3.8/site-packages/airflow/operators/python.py", line 216, in execute_callable
    return self.python_callable(*self.op_args, **self.op_kwargs)
  File "/opt/airflow/dags/GCS_to_Snowflake_DAG.py", line 31, in transform_data
    GOOGLE_APPLICATION_CREDENTIALS = os.environ["GOOGLE_APPLICATION_CREDENTIALS"]
  File "/usr/local/lib/python3.8/os.py", line 675, in __getitem__
    raise KeyError(key) from None
KeyError: 'GOOGLE_APPLICATION_CREDENTIALS'
[2024-02-28T13:06:51.814+0000] {taskinstance.py:1138} INFO - Marking task as UP_FOR_RETRY. dag_id=gcs_snowflake_etl, task_id=transform_data, execution_date=20240227T000000, start_date=20240228T130651, end_date=20240228T130651
[2024-02-28T13:06:51.855+0000] {standard_task_runner.py:107} ERROR - Failed to execute job 74 for task transform_data ('GOOGLE_APPLICATION_CREDENTIALS'; 56)
[2024-02-28T13:06:51.881+0000] {local_task_job_runner.py:234} INFO - Task exited with return code 1
[2024-02-28T13:06:51.932+0000] {taskinstance.py:3280} INFO - 0 downstream tasks scheduled from follow-on schedule check
[2024-02-28T13:13:02.828+0000] {taskinstance.py:1956} INFO - Dependencies all met for dep_context=non-requeueable deps ti=<TaskInstance: gcs_snowflake_etl.transform_data scheduled__2024-02-27T00:00:00+00:00 [queued]>
[2024-02-28T13:13:02.844+0000] {taskinstance.py:1956} INFO - Dependencies all met for dep_context=requeueable deps ti=<TaskInstance: gcs_snowflake_etl.transform_data scheduled__2024-02-27T00:00:00+00:00 [queued]>
[2024-02-28T13:13:02.845+0000] {taskinstance.py:2170} INFO - Starting attempt 2 of 3
[2024-02-28T13:13:02.909+0000] {taskinstance.py:2191} INFO - Executing <Task(PythonOperator): transform_data> on 2024-02-27 00:00:00+00:00
[2024-02-28T13:13:02.915+0000] {standard_task_runner.py:60} INFO - Started process 55 to run task
[2024-02-28T13:13:02.920+0000] {standard_task_runner.py:87} INFO - Running: ['***', 'tasks', 'run', 'gcs_snowflake_etl', 'transform_data', 'scheduled__2024-02-27T00:00:00+00:00', '--job-id', '84', '--raw', '--subdir', 'DAGS_FOLDER/GCS_to_Snowflake_DAG.py', '--cfg-path', '/tmp/tmpib2c82ob']
[2024-02-28T13:13:02.925+0000] {standard_task_runner.py:88} INFO - Job 84: Subtask transform_data
[2024-02-28T13:13:03.021+0000] {task_command.py:423} INFO - Running <TaskInstance: gcs_snowflake_etl.transform_data scheduled__2024-02-27T00:00:00+00:00 [running]> on host b9a0bf70b495
[2024-02-28T13:13:03.199+0000] {taskinstance.py:2480} INFO - Exporting env vars: AIRFLOW_CTX_DAG_OWNER='stellar' AIRFLOW_CTX_DAG_ID='gcs_snowflake_etl' AIRFLOW_CTX_TASK_ID='transform_data' AIRFLOW_CTX_EXECUTION_DATE='2024-02-27T00:00:00+00:00' AIRFLOW_CTX_TRY_NUMBER='2' AIRFLOW_CTX_DAG_RUN_ID='scheduled__2024-02-27T00:00:00+00:00'
[2024-02-28T13:13:03.203+0000] {taskinstance.py:2698} ERROR - Task failed with exception
Traceback (most recent call last):
  File "/home/airflow/.local/lib/python3.8/site-packages/airflow/models/taskinstance.py", line 433, in _execute_task
    result = execute_callable(context=context, **execute_callable_kwargs)
  File "/home/airflow/.local/lib/python3.8/site-packages/airflow/operators/python.py", line 199, in execute
    return_value = self.execute_callable()
  File "/home/airflow/.local/lib/python3.8/site-packages/airflow/operators/python.py", line 216, in execute_callable
    return self.python_callable(*self.op_args, **self.op_kwargs)
  File "/opt/airflow/dags/GCS_to_Snowflake_DAG.py", line 32, in transform_data
    storage_client = storage.Client()
  File "/home/airflow/.local/lib/python3.8/site-packages/google/cloud/storage/client.py", line 172, in __init__
    super(Client, self).__init__(
  File "/home/airflow/.local/lib/python3.8/site-packages/google/cloud/client/__init__.py", line 320, in __init__
    _ClientProjectMixin.__init__(self, project=project, credentials=credentials)
  File "/home/airflow/.local/lib/python3.8/site-packages/google/cloud/client/__init__.py", line 268, in __init__
    project = self._determine_default(project)
  File "/home/airflow/.local/lib/python3.8/site-packages/google/cloud/client/__init__.py", line 287, in _determine_default
    return _determine_default_project(project)
  File "/home/airflow/.local/lib/python3.8/site-packages/google/cloud/_helpers/__init__.py", line 152, in _determine_default_project
    _, project = google.auth.default()
  File "/home/airflow/.local/lib/python3.8/site-packages/google/auth/_default.py", line 657, in default
    credentials, project_id = checker()
  File "/home/airflow/.local/lib/python3.8/site-packages/google/auth/_default.py", line 650, in <lambda>
    lambda: _get_explicit_environ_credentials(quota_project_id=quota_project_id),
  File "/home/airflow/.local/lib/python3.8/site-packages/google/auth/_default.py", line 270, in _get_explicit_environ_credentials
    credentials, project_id = load_credentials_from_file(
  File "/home/airflow/.local/lib/python3.8/site-packages/google/auth/_default.py", line 114, in load_credentials_from_file
    raise exceptions.DefaultCredentialsError(
google.auth.exceptions.DefaultCredentialsError: File D:\GCS_to_Snowflake_WithAirflow\credentials2de-workshop-369208-8179100cc99a.json was not found.
[2024-02-28T13:13:03.220+0000] {taskinstance.py:1138} INFO - Marking task as UP_FOR_RETRY. dag_id=gcs_snowflake_etl, task_id=transform_data, execution_date=20240227T000000, start_date=20240228T131302, end_date=20240228T131303
[2024-02-28T13:13:03.265+0000] {standard_task_runner.py:107} ERROR - Failed to execute job 84 for task transform_data (File D:\GCS_to_Snowflake_WithAirflow\credentials2de-workshop-369208-8179100cc99a.json was not found.; 55)
[2024-02-28T13:13:03.294+0000] {local_task_job_runner.py:234} INFO - Task exited with return code 1
[2024-02-28T13:13:03.338+0000] {taskinstance.py:3280} INFO - 0 downstream tasks scheduled from follow-on schedule check
[2024-02-28T13:17:37.820+0000] {taskinstance.py:1956} INFO - Dependencies all met for dep_context=non-requeueable deps ti=<TaskInstance: gcs_snowflake_etl.transform_data scheduled__2024-02-27T00:00:00+00:00 [queued]>
[2024-02-28T13:17:37.837+0000] {taskinstance.py:1956} INFO - Dependencies all met for dep_context=requeueable deps ti=<TaskInstance: gcs_snowflake_etl.transform_data scheduled__2024-02-27T00:00:00+00:00 [queued]>
[2024-02-28T13:17:37.839+0000] {taskinstance.py:2170} INFO - Starting attempt 2 of 4
[2024-02-28T13:17:37.900+0000] {taskinstance.py:2191} INFO - Executing <Task(PythonOperator): transform_data> on 2024-02-27 00:00:00+00:00
[2024-02-28T13:17:37.910+0000] {standard_task_runner.py:60} INFO - Started process 74 to run task
[2024-02-28T13:17:37.919+0000] {standard_task_runner.py:87} INFO - Running: ['***', 'tasks', 'run', 'gcs_snowflake_etl', 'transform_data', 'scheduled__2024-02-27T00:00:00+00:00', '--job-id', '101', '--raw', '--subdir', 'DAGS_FOLDER/GCS_to_Snowflake_DAG.py', '--cfg-path', '/tmp/tmpt09v19av']
[2024-02-28T13:17:37.924+0000] {standard_task_runner.py:88} INFO - Job 101: Subtask transform_data
[2024-02-28T13:17:38.087+0000] {task_command.py:423} INFO - Running <TaskInstance: gcs_snowflake_etl.transform_data scheduled__2024-02-27T00:00:00+00:00 [running]> on host b9a0bf70b495
[2024-02-28T13:17:38.275+0000] {taskinstance.py:2480} INFO - Exporting env vars: AIRFLOW_CTX_DAG_OWNER='stellar' AIRFLOW_CTX_DAG_ID='gcs_snowflake_etl' AIRFLOW_CTX_TASK_ID='transform_data' AIRFLOW_CTX_EXECUTION_DATE='2024-02-27T00:00:00+00:00' AIRFLOW_CTX_TRY_NUMBER='2' AIRFLOW_CTX_DAG_RUN_ID='scheduled__2024-02-27T00:00:00+00:00'
[2024-02-28T13:17:38.279+0000] {taskinstance.py:2698} ERROR - Task failed with exception
Traceback (most recent call last):
  File "/home/airflow/.local/lib/python3.8/site-packages/airflow/models/taskinstance.py", line 433, in _execute_task
    result = execute_callable(context=context, **execute_callable_kwargs)
  File "/home/airflow/.local/lib/python3.8/site-packages/airflow/operators/python.py", line 199, in execute
    return_value = self.execute_callable()
  File "/home/airflow/.local/lib/python3.8/site-packages/airflow/operators/python.py", line 216, in execute_callable
    return self.python_callable(*self.op_args, **self.op_kwargs)
  File "/opt/airflow/dags/GCS_to_Snowflake_DAG.py", line 32, in transform_data
    storage_client = storage.Client()
  File "/home/airflow/.local/lib/python3.8/site-packages/google/cloud/storage/client.py", line 172, in __init__
    super(Client, self).__init__(
  File "/home/airflow/.local/lib/python3.8/site-packages/google/cloud/client/__init__.py", line 320, in __init__
    _ClientProjectMixin.__init__(self, project=project, credentials=credentials)
  File "/home/airflow/.local/lib/python3.8/site-packages/google/cloud/client/__init__.py", line 268, in __init__
    project = self._determine_default(project)
  File "/home/airflow/.local/lib/python3.8/site-packages/google/cloud/client/__init__.py", line 287, in _determine_default
    return _determine_default_project(project)
  File "/home/airflow/.local/lib/python3.8/site-packages/google/cloud/_helpers/__init__.py", line 152, in _determine_default_project
    _, project = google.auth.default()
  File "/home/airflow/.local/lib/python3.8/site-packages/google/auth/_default.py", line 657, in default
    credentials, project_id = checker()
  File "/home/airflow/.local/lib/python3.8/site-packages/google/auth/_default.py", line 650, in <lambda>
    lambda: _get_explicit_environ_credentials(quota_project_id=quota_project_id),
  File "/home/airflow/.local/lib/python3.8/site-packages/google/auth/_default.py", line 270, in _get_explicit_environ_credentials
    credentials, project_id = load_credentials_from_file(
  File "/home/airflow/.local/lib/python3.8/site-packages/google/auth/_default.py", line 114, in load_credentials_from_file
    raise exceptions.DefaultCredentialsError(
google.auth.exceptions.DefaultCredentialsError: File .\GCS_to_Snowflake_WithAirflow\credentials\r2de-workshop-369208-8179100cc99a.json was not found.
[2024-02-28T13:17:38.298+0000] {taskinstance.py:1138} INFO - Marking task as UP_FOR_RETRY. dag_id=gcs_snowflake_etl, task_id=transform_data, execution_date=20240227T000000, start_date=20240228T131737, end_date=20240228T131738
[2024-02-28T13:17:38.317+0000] {standard_task_runner.py:107} ERROR - Failed to execute job 101 for task transform_data (File .\GCS_to_Snowflake_WithAirflow\credentials\r2de-workshop-369208-8179100cc99a.json was not found.; 74)
[2024-02-28T13:17:38.333+0000] {local_task_job_runner.py:234} INFO - Task exited with return code 1
[2024-02-28T13:17:38.372+0000] {taskinstance.py:3280} INFO - 0 downstream tasks scheduled from follow-on schedule check
[2024-02-28T14:16:05.003+0000] {taskinstance.py:1956} INFO - Dependencies all met for dep_context=non-requeueable deps ti=<TaskInstance: gcs_snowflake_etl.transform_data scheduled__2024-02-27T00:00:00+00:00 [queued]>
[2024-02-28T14:16:05.033+0000] {taskinstance.py:1956} INFO - Dependencies all met for dep_context=requeueable deps ti=<TaskInstance: gcs_snowflake_etl.transform_data scheduled__2024-02-27T00:00:00+00:00 [queued]>
[2024-02-28T14:16:05.034+0000] {taskinstance.py:2170} INFO - Starting attempt 2 of 3
[2024-02-28T14:16:05.068+0000] {taskinstance.py:2191} INFO - Executing <Task(PythonOperator): transform_data> on 2024-02-27 00:00:00+00:00
[2024-02-28T14:16:05.078+0000] {standard_task_runner.py:60} INFO - Started process 109 to run task
[2024-02-28T14:16:05.087+0000] {standard_task_runner.py:87} INFO - Running: ['***', 'tasks', 'run', 'gcs_snowflake_etl', 'transform_data', 'scheduled__2024-02-27T00:00:00+00:00', '--job-id', '211', '--raw', '--subdir', 'DAGS_FOLDER/GCS_to_Snowflake_DAG.py', '--cfg-path', '/tmp/tmpmxalci6p']
[2024-02-28T14:16:05.096+0000] {standard_task_runner.py:88} INFO - Job 211: Subtask transform_data
[2024-02-28T14:16:05.203+0000] {task_command.py:423} INFO - Running <TaskInstance: gcs_snowflake_etl.transform_data scheduled__2024-02-27T00:00:00+00:00 [running]> on host 1753c686362f
[2024-02-28T14:16:05.340+0000] {taskinstance.py:2480} INFO - Exporting env vars: AIRFLOW_CTX_DAG_OWNER='stellar' AIRFLOW_CTX_DAG_ID='gcs_snowflake_etl' AIRFLOW_CTX_TASK_ID='transform_data' AIRFLOW_CTX_EXECUTION_DATE='2024-02-27T00:00:00+00:00' AIRFLOW_CTX_TRY_NUMBER='2' AIRFLOW_CTX_DAG_RUN_ID='scheduled__2024-02-27T00:00:00+00:00'
[2024-02-28T14:16:06.193+0000] {taskinstance.py:2698} ERROR - Task failed with exception
Traceback (most recent call last):
  File "/home/airflow/.local/lib/python3.8/site-packages/airflow/models/taskinstance.py", line 433, in _execute_task
    result = execute_callable(context=context, **execute_callable_kwargs)
  File "/home/airflow/.local/lib/python3.8/site-packages/airflow/operators/python.py", line 199, in execute
    return_value = self.execute_callable()
  File "/home/airflow/.local/lib/python3.8/site-packages/airflow/operators/python.py", line 216, in execute_callable
    return self.python_callable(*self.op_args, **self.op_kwargs)
  File "/opt/airflow/dags/GCS_to_Snowflake_DAG.py", line 41, in transform_data
    df.drop(columns=["Unnamed: 0"], inplace=True)
  File "/home/airflow/.local/lib/python3.8/site-packages/pandas/core/frame.py", line 5258, in drop
    return super().drop(
  File "/home/airflow/.local/lib/python3.8/site-packages/pandas/core/generic.py", line 4549, in drop
    obj = obj._drop_axis(labels, axis, level=level, errors=errors)
  File "/home/airflow/.local/lib/python3.8/site-packages/pandas/core/generic.py", line 4591, in _drop_axis
    new_axis = axis.drop(labels, errors=errors)
  File "/home/airflow/.local/lib/python3.8/site-packages/pandas/core/indexes/base.py", line 6699, in drop
    raise KeyError(f"{list(labels[mask])} not found in axis")
KeyError: "['Unnamed: 0'] not found in axis"
[2024-02-28T14:16:06.234+0000] {taskinstance.py:1138} INFO - Marking task as UP_FOR_RETRY. dag_id=gcs_snowflake_etl, task_id=transform_data, execution_date=20240227T000000, start_date=20240228T141605, end_date=20240228T141606
[2024-02-28T14:16:06.273+0000] {standard_task_runner.py:107} ERROR - Failed to execute job 211 for task transform_data ("['Unnamed: 0'] not found in axis"; 109)
[2024-02-28T14:16:06.319+0000] {local_task_job_runner.py:234} INFO - Task exited with return code 1
[2024-02-28T14:16:06.422+0000] {taskinstance.py:3280} INFO - 0 downstream tasks scheduled from follow-on schedule check
