[2024-02-28T12:25:00.554+0000] {taskinstance.py:1956} INFO - Dependencies all met for dep_context=non-requeueable deps ti=<TaskInstance: gcs_snowflake_etl.transform_data scheduled__2024-02-27T00:00:00+00:00 [queued]>
[2024-02-28T12:25:00.569+0000] {taskinstance.py:1956} INFO - Dependencies all met for dep_context=requeueable deps ti=<TaskInstance: gcs_snowflake_etl.transform_data scheduled__2024-02-27T00:00:00+00:00 [queued]>
[2024-02-28T12:25:00.570+0000] {taskinstance.py:2170} INFO - Starting attempt 6 of 8
[2024-02-28T12:25:00.590+0000] {taskinstance.py:2191} INFO - Executing <Task(PythonOperator): transform_data> on 2024-02-27 00:00:00+00:00
[2024-02-28T12:25:00.596+0000] {standard_task_runner.py:60} INFO - Started process 67 to run task
[2024-02-28T12:25:00.601+0000] {standard_task_runner.py:87} INFO - Running: ['***', 'tasks', 'run', 'gcs_snowflake_etl', 'transform_data', 'scheduled__2024-02-27T00:00:00+00:00', '--job-id', '30', '--raw', '--subdir', 'DAGS_FOLDER/GCS_to_Snowflake_DAG.py', '--cfg-path', '/tmp/tmpzpess8pq']
[2024-02-28T12:25:00.606+0000] {standard_task_runner.py:88} INFO - Job 30: Subtask transform_data
[2024-02-28T12:25:00.703+0000] {task_command.py:423} INFO - Running <TaskInstance: gcs_snowflake_etl.transform_data scheduled__2024-02-27T00:00:00+00:00 [running]> on host b9a0bf70b495
[2024-02-28T12:25:00.856+0000] {taskinstance.py:2480} INFO - Exporting env vars: AIRFLOW_CTX_DAG_OWNER='stellar' AIRFLOW_CTX_DAG_ID='gcs_snowflake_etl' AIRFLOW_CTX_TASK_ID='transform_data' AIRFLOW_CTX_EXECUTION_DATE='2024-02-27T00:00:00+00:00' AIRFLOW_CTX_TRY_NUMBER='6' AIRFLOW_CTX_DAG_RUN_ID='scheduled__2024-02-27T00:00:00+00:00'
[2024-02-28T12:25:00.861+0000] {taskinstance.py:2698} ERROR - Task failed with exception
Traceback (most recent call last):
  File "/home/airflow/.local/lib/python3.8/site-packages/airflow/models/taskinstance.py", line 433, in _execute_task
    result = execute_callable(context=context, **execute_callable_kwargs)
  File "/home/airflow/.local/lib/python3.8/site-packages/airflow/operators/python.py", line 199, in execute
    return_value = self.execute_callable()
  File "/home/airflow/.local/lib/python3.8/site-packages/airflow/operators/python.py", line 216, in execute_callable
    return self.python_callable(*self.op_args, **self.op_kwargs)
  File "/opt/airflow/dags/GCS_to_Snowflake_DAG.py", line 36, in transform_data
    storage_client = storage.Client()
  File "/home/airflow/.local/lib/python3.8/site-packages/google/cloud/storage/client.py", line 172, in __init__
    super(Client, self).__init__(
  File "/home/airflow/.local/lib/python3.8/site-packages/google/cloud/client/__init__.py", line 320, in __init__
    _ClientProjectMixin.__init__(self, project=project, credentials=credentials)
  File "/home/airflow/.local/lib/python3.8/site-packages/google/cloud/client/__init__.py", line 268, in __init__
    project = self._determine_default(project)
  File "/home/airflow/.local/lib/python3.8/site-packages/google/cloud/client/__init__.py", line 287, in _determine_default
    return _determine_default_project(project)
  File "/home/airflow/.local/lib/python3.8/site-packages/google/cloud/_helpers/__init__.py", line 152, in _determine_default_project
    _, project = google.auth.default()
  File "/home/airflow/.local/lib/python3.8/site-packages/google/auth/_default.py", line 657, in default
    credentials, project_id = checker()
  File "/home/airflow/.local/lib/python3.8/site-packages/google/auth/_default.py", line 650, in <lambda>
    lambda: _get_explicit_environ_credentials(quota_project_id=quota_project_id),
  File "/home/airflow/.local/lib/python3.8/site-packages/google/auth/_default.py", line 270, in _get_explicit_environ_credentials
    credentials, project_id = load_credentials_from_file(
  File "/home/airflow/.local/lib/python3.8/site-packages/google/auth/_default.py", line 114, in load_credentials_from_file
    raise exceptions.DefaultCredentialsError(
google.auth.exceptions.DefaultCredentialsError: File ./credentials/r2de-workshop-369208-8179100cc99a.json was not found.
[2024-02-28T12:25:00.880+0000] {taskinstance.py:1138} INFO - Marking task as UP_FOR_RETRY. dag_id=gcs_snowflake_etl, task_id=transform_data, execution_date=20240227T000000, start_date=20240228T122500, end_date=20240228T122500
[2024-02-28T12:25:00.897+0000] {standard_task_runner.py:107} ERROR - Failed to execute job 30 for task transform_data (File ./credentials/r2de-workshop-369208-8179100cc99a.json was not found.; 67)
[2024-02-28T12:25:00.935+0000] {local_task_job_runner.py:234} INFO - Task exited with return code 1
[2024-02-28T12:25:00.973+0000] {taskinstance.py:3280} INFO - 0 downstream tasks scheduled from follow-on schedule check
[2024-02-28T12:57:49.803+0000] {taskinstance.py:1956} INFO - Dependencies all met for dep_context=non-requeueable deps ti=<TaskInstance: gcs_snowflake_etl.transform_data scheduled__2024-02-27T00:00:00+00:00 [queued]>
[2024-02-28T12:57:49.819+0000] {taskinstance.py:1956} INFO - Dependencies all met for dep_context=requeueable deps ti=<TaskInstance: gcs_snowflake_etl.transform_data scheduled__2024-02-27T00:00:00+00:00 [queued]>
[2024-02-28T12:57:49.820+0000] {taskinstance.py:2170} INFO - Starting attempt 6 of 8
[2024-02-28T12:57:49.841+0000] {taskinstance.py:2191} INFO - Executing <Task(PythonOperator): transform_data> on 2024-02-27 00:00:00+00:00
[2024-02-28T12:57:49.848+0000] {standard_task_runner.py:60} INFO - Started process 83 to run task
[2024-02-28T12:57:49.853+0000] {standard_task_runner.py:87} INFO - Running: ['***', 'tasks', 'run', 'gcs_snowflake_etl', 'transform_data', 'scheduled__2024-02-27T00:00:00+00:00', '--job-id', '59', '--raw', '--subdir', 'DAGS_FOLDER/GCS_to_Snowflake_DAG.py', '--cfg-path', '/tmp/tmp23c9cgj7']
[2024-02-28T12:57:49.857+0000] {standard_task_runner.py:88} INFO - Job 59: Subtask transform_data
[2024-02-28T12:57:49.934+0000] {task_command.py:423} INFO - Running <TaskInstance: gcs_snowflake_etl.transform_data scheduled__2024-02-27T00:00:00+00:00 [running]> on host b9a0bf70b495
[2024-02-28T12:57:50.044+0000] {taskinstance.py:2480} INFO - Exporting env vars: AIRFLOW_CTX_DAG_OWNER='stellar' AIRFLOW_CTX_DAG_ID='gcs_snowflake_etl' AIRFLOW_CTX_TASK_ID='transform_data' AIRFLOW_CTX_EXECUTION_DATE='2024-02-27T00:00:00+00:00' AIRFLOW_CTX_TRY_NUMBER='6' AIRFLOW_CTX_DAG_RUN_ID='scheduled__2024-02-27T00:00:00+00:00'
[2024-02-28T12:57:50.047+0000] {taskinstance.py:2698} ERROR - Task failed with exception
Traceback (most recent call last):
  File "/home/airflow/.local/lib/python3.8/site-packages/airflow/models/taskinstance.py", line 433, in _execute_task
    result = execute_callable(context=context, **execute_callable_kwargs)
  File "/home/airflow/.local/lib/python3.8/site-packages/airflow/operators/python.py", line 199, in execute
    return_value = self.execute_callable()
  File "/home/airflow/.local/lib/python3.8/site-packages/airflow/operators/python.py", line 216, in execute_callable
    return self.python_callable(*self.op_args, **self.op_kwargs)
  File "/opt/airflow/dags/GCS_to_Snowflake_DAG.py", line 36, in transform_data
    storage_client = storage.Client()
  File "/home/airflow/.local/lib/python3.8/site-packages/google/cloud/storage/client.py", line 172, in __init__
    super(Client, self).__init__(
  File "/home/airflow/.local/lib/python3.8/site-packages/google/cloud/client/__init__.py", line 320, in __init__
    _ClientProjectMixin.__init__(self, project=project, credentials=credentials)
  File "/home/airflow/.local/lib/python3.8/site-packages/google/cloud/client/__init__.py", line 268, in __init__
    project = self._determine_default(project)
  File "/home/airflow/.local/lib/python3.8/site-packages/google/cloud/client/__init__.py", line 287, in _determine_default
    return _determine_default_project(project)
  File "/home/airflow/.local/lib/python3.8/site-packages/google/cloud/_helpers/__init__.py", line 152, in _determine_default_project
    _, project = google.auth.default()
  File "/home/airflow/.local/lib/python3.8/site-packages/google/auth/_default.py", line 657, in default
    credentials, project_id = checker()
  File "/home/airflow/.local/lib/python3.8/site-packages/google/auth/_default.py", line 650, in <lambda>
    lambda: _get_explicit_environ_credentials(quota_project_id=quota_project_id),
  File "/home/airflow/.local/lib/python3.8/site-packages/google/auth/_default.py", line 270, in _get_explicit_environ_credentials
    credentials, project_id = load_credentials_from_file(
  File "/home/airflow/.local/lib/python3.8/site-packages/google/auth/_default.py", line 114, in load_credentials_from_file
    raise exceptions.DefaultCredentialsError(
google.auth.exceptions.DefaultCredentialsError: File D:\GCS_to_Snowflake_WithAirflow\r2de-workshop-369208-8179100cc99a.json was not found.
[2024-02-28T12:57:50.066+0000] {taskinstance.py:1138} INFO - Marking task as UP_FOR_RETRY. dag_id=gcs_snowflake_etl, task_id=transform_data, execution_date=20240227T000000, start_date=20240228T125749, end_date=20240228T125750
[2024-02-28T12:57:50.110+0000] {standard_task_runner.py:107} ERROR - Failed to execute job 59 for task transform_data (File D:\GCS_to_Snowflake_WithAirflow\r2de-workshop-369208-8179100cc99a.json was not found.; 83)
[2024-02-28T12:57:50.147+0000] {local_task_job_runner.py:234} INFO - Task exited with return code 1
[2024-02-28T12:57:50.185+0000] {taskinstance.py:3280} INFO - 0 downstream tasks scheduled from follow-on schedule check
[2024-02-28T13:23:15.230+0000] {taskinstance.py:1956} INFO - Dependencies all met for dep_context=non-requeueable deps ti=<TaskInstance: gcs_snowflake_etl.transform_data scheduled__2024-02-27T00:00:00+00:00 [queued]>
[2024-02-28T13:23:15.256+0000] {taskinstance.py:1956} INFO - Dependencies all met for dep_context=requeueable deps ti=<TaskInstance: gcs_snowflake_etl.transform_data scheduled__2024-02-27T00:00:00+00:00 [queued]>
[2024-02-28T13:23:15.257+0000] {taskinstance.py:2170} INFO - Starting attempt 6 of 7
[2024-02-28T13:23:15.310+0000] {taskinstance.py:2191} INFO - Executing <Task(PythonOperator): transform_data> on 2024-02-27 00:00:00+00:00
[2024-02-28T13:23:15.319+0000] {standard_task_runner.py:60} INFO - Started process 65 to run task
[2024-02-28T13:23:15.326+0000] {standard_task_runner.py:87} INFO - Running: ['***', 'tasks', 'run', 'gcs_snowflake_etl', 'transform_data', 'scheduled__2024-02-27T00:00:00+00:00', '--job-id', '115', '--raw', '--subdir', 'DAGS_FOLDER/GCS_to_Snowflake_DAG.py', '--cfg-path', '/tmp/tmp0kff2i7d']
[2024-02-28T13:23:15.331+0000] {standard_task_runner.py:88} INFO - Job 115: Subtask transform_data
[2024-02-28T13:23:15.411+0000] {task_command.py:423} INFO - Running <TaskInstance: gcs_snowflake_etl.transform_data scheduled__2024-02-27T00:00:00+00:00 [running]> on host b9a0bf70b495
[2024-02-28T13:23:15.567+0000] {taskinstance.py:2480} INFO - Exporting env vars: AIRFLOW_CTX_DAG_OWNER='stellar' AIRFLOW_CTX_DAG_ID='gcs_snowflake_etl' AIRFLOW_CTX_TASK_ID='transform_data' AIRFLOW_CTX_EXECUTION_DATE='2024-02-27T00:00:00+00:00' AIRFLOW_CTX_TRY_NUMBER='6' AIRFLOW_CTX_DAG_RUN_ID='scheduled__2024-02-27T00:00:00+00:00'
[2024-02-28T13:23:15.571+0000] {taskinstance.py:2698} ERROR - Task failed with exception
Traceback (most recent call last):
  File "/home/airflow/.local/lib/python3.8/site-packages/airflow/models/taskinstance.py", line 433, in _execute_task
    result = execute_callable(context=context, **execute_callable_kwargs)
  File "/home/airflow/.local/lib/python3.8/site-packages/airflow/operators/python.py", line 199, in execute
    return_value = self.execute_callable()
  File "/home/airflow/.local/lib/python3.8/site-packages/airflow/operators/python.py", line 216, in execute_callable
    return self.python_callable(*self.op_args, **self.op_kwargs)
  File "/opt/airflow/dags/GCS_to_Snowflake_DAG.py", line 32, in transform_data
    storage_client = storage.Client()
  File "/home/airflow/.local/lib/python3.8/site-packages/google/cloud/storage/client.py", line 172, in __init__
    super(Client, self).__init__(
  File "/home/airflow/.local/lib/python3.8/site-packages/google/cloud/client/__init__.py", line 320, in __init__
    _ClientProjectMixin.__init__(self, project=project, credentials=credentials)
  File "/home/airflow/.local/lib/python3.8/site-packages/google/cloud/client/__init__.py", line 268, in __init__
    project = self._determine_default(project)
  File "/home/airflow/.local/lib/python3.8/site-packages/google/cloud/client/__init__.py", line 287, in _determine_default
    return _determine_default_project(project)
  File "/home/airflow/.local/lib/python3.8/site-packages/google/cloud/_helpers/__init__.py", line 152, in _determine_default_project
    _, project = google.auth.default()
  File "/home/airflow/.local/lib/python3.8/site-packages/google/auth/_default.py", line 657, in default
    credentials, project_id = checker()
  File "/home/airflow/.local/lib/python3.8/site-packages/google/auth/_default.py", line 650, in <lambda>
    lambda: _get_explicit_environ_credentials(quota_project_id=quota_project_id),
  File "/home/airflow/.local/lib/python3.8/site-packages/google/auth/_default.py", line 270, in _get_explicit_environ_credentials
    credentials, project_id = load_credentials_from_file(
  File "/home/airflow/.local/lib/python3.8/site-packages/google/auth/_default.py", line 114, in load_credentials_from_file
    raise exceptions.DefaultCredentialsError(
google.auth.exceptions.DefaultCredentialsError: File ./GCS_to_Snowflake_WithAirflow/credentials/r2de-workshop-369208-8179100cc99a.json was not found.
[2024-02-28T13:23:15.589+0000] {taskinstance.py:1138} INFO - Marking task as UP_FOR_RETRY. dag_id=gcs_snowflake_etl, task_id=transform_data, execution_date=20240227T000000, start_date=20240228T132315, end_date=20240228T132315
[2024-02-28T13:23:15.611+0000] {standard_task_runner.py:107} ERROR - Failed to execute job 115 for task transform_data (File ./GCS_to_Snowflake_WithAirflow/credentials/r2de-workshop-369208-8179100cc99a.json was not found.; 65)
[2024-02-28T13:23:15.658+0000] {local_task_job_runner.py:234} INFO - Task exited with return code 1
[2024-02-28T13:23:15.697+0000] {taskinstance.py:3280} INFO - 0 downstream tasks scheduled from follow-on schedule check
