[2024-02-29T19:39:44.913+0000] {taskinstance.py:1956} INFO - Dependencies all met for dep_context=non-requeueable deps ti=<TaskInstance: gcs_snowflake_etl.create_snowflake_external_stage scheduled__2024-02-28T00:00:00+00:00 [queued]>
[2024-02-29T19:39:44.947+0000] {taskinstance.py:1956} INFO - Dependencies all met for dep_context=requeueable deps ti=<TaskInstance: gcs_snowflake_etl.create_snowflake_external_stage scheduled__2024-02-28T00:00:00+00:00 [queued]>
[2024-02-29T19:39:44.949+0000] {taskinstance.py:2170} INFO - Starting attempt 1 of 3
[2024-02-29T19:39:44.989+0000] {taskinstance.py:2191} INFO - Executing <Task(SnowflakeOperator): create_snowflake_external_stage> on 2024-02-28 00:00:00+00:00
[2024-02-29T19:39:44.997+0000] {standard_task_runner.py:60} INFO - Started process 72 to run task
[2024-02-29T19:39:45.007+0000] {standard_task_runner.py:87} INFO - Running: ['***', 'tasks', 'run', 'gcs_snowflake_etl', 'create_snowflake_external_stage', 'scheduled__2024-02-28T00:00:00+00:00', '--job-id', '35', '--raw', '--subdir', 'DAGS_FOLDER/GCS_to_Snowflake_DAG.py', '--cfg-path', '/tmp/tmprv5c5jqa']
[2024-02-29T19:39:45.012+0000] {standard_task_runner.py:88} INFO - Job 35: Subtask create_snowflake_external_stage
[2024-02-29T19:39:45.126+0000] {task_command.py:423} INFO - Running <TaskInstance: gcs_snowflake_etl.create_snowflake_external_stage scheduled__2024-02-28T00:00:00+00:00 [running]> on host 14357164fa05
[2024-02-29T19:39:45.297+0000] {taskinstance.py:2480} INFO - Exporting env vars: AIRFLOW_CTX_DAG_OWNER='stellar' AIRFLOW_CTX_DAG_ID='gcs_snowflake_etl' AIRFLOW_CTX_TASK_ID='create_snowflake_external_stage' AIRFLOW_CTX_EXECUTION_DATE='2024-02-28T00:00:00+00:00' AIRFLOW_CTX_TRY_NUMBER='1' AIRFLOW_CTX_DAG_RUN_ID='scheduled__2024-02-28T00:00:00+00:00'
[2024-02-29T19:39:45.299+0000] {sql.py:276} INFO - Executing: 
                CREATE STORAGE INTEGRATION GCS_Stage
                    TYPE = EXTERNAL_STAGE
                    STORAGE_PROVIDER = GCS
                    ENABLED = TRUE
                    STORAGE_ALLOWED_LOCATIONS  = ('gcs://stock_market_us/transform/Transform-Data-US-Stock-Market-2020-to-2024.csv');
                                    
        
[2024-02-29T19:39:45.316+0000] {base.py:83} INFO - Using connection ID 'conn_id_snowflake' for task execution.
[2024-02-29T19:39:45.333+0000] {base.py:83} INFO - Using connection ID 'conn_id_snowflake' for task execution.
[2024-02-29T19:39:45.334+0000] {connection.py:370} INFO - Snowflake Connector for Python Version: 3.6.0, Python Version: 3.8.18, Platform: Linux-5.15.133.1-microsoft-standard-WSL2-x86_64-with-glibc2.34
[2024-02-29T19:39:45.338+0000] {connection.py:1171} INFO - This connection is in OCSP Fail Open Mode. TLS Certificates would be checked for validity and revocation status. Any other Certificate Revocation related exceptions or OCSP Responder failures would be disregarded in favor of connectivity.
[2024-02-29T19:39:45.816+0000] {cursor.py:1028} INFO - query: [ALTER SESSION SET autocommit=False]
[2024-02-29T19:39:45.899+0000] {cursor.py:1041} INFO - query execution done
[2024-02-29T19:39:45.900+0000] {cursor.py:1205} INFO - Number of results in first chunk: 1
[2024-02-29T19:39:45.901+0000] {sql.py:450} INFO - Running statement: CREATE STORAGE INTEGRATION GCS_Stage
                    TYPE = EXTERNAL_STAGE
                    STORAGE_PROVIDER = GCS
                    ENABLED = TRUE
                    STORAGE_ALLOWED_LOCATIONS  = ('gcs://stock_market_us/transform/Transform-Data-US-Stock-Market-2020-to-2024.csv');, parameters: None
[2024-02-29T19:39:45.903+0000] {cursor.py:1028} INFO - query: [CREATE STORAGE INTEGRATION GCS_Stage TYPE = EXTERNAL_STAGE STORAGE_PROVIDER = GC...]
[2024-02-29T19:39:46.038+0000] {cursor.py:1041} INFO - query execution done
[2024-02-29T19:39:46.041+0000] {cursor.py:1205} INFO - Number of results in first chunk: 1
[2024-02-29T19:39:46.042+0000] {sql.py:459} INFO - Rows affected: 1
[2024-02-29T19:39:46.043+0000] {snowflake.py:400} INFO - Rows affected: 1
[2024-02-29T19:39:46.044+0000] {snowflake.py:401} INFO - Snowflake query id: 01b2ae5b-3201-024f-0000-000805cea0f1
[2024-02-29T19:39:46.045+0000] {cursor.py:1028} INFO - query: [COMMIT]
[2024-02-29T19:39:46.115+0000] {cursor.py:1041} INFO - query execution done
[2024-02-29T19:39:46.116+0000] {cursor.py:1205} INFO - Number of results in first chunk: 1
[2024-02-29T19:39:46.117+0000] {connection.py:718} INFO - closed
[2024-02-29T19:39:46.174+0000] {connection.py:724} INFO - No async queries seem to be running, deleting session
[2024-02-29T19:39:46.308+0000] {taskinstance.py:1138} INFO - Marking task as SUCCESS. dag_id=gcs_snowflake_etl, task_id=create_snowflake_external_stage, execution_date=20240228T000000, start_date=20240229T193944, end_date=20240229T193946
[2024-02-29T19:39:46.388+0000] {local_task_job_runner.py:234} INFO - Task exited with return code 0
[2024-02-29T19:39:46.456+0000] {taskinstance.py:3280} INFO - 1 downstream tasks scheduled from follow-on schedule check
