[2024-02-07T06:25:46.653+0000] {taskinstance.py:1956} INFO - Dependencies all met for dep_context=non-requeueable deps ti=<TaskInstance: s3_snowflake_etl.file_in_s3_available scheduled__2024-02-06T00:00:00+00:00 [queued]>
[2024-02-07T06:25:46.664+0000] {taskinstance.py:1956} INFO - Dependencies all met for dep_context=requeueable deps ti=<TaskInstance: s3_snowflake_etl.file_in_s3_available scheduled__2024-02-06T00:00:00+00:00 [queued]>
[2024-02-07T06:25:46.665+0000] {taskinstance.py:2170} INFO - Starting attempt 2 of 3
[2024-02-07T06:25:46.683+0000] {taskinstance.py:2191} INFO - Executing <Task(S3KeySensor): file_in_s3_available> on 2024-02-06 00:00:00+00:00
[2024-02-07T06:25:46.689+0000] {standard_task_runner.py:60} INFO - Started process 53 to run task
[2024-02-07T06:25:46.694+0000] {standard_task_runner.py:87} INFO - Running: ['***', 'tasks', 'run', 's3_snowflake_etl', 'file_in_s3_available', 'scheduled__2024-02-06T00:00:00+00:00', '--job-id', '224', '--raw', '--subdir', 'DAGS_FOLDER/S3_to_Snowflake_DAG.py', '--cfg-path', '/tmp/tmpnyu1r4qg']
[2024-02-07T06:25:46.699+0000] {standard_task_runner.py:88} INFO - Job 224: Subtask file_in_s3_available
[2024-02-07T06:25:46.790+0000] {task_command.py:423} INFO - Running <TaskInstance: s3_snowflake_etl.file_in_s3_available scheduled__2024-02-06T00:00:00+00:00 [running]> on host 8e34a331e30d
[2024-02-07T06:25:46.931+0000] {taskinstance.py:2480} INFO - Exporting env vars: AIRFLOW_CTX_DAG_OWNER='stellar' AIRFLOW_CTX_DAG_ID='s3_snowflake_etl' AIRFLOW_CTX_TASK_ID='file_in_s3_available' AIRFLOW_CTX_EXECUTION_DATE='2024-02-06T00:00:00+00:00' AIRFLOW_CTX_TRY_NUMBER='2' AIRFLOW_CTX_DAG_RUN_ID='scheduled__2024-02-06T00:00:00+00:00'
[2024-02-07T06:25:46.935+0000] {s3.py:106} INFO - Poking for key : s3://***-snow/data/UK_Lunar_Data.csv
[2024-02-07T06:25:46.950+0000] {base.py:83} INFO - Using connection ID 'aws_s3_conn' for task execution.
[2024-02-07T06:25:46.951+0000] {connection_wrapper.py:378} INFO - AWS Connection (conn_id='aws_s3_conn', conn_type='aws') credentials retrieved from login and password.
[2024-02-07T06:25:49.404+0000] {taskinstance.py:2698} ERROR - Task failed with exception
Traceback (most recent call last):
  File "/home/airflow/.local/lib/python3.8/site-packages/airflow/models/taskinstance.py", line 433, in _execute_task
    result = execute_callable(context=context, **execute_callable_kwargs)
  File "/home/airflow/.local/lib/python3.8/site-packages/airflow/providers/amazon/aws/sensors/s3.py", line 144, in execute
    super().execute(context)
  File "/home/airflow/.local/lib/python3.8/site-packages/airflow/sensors/base.py", line 265, in execute
    raise e
  File "/home/airflow/.local/lib/python3.8/site-packages/airflow/sensors/base.py", line 247, in execute
    poke_return = self.poke(context)
  File "/home/airflow/.local/lib/python3.8/site-packages/airflow/providers/amazon/aws/sensors/s3.py", line 137, in poke
    return self._check_key(self.bucket_key)
  File "/home/airflow/.local/lib/python3.8/site-packages/airflow/providers/amazon/aws/sensors/s3.py", line 125, in _check_key
    obj = self.hook.head_object(key, bucket_name)
  File "/home/airflow/.local/lib/python3.8/site-packages/airflow/providers/amazon/aws/hooks/s3.py", line 137, in wrapper
    return func(*bound_args.args, **bound_args.kwargs)
  File "/home/airflow/.local/lib/python3.8/site-packages/airflow/providers/amazon/aws/hooks/s3.py", line 91, in wrapper
    return func(*bound_args.args, **bound_args.kwargs)
  File "/home/airflow/.local/lib/python3.8/site-packages/airflow/providers/amazon/aws/hooks/s3.py", line 892, in head_object
    raise e
  File "/home/airflow/.local/lib/python3.8/site-packages/airflow/providers/amazon/aws/hooks/s3.py", line 887, in head_object
    return self.get_conn().head_object(Bucket=bucket_name, Key=key)
  File "/home/airflow/.local/lib/python3.8/site-packages/botocore/client.py", line 553, in _api_call
    return self._make_api_call(operation_name, kwargs)
  File "/home/airflow/.local/lib/python3.8/site-packages/botocore/client.py", line 1009, in _make_api_call
    raise error_class(parsed_response, operation_name)
botocore.exceptions.ClientError: An error occurred (403) when calling the HeadObject operation: Forbidden
[2024-02-07T06:25:49.420+0000] {taskinstance.py:1138} INFO - Marking task as UP_FOR_RETRY. dag_id=s3_snowflake_etl, task_id=file_in_s3_available, execution_date=20240206T000000, start_date=20240207T062546, end_date=20240207T062549
[2024-02-07T06:25:49.442+0000] {standard_task_runner.py:107} ERROR - Failed to execute job 224 for task file_in_s3_available (An error occurred (403) when calling the HeadObject operation: Forbidden; 53)
[2024-02-07T06:25:49.484+0000] {local_task_job_runner.py:234} INFO - Task exited with return code 1
[2024-02-07T06:25:49.517+0000] {taskinstance.py:3280} INFO - 0 downstream tasks scheduled from follow-on schedule check
