[2024-02-27T21:27:21.454+0000] {processor.py:161} INFO - Started process (PID=40) to work on /opt/airflow/dags/GCS_to_Snowflake_DAG.py
[2024-02-27T21:27:21.469+0000] {processor.py:830} INFO - Processing file /opt/airflow/dags/GCS_to_Snowflake_DAG.py for tasks to queue
[2024-02-27T21:27:21.487+0000] {logging_mixin.py:188} INFO - [2024-02-27T21:27:21.473+0000] {dagbag.py:538} INFO - Filling up the DagBag from /opt/airflow/dags/GCS_to_Snowflake_DAG.py
[2024-02-27T21:27:28.974+0000] {logging_mixin.py:188} INFO - [2024-02-27T21:27:28.967+0000] {dagbag.py:348} ERROR - Failed to import: /opt/airflow/dags/GCS_to_Snowflake_DAG.py
Traceback (most recent call last):
  File "/home/airflow/.local/lib/python3.8/site-packages/airflow/models/dagbag.py", line 344, in parse
    loader.exec_module(new_module)
  File "<frozen importlib._bootstrap_external>", line 843, in exec_module
  File "<frozen importlib._bootstrap>", line 219, in _call_with_frames_removed
  File "/opt/airflow/dags/GCS_to_Snowflake_DAG.py", line 120, in <module>
    t1 >> t2 >> t3 >> t4
NameError: name 't3' is not defined
[2024-02-27T21:27:28.978+0000] {processor.py:842} WARNING - No viable dags retrieved from /opt/airflow/dags/GCS_to_Snowflake_DAG.py
[2024-02-27T21:27:29.021+0000] {processor.py:183} INFO - Processing /opt/airflow/dags/GCS_to_Snowflake_DAG.py took 7.584 seconds
[2024-02-27T21:27:59.312+0000] {processor.py:161} INFO - Started process (PID=48) to work on /opt/airflow/dags/GCS_to_Snowflake_DAG.py
[2024-02-27T21:27:59.314+0000] {processor.py:830} INFO - Processing file /opt/airflow/dags/GCS_to_Snowflake_DAG.py for tasks to queue
[2024-02-27T21:27:59.318+0000] {logging_mixin.py:188} INFO - [2024-02-27T21:27:59.317+0000] {dagbag.py:538} INFO - Filling up the DagBag from /opt/airflow/dags/GCS_to_Snowflake_DAG.py
[2024-02-27T21:28:00.682+0000] {logging_mixin.py:188} INFO - [2024-02-27T21:28:00.678+0000] {dagbag.py:348} ERROR - Failed to import: /opt/airflow/dags/GCS_to_Snowflake_DAG.py
Traceback (most recent call last):
  File "/home/airflow/.local/lib/python3.8/site-packages/airflow/models/dagbag.py", line 344, in parse
    loader.exec_module(new_module)
  File "<frozen importlib._bootstrap_external>", line 843, in exec_module
  File "<frozen importlib._bootstrap>", line 219, in _call_with_frames_removed
  File "/opt/airflow/dags/GCS_to_Snowflake_DAG.py", line 120, in <module>
    t1 >> t2 >> t3 >> t4
NameError: name 't3' is not defined
[2024-02-27T21:28:00.684+0000] {processor.py:842} WARNING - No viable dags retrieved from /opt/airflow/dags/GCS_to_Snowflake_DAG.py
[2024-02-27T21:28:00.717+0000] {processor.py:183} INFO - Processing /opt/airflow/dags/GCS_to_Snowflake_DAG.py took 1.411 seconds
[2024-02-27T21:28:30.975+0000] {processor.py:161} INFO - Started process (PID=56) to work on /opt/airflow/dags/GCS_to_Snowflake_DAG.py
[2024-02-27T21:28:30.977+0000] {processor.py:830} INFO - Processing file /opt/airflow/dags/GCS_to_Snowflake_DAG.py for tasks to queue
[2024-02-27T21:28:30.980+0000] {logging_mixin.py:188} INFO - [2024-02-27T21:28:30.980+0000] {dagbag.py:538} INFO - Filling up the DagBag from /opt/airflow/dags/GCS_to_Snowflake_DAG.py
[2024-02-27T21:28:33.131+0000] {logging_mixin.py:188} INFO - [2024-02-27T21:28:33.121+0000] {dagbag.py:348} ERROR - Failed to import: /opt/airflow/dags/GCS_to_Snowflake_DAG.py
Traceback (most recent call last):
  File "/home/airflow/.local/lib/python3.8/site-packages/airflow/models/dagbag.py", line 344, in parse
    loader.exec_module(new_module)
  File "<frozen importlib._bootstrap_external>", line 843, in exec_module
  File "<frozen importlib._bootstrap>", line 219, in _call_with_frames_removed
  File "/opt/airflow/dags/GCS_to_Snowflake_DAG.py", line 120, in <module>
    t1 >> t2 >> t3 >> t4
NameError: name 't3' is not defined
[2024-02-27T21:28:33.134+0000] {processor.py:842} WARNING - No viable dags retrieved from /opt/airflow/dags/GCS_to_Snowflake_DAG.py
[2024-02-27T21:28:33.179+0000] {processor.py:183} INFO - Processing /opt/airflow/dags/GCS_to_Snowflake_DAG.py took 2.211 seconds
[2024-02-27T21:29:03.331+0000] {processor.py:161} INFO - Started process (PID=64) to work on /opt/airflow/dags/GCS_to_Snowflake_DAG.py
[2024-02-27T21:29:03.335+0000] {processor.py:830} INFO - Processing file /opt/airflow/dags/GCS_to_Snowflake_DAG.py for tasks to queue
[2024-02-27T21:29:03.343+0000] {logging_mixin.py:188} INFO - [2024-02-27T21:29:03.341+0000] {dagbag.py:538} INFO - Filling up the DagBag from /opt/airflow/dags/GCS_to_Snowflake_DAG.py
[2024-02-27T21:29:04.592+0000] {logging_mixin.py:188} INFO - [2024-02-27T21:29:04.586+0000] {dagbag.py:348} ERROR - Failed to import: /opt/airflow/dags/GCS_to_Snowflake_DAG.py
Traceback (most recent call last):
  File "/home/airflow/.local/lib/python3.8/site-packages/airflow/models/dagbag.py", line 344, in parse
    loader.exec_module(new_module)
  File "<frozen importlib._bootstrap_external>", line 843, in exec_module
  File "<frozen importlib._bootstrap>", line 219, in _call_with_frames_removed
  File "/opt/airflow/dags/GCS_to_Snowflake_DAG.py", line 120, in <module>
    t1 >> t2 >> t3 >> t4
NameError: name 't3' is not defined
[2024-02-27T21:29:04.593+0000] {processor.py:842} WARNING - No viable dags retrieved from /opt/airflow/dags/GCS_to_Snowflake_DAG.py
[2024-02-27T21:29:04.628+0000] {processor.py:183} INFO - Processing /opt/airflow/dags/GCS_to_Snowflake_DAG.py took 1.313 seconds
[2024-02-27T21:52:54.544+0000] {processor.py:161} INFO - Started process (PID=34) to work on /opt/airflow/dags/GCS_to_Snowflake_DAG.py
[2024-02-27T21:52:54.547+0000] {processor.py:830} INFO - Processing file /opt/airflow/dags/GCS_to_Snowflake_DAG.py for tasks to queue
[2024-02-27T21:52:54.552+0000] {logging_mixin.py:188} INFO - [2024-02-27T21:52:54.551+0000] {dagbag.py:538} INFO - Filling up the DagBag from /opt/airflow/dags/GCS_to_Snowflake_DAG.py
[2024-02-27T21:52:55.724+0000] {logging_mixin.py:188} INFO - [2024-02-27T21:52:55.716+0000] {dagbag.py:348} ERROR - Failed to import: /opt/airflow/dags/GCS_to_Snowflake_DAG.py
Traceback (most recent call last):
  File "/home/airflow/.local/lib/python3.8/site-packages/airflow/models/dagbag.py", line 344, in parse
    loader.exec_module(new_module)
  File "<frozen importlib._bootstrap_external>", line 843, in exec_module
  File "<frozen importlib._bootstrap>", line 219, in _call_with_frames_removed
  File "/opt/airflow/dags/GCS_to_Snowflake_DAG.py", line 120, in <module>
    t1 >> t2 >> t3 >> t4
NameError: name 't3' is not defined
[2024-02-27T21:52:55.725+0000] {processor.py:842} WARNING - No viable dags retrieved from /opt/airflow/dags/GCS_to_Snowflake_DAG.py
[2024-02-27T21:52:55.761+0000] {processor.py:183} INFO - Processing /opt/airflow/dags/GCS_to_Snowflake_DAG.py took 1.231 seconds
[2024-02-27T21:53:25.976+0000] {processor.py:161} INFO - Started process (PID=41) to work on /opt/airflow/dags/GCS_to_Snowflake_DAG.py
[2024-02-27T21:53:25.978+0000] {processor.py:830} INFO - Processing file /opt/airflow/dags/GCS_to_Snowflake_DAG.py for tasks to queue
[2024-02-27T21:53:25.982+0000] {logging_mixin.py:188} INFO - [2024-02-27T21:53:25.981+0000] {dagbag.py:538} INFO - Filling up the DagBag from /opt/airflow/dags/GCS_to_Snowflake_DAG.py
[2024-02-27T21:53:27.172+0000] {logging_mixin.py:188} INFO - [2024-02-27T21:53:27.167+0000] {dagbag.py:348} ERROR - Failed to import: /opt/airflow/dags/GCS_to_Snowflake_DAG.py
Traceback (most recent call last):
  File "/home/airflow/.local/lib/python3.8/site-packages/airflow/models/dagbag.py", line 344, in parse
    loader.exec_module(new_module)
  File "<frozen importlib._bootstrap_external>", line 843, in exec_module
  File "<frozen importlib._bootstrap>", line 219, in _call_with_frames_removed
  File "/opt/airflow/dags/GCS_to_Snowflake_DAG.py", line 120, in <module>
    t1 >> t2 >> t3 >> t4
NameError: name 't3' is not defined
[2024-02-27T21:53:27.174+0000] {processor.py:842} WARNING - No viable dags retrieved from /opt/airflow/dags/GCS_to_Snowflake_DAG.py
[2024-02-27T21:53:27.206+0000] {processor.py:183} INFO - Processing /opt/airflow/dags/GCS_to_Snowflake_DAG.py took 1.236 seconds
[2024-02-27T21:54:44.510+0000] {processor.py:161} INFO - Started process (PID=34) to work on /opt/airflow/dags/GCS_to_Snowflake_DAG.py
[2024-02-27T21:54:44.515+0000] {processor.py:830} INFO - Processing file /opt/airflow/dags/GCS_to_Snowflake_DAG.py for tasks to queue
[2024-02-27T21:54:44.519+0000] {logging_mixin.py:188} INFO - [2024-02-27T21:54:44.519+0000] {dagbag.py:538} INFO - Filling up the DagBag from /opt/airflow/dags/GCS_to_Snowflake_DAG.py
[2024-02-27T21:54:45.958+0000] {processor.py:840} INFO - DAG(s) 'gcs_snowflake_etl' retrieved from /opt/airflow/dags/GCS_to_Snowflake_DAG.py
[2024-02-27T21:54:46.397+0000] {logging_mixin.py:188} INFO - [2024-02-27T21:54:46.396+0000] {override.py:1769} INFO - Created Permission View: can edit on DAG:gcs_snowflake_etl
[2024-02-27T21:54:46.414+0000] {logging_mixin.py:188} INFO - [2024-02-27T21:54:46.414+0000] {override.py:1769} INFO - Created Permission View: can delete on DAG:gcs_snowflake_etl
[2024-02-27T21:54:46.425+0000] {logging_mixin.py:188} INFO - [2024-02-27T21:54:46.425+0000] {override.py:1769} INFO - Created Permission View: can read on DAG:gcs_snowflake_etl
[2024-02-27T21:54:46.426+0000] {logging_mixin.py:188} INFO - [2024-02-27T21:54:46.426+0000] {dag.py:3036} INFO - Sync 1 DAGs
[2024-02-27T21:54:46.444+0000] {logging_mixin.py:188} INFO - [2024-02-27T21:54:46.443+0000] {dag.py:3058} INFO - Creating ORM DAG for gcs_snowflake_etl
[2024-02-27T21:54:46.462+0000] {logging_mixin.py:188} INFO - [2024-02-27T21:54:46.462+0000] {dag.py:3823} INFO - Setting next_dagrun for gcs_snowflake_etl to 2024-02-26 00:00:00+00:00, run_after=2024-02-27 00:00:00+00:00
[2024-02-27T21:54:46.499+0000] {processor.py:183} INFO - Processing /opt/airflow/dags/GCS_to_Snowflake_DAG.py took 1.995 seconds
[2024-02-27T21:55:16.821+0000] {processor.py:161} INFO - Started process (PID=46) to work on /opt/airflow/dags/GCS_to_Snowflake_DAG.py
[2024-02-27T21:55:16.823+0000] {processor.py:830} INFO - Processing file /opt/airflow/dags/GCS_to_Snowflake_DAG.py for tasks to queue
[2024-02-27T21:55:16.827+0000] {logging_mixin.py:188} INFO - [2024-02-27T21:55:16.826+0000] {dagbag.py:538} INFO - Filling up the DagBag from /opt/airflow/dags/GCS_to_Snowflake_DAG.py
[2024-02-27T21:55:17.874+0000] {processor.py:840} INFO - DAG(s) 'gcs_snowflake_etl' retrieved from /opt/airflow/dags/GCS_to_Snowflake_DAG.py
[2024-02-27T21:55:17.910+0000] {logging_mixin.py:188} INFO - [2024-02-27T21:55:17.910+0000] {dag.py:3036} INFO - Sync 1 DAGs
[2024-02-27T21:55:17.944+0000] {logging_mixin.py:188} INFO - [2024-02-27T21:55:17.943+0000] {dag.py:3823} INFO - Setting next_dagrun for gcs_snowflake_etl to 2024-02-27 00:00:00+00:00, run_after=2024-02-28 00:00:00+00:00
[2024-02-27T21:55:17.978+0000] {processor.py:183} INFO - Processing /opt/airflow/dags/GCS_to_Snowflake_DAG.py took 1.163 seconds
[2024-02-27T21:55:48.108+0000] {processor.py:161} INFO - Started process (PID=54) to work on /opt/airflow/dags/GCS_to_Snowflake_DAG.py
[2024-02-27T21:55:48.110+0000] {processor.py:830} INFO - Processing file /opt/airflow/dags/GCS_to_Snowflake_DAG.py for tasks to queue
[2024-02-27T21:55:48.113+0000] {logging_mixin.py:188} INFO - [2024-02-27T21:55:48.113+0000] {dagbag.py:538} INFO - Filling up the DagBag from /opt/airflow/dags/GCS_to_Snowflake_DAG.py
[2024-02-27T21:55:49.085+0000] {processor.py:840} INFO - DAG(s) 'gcs_snowflake_etl' retrieved from /opt/airflow/dags/GCS_to_Snowflake_DAG.py
[2024-02-27T21:55:49.129+0000] {logging_mixin.py:188} INFO - [2024-02-27T21:55:49.128+0000] {dag.py:3036} INFO - Sync 1 DAGs
[2024-02-27T21:55:49.167+0000] {logging_mixin.py:188} INFO - [2024-02-27T21:55:49.166+0000] {dag.py:3823} INFO - Setting next_dagrun for gcs_snowflake_etl to 2024-02-27 00:00:00+00:00, run_after=2024-02-28 00:00:00+00:00
[2024-02-27T21:55:49.223+0000] {processor.py:183} INFO - Processing /opt/airflow/dags/GCS_to_Snowflake_DAG.py took 1.121 seconds
[2024-02-27T22:00:48.725+0000] {processor.py:161} INFO - Started process (PID=34) to work on /opt/airflow/dags/GCS_to_Snowflake_DAG.py
[2024-02-27T22:00:48.727+0000] {processor.py:830} INFO - Processing file /opt/airflow/dags/GCS_to_Snowflake_DAG.py for tasks to queue
[2024-02-27T22:00:48.730+0000] {logging_mixin.py:188} INFO - [2024-02-27T22:00:48.730+0000] {dagbag.py:538} INFO - Filling up the DagBag from /opt/airflow/dags/GCS_to_Snowflake_DAG.py
[2024-02-27T22:00:50.034+0000] {processor.py:840} INFO - DAG(s) 'gcs_snowflake_etl' retrieved from /opt/airflow/dags/GCS_to_Snowflake_DAG.py
[2024-02-27T22:00:50.234+0000] {logging_mixin.py:188} INFO - [2024-02-27T22:00:50.233+0000] {dag.py:3036} INFO - Sync 1 DAGs
[2024-02-27T22:00:50.252+0000] {logging_mixin.py:188} INFO - [2024-02-27T22:00:50.251+0000] {dag.py:3058} INFO - Creating ORM DAG for gcs_snowflake_etl
[2024-02-27T22:00:50.275+0000] {logging_mixin.py:188} INFO - [2024-02-27T22:00:50.274+0000] {dag.py:3823} INFO - Setting next_dagrun for gcs_snowflake_etl to 2024-02-26 00:00:00+00:00, run_after=2024-02-27 00:00:00+00:00
[2024-02-27T22:00:50.318+0000] {processor.py:183} INFO - Processing /opt/airflow/dags/GCS_to_Snowflake_DAG.py took 1.602 seconds
[2024-02-27T22:01:20.777+0000] {processor.py:161} INFO - Started process (PID=46) to work on /opt/airflow/dags/GCS_to_Snowflake_DAG.py
[2024-02-27T22:01:20.780+0000] {processor.py:830} INFO - Processing file /opt/airflow/dags/GCS_to_Snowflake_DAG.py for tasks to queue
[2024-02-27T22:01:20.788+0000] {logging_mixin.py:188} INFO - [2024-02-27T22:01:20.787+0000] {dagbag.py:538} INFO - Filling up the DagBag from /opt/airflow/dags/GCS_to_Snowflake_DAG.py
[2024-02-27T22:01:22.406+0000] {processor.py:840} INFO - DAG(s) 'gcs_snowflake_etl' retrieved from /opt/airflow/dags/GCS_to_Snowflake_DAG.py
[2024-02-27T22:01:22.449+0000] {logging_mixin.py:188} INFO - [2024-02-27T22:01:22.448+0000] {dag.py:3036} INFO - Sync 1 DAGs
[2024-02-27T22:01:22.485+0000] {logging_mixin.py:188} INFO - [2024-02-27T22:01:22.485+0000] {dag.py:3823} INFO - Setting next_dagrun for gcs_snowflake_etl to 2024-02-27 00:00:00+00:00, run_after=2024-02-28 00:00:00+00:00
[2024-02-27T22:01:22.514+0000] {processor.py:183} INFO - Processing /opt/airflow/dags/GCS_to_Snowflake_DAG.py took 1.758 seconds
[2024-02-27T22:04:22.798+0000] {processor.py:161} INFO - Started process (PID=34) to work on /opt/airflow/dags/GCS_to_Snowflake_DAG.py
[2024-02-27T22:04:22.800+0000] {processor.py:830} INFO - Processing file /opt/airflow/dags/GCS_to_Snowflake_DAG.py for tasks to queue
[2024-02-27T22:04:22.809+0000] {logging_mixin.py:188} INFO - [2024-02-27T22:04:22.808+0000] {dagbag.py:538} INFO - Filling up the DagBag from /opt/airflow/dags/GCS_to_Snowflake_DAG.py
[2024-02-27T22:04:24.233+0000] {processor.py:840} INFO - DAG(s) 'gcs_snowflake_etl' retrieved from /opt/airflow/dags/GCS_to_Snowflake_DAG.py
[2024-02-27T22:04:24.485+0000] {logging_mixin.py:188} INFO - [2024-02-27T22:04:24.484+0000] {dag.py:3036} INFO - Sync 1 DAGs
[2024-02-27T22:04:24.535+0000] {logging_mixin.py:188} INFO - [2024-02-27T22:04:24.535+0000] {dag.py:3823} INFO - Setting next_dagrun for gcs_snowflake_etl to 2024-02-27 00:00:00+00:00, run_after=2024-02-28 00:00:00+00:00
[2024-02-27T22:04:24.575+0000] {processor.py:183} INFO - Processing /opt/airflow/dags/GCS_to_Snowflake_DAG.py took 1.782 seconds
[2024-02-27T22:04:54.847+0000] {processor.py:161} INFO - Started process (PID=46) to work on /opt/airflow/dags/GCS_to_Snowflake_DAG.py
[2024-02-27T22:04:54.848+0000] {processor.py:830} INFO - Processing file /opt/airflow/dags/GCS_to_Snowflake_DAG.py for tasks to queue
[2024-02-27T22:04:54.851+0000] {logging_mixin.py:188} INFO - [2024-02-27T22:04:54.851+0000] {dagbag.py:538} INFO - Filling up the DagBag from /opt/airflow/dags/GCS_to_Snowflake_DAG.py
[2024-02-27T22:04:55.930+0000] {processor.py:840} INFO - DAG(s) 'gcs_snowflake_etl' retrieved from /opt/airflow/dags/GCS_to_Snowflake_DAG.py
[2024-02-27T22:04:55.974+0000] {logging_mixin.py:188} INFO - [2024-02-27T22:04:55.973+0000] {dag.py:3036} INFO - Sync 1 DAGs
[2024-02-27T22:04:56.023+0000] {logging_mixin.py:188} INFO - [2024-02-27T22:04:56.023+0000] {dag.py:3823} INFO - Setting next_dagrun for gcs_snowflake_etl to 2024-02-27 00:00:00+00:00, run_after=2024-02-28 00:00:00+00:00
[2024-02-27T22:04:56.059+0000] {processor.py:183} INFO - Processing /opt/airflow/dags/GCS_to_Snowflake_DAG.py took 1.216 seconds
[2024-02-27T22:05:26.302+0000] {processor.py:161} INFO - Started process (PID=54) to work on /opt/airflow/dags/GCS_to_Snowflake_DAG.py
[2024-02-27T22:05:26.305+0000] {processor.py:830} INFO - Processing file /opt/airflow/dags/GCS_to_Snowflake_DAG.py for tasks to queue
[2024-02-27T22:05:26.307+0000] {logging_mixin.py:188} INFO - [2024-02-27T22:05:26.307+0000] {dagbag.py:538} INFO - Filling up the DagBag from /opt/airflow/dags/GCS_to_Snowflake_DAG.py
[2024-02-27T22:05:27.329+0000] {processor.py:840} INFO - DAG(s) 'gcs_snowflake_etl' retrieved from /opt/airflow/dags/GCS_to_Snowflake_DAG.py
[2024-02-27T22:05:27.366+0000] {logging_mixin.py:188} INFO - [2024-02-27T22:05:27.365+0000] {dag.py:3036} INFO - Sync 1 DAGs
[2024-02-27T22:05:27.398+0000] {logging_mixin.py:188} INFO - [2024-02-27T22:05:27.398+0000] {dag.py:3823} INFO - Setting next_dagrun for gcs_snowflake_etl to 2024-02-27 00:00:00+00:00, run_after=2024-02-28 00:00:00+00:00
[2024-02-27T22:05:27.427+0000] {processor.py:183} INFO - Processing /opt/airflow/dags/GCS_to_Snowflake_DAG.py took 1.130 seconds
[2024-02-27T22:05:57.641+0000] {processor.py:161} INFO - Started process (PID=62) to work on /opt/airflow/dags/GCS_to_Snowflake_DAG.py
[2024-02-27T22:05:57.643+0000] {processor.py:830} INFO - Processing file /opt/airflow/dags/GCS_to_Snowflake_DAG.py for tasks to queue
[2024-02-27T22:05:57.646+0000] {logging_mixin.py:188} INFO - [2024-02-27T22:05:57.646+0000] {dagbag.py:538} INFO - Filling up the DagBag from /opt/airflow/dags/GCS_to_Snowflake_DAG.py
[2024-02-27T22:05:58.834+0000] {processor.py:840} INFO - DAG(s) 'gcs_snowflake_etl' retrieved from /opt/airflow/dags/GCS_to_Snowflake_DAG.py
[2024-02-27T22:05:58.879+0000] {logging_mixin.py:188} INFO - [2024-02-27T22:05:58.879+0000] {dag.py:3036} INFO - Sync 1 DAGs
[2024-02-27T22:05:58.991+0000] {logging_mixin.py:188} INFO - [2024-02-27T22:05:58.990+0000] {dag.py:3823} INFO - Setting next_dagrun for gcs_snowflake_etl to 2024-02-27 00:00:00+00:00, run_after=2024-02-28 00:00:00+00:00
[2024-02-27T22:05:59.070+0000] {processor.py:183} INFO - Processing /opt/airflow/dags/GCS_to_Snowflake_DAG.py took 1.435 seconds
[2024-02-27T22:40:35.394+0000] {processor.py:161} INFO - Started process (PID=34) to work on /opt/airflow/dags/GCS_to_Snowflake_DAG.py
[2024-02-27T22:40:35.396+0000] {processor.py:830} INFO - Processing file /opt/airflow/dags/GCS_to_Snowflake_DAG.py for tasks to queue
[2024-02-27T22:40:35.400+0000] {logging_mixin.py:188} INFO - [2024-02-27T22:40:35.399+0000] {dagbag.py:538} INFO - Filling up the DagBag from /opt/airflow/dags/GCS_to_Snowflake_DAG.py
[2024-02-27T22:40:36.502+0000] {processor.py:840} INFO - DAG(s) 'gcs_snowflake_etl' retrieved from /opt/airflow/dags/GCS_to_Snowflake_DAG.py
[2024-02-27T22:40:36.671+0000] {logging_mixin.py:188} INFO - [2024-02-27T22:40:36.671+0000] {dag.py:3036} INFO - Sync 1 DAGs
[2024-02-27T22:40:36.707+0000] {logging_mixin.py:188} INFO - [2024-02-27T22:40:36.707+0000] {dag.py:3823} INFO - Setting next_dagrun for gcs_snowflake_etl to 2024-02-27 00:00:00+00:00, run_after=2024-02-28 00:00:00+00:00
[2024-02-27T22:40:36.750+0000] {processor.py:183} INFO - Processing /opt/airflow/dags/GCS_to_Snowflake_DAG.py took 1.364 seconds
[2024-02-27T22:41:07.081+0000] {processor.py:161} INFO - Started process (PID=47) to work on /opt/airflow/dags/GCS_to_Snowflake_DAG.py
[2024-02-27T22:41:07.083+0000] {processor.py:830} INFO - Processing file /opt/airflow/dags/GCS_to_Snowflake_DAG.py for tasks to queue
[2024-02-27T22:41:07.091+0000] {logging_mixin.py:188} INFO - [2024-02-27T22:41:07.088+0000] {dagbag.py:538} INFO - Filling up the DagBag from /opt/airflow/dags/GCS_to_Snowflake_DAG.py
[2024-02-27T22:41:08.117+0000] {processor.py:840} INFO - DAG(s) 'gcs_snowflake_etl' retrieved from /opt/airflow/dags/GCS_to_Snowflake_DAG.py
[2024-02-27T22:41:08.160+0000] {logging_mixin.py:188} INFO - [2024-02-27T22:41:08.160+0000] {dag.py:3036} INFO - Sync 1 DAGs
[2024-02-27T22:41:08.194+0000] {logging_mixin.py:188} INFO - [2024-02-27T22:41:08.193+0000] {dag.py:3823} INFO - Setting next_dagrun for gcs_snowflake_etl to 2024-02-27 00:00:00+00:00, run_after=2024-02-28 00:00:00+00:00
[2024-02-27T22:41:08.224+0000] {processor.py:183} INFO - Processing /opt/airflow/dags/GCS_to_Snowflake_DAG.py took 1.157 seconds
[2024-02-27T22:41:38.330+0000] {processor.py:161} INFO - Started process (PID=55) to work on /opt/airflow/dags/GCS_to_Snowflake_DAG.py
[2024-02-27T22:41:38.332+0000] {processor.py:830} INFO - Processing file /opt/airflow/dags/GCS_to_Snowflake_DAG.py for tasks to queue
[2024-02-27T22:41:38.334+0000] {logging_mixin.py:188} INFO - [2024-02-27T22:41:38.334+0000] {dagbag.py:538} INFO - Filling up the DagBag from /opt/airflow/dags/GCS_to_Snowflake_DAG.py
[2024-02-27T22:41:39.241+0000] {processor.py:840} INFO - DAG(s) 'gcs_snowflake_etl' retrieved from /opt/airflow/dags/GCS_to_Snowflake_DAG.py
[2024-02-27T22:41:39.278+0000] {logging_mixin.py:188} INFO - [2024-02-27T22:41:39.277+0000] {dag.py:3036} INFO - Sync 1 DAGs
[2024-02-27T22:41:39.322+0000] {logging_mixin.py:188} INFO - [2024-02-27T22:41:39.321+0000] {dag.py:3823} INFO - Setting next_dagrun for gcs_snowflake_etl to 2024-02-27 00:00:00+00:00, run_after=2024-02-28 00:00:00+00:00
[2024-02-27T22:41:39.358+0000] {processor.py:183} INFO - Processing /opt/airflow/dags/GCS_to_Snowflake_DAG.py took 1.033 seconds
[2024-02-27T22:42:09.622+0000] {processor.py:161} INFO - Started process (PID=63) to work on /opt/airflow/dags/GCS_to_Snowflake_DAG.py
[2024-02-27T22:42:09.624+0000] {processor.py:830} INFO - Processing file /opt/airflow/dags/GCS_to_Snowflake_DAG.py for tasks to queue
[2024-02-27T22:42:09.627+0000] {logging_mixin.py:188} INFO - [2024-02-27T22:42:09.627+0000] {dagbag.py:538} INFO - Filling up the DagBag from /opt/airflow/dags/GCS_to_Snowflake_DAG.py
[2024-02-27T22:42:10.474+0000] {processor.py:840} INFO - DAG(s) 'gcs_snowflake_etl' retrieved from /opt/airflow/dags/GCS_to_Snowflake_DAG.py
[2024-02-27T22:42:10.508+0000] {logging_mixin.py:188} INFO - [2024-02-27T22:42:10.508+0000] {dag.py:3036} INFO - Sync 1 DAGs
[2024-02-27T22:42:10.539+0000] {logging_mixin.py:188} INFO - [2024-02-27T22:42:10.539+0000] {dag.py:3823} INFO - Setting next_dagrun for gcs_snowflake_etl to 2024-02-27 00:00:00+00:00, run_after=2024-02-28 00:00:00+00:00
[2024-02-27T22:42:10.577+0000] {processor.py:183} INFO - Processing /opt/airflow/dags/GCS_to_Snowflake_DAG.py took 0.960 seconds
[2024-02-27T22:42:40.921+0000] {processor.py:161} INFO - Started process (PID=71) to work on /opt/airflow/dags/GCS_to_Snowflake_DAG.py
[2024-02-27T22:42:40.925+0000] {processor.py:830} INFO - Processing file /opt/airflow/dags/GCS_to_Snowflake_DAG.py for tasks to queue
[2024-02-27T22:42:40.929+0000] {logging_mixin.py:188} INFO - [2024-02-27T22:42:40.928+0000] {dagbag.py:538} INFO - Filling up the DagBag from /opt/airflow/dags/GCS_to_Snowflake_DAG.py
[2024-02-27T22:42:41.989+0000] {processor.py:840} INFO - DAG(s) 'gcs_snowflake_etl' retrieved from /opt/airflow/dags/GCS_to_Snowflake_DAG.py
[2024-02-27T22:42:42.020+0000] {logging_mixin.py:188} INFO - [2024-02-27T22:42:42.019+0000] {dag.py:3036} INFO - Sync 1 DAGs
[2024-02-27T22:42:42.055+0000] {logging_mixin.py:188} INFO - [2024-02-27T22:42:42.054+0000] {dag.py:3823} INFO - Setting next_dagrun for gcs_snowflake_etl to 2024-02-27 00:00:00+00:00, run_after=2024-02-28 00:00:00+00:00
[2024-02-27T22:42:42.088+0000] {processor.py:183} INFO - Processing /opt/airflow/dags/GCS_to_Snowflake_DAG.py took 1.176 seconds
[2024-02-27T22:43:12.248+0000] {processor.py:161} INFO - Started process (PID=79) to work on /opt/airflow/dags/GCS_to_Snowflake_DAG.py
[2024-02-27T22:43:12.254+0000] {processor.py:830} INFO - Processing file /opt/airflow/dags/GCS_to_Snowflake_DAG.py for tasks to queue
[2024-02-27T22:43:12.259+0000] {logging_mixin.py:188} INFO - [2024-02-27T22:43:12.258+0000] {dagbag.py:538} INFO - Filling up the DagBag from /opt/airflow/dags/GCS_to_Snowflake_DAG.py
[2024-02-27T22:43:13.444+0000] {processor.py:840} INFO - DAG(s) 'gcs_snowflake_etl' retrieved from /opt/airflow/dags/GCS_to_Snowflake_DAG.py
[2024-02-27T22:43:13.476+0000] {logging_mixin.py:188} INFO - [2024-02-27T22:43:13.475+0000] {dag.py:3036} INFO - Sync 1 DAGs
[2024-02-27T22:43:13.508+0000] {logging_mixin.py:188} INFO - [2024-02-27T22:43:13.507+0000] {dag.py:3823} INFO - Setting next_dagrun for gcs_snowflake_etl to 2024-02-27 00:00:00+00:00, run_after=2024-02-28 00:00:00+00:00
[2024-02-27T22:43:13.538+0000] {processor.py:183} INFO - Processing /opt/airflow/dags/GCS_to_Snowflake_DAG.py took 1.298 seconds
[2024-02-27T22:43:43.622+0000] {processor.py:161} INFO - Started process (PID=87) to work on /opt/airflow/dags/GCS_to_Snowflake_DAG.py
[2024-02-27T22:43:43.624+0000] {processor.py:830} INFO - Processing file /opt/airflow/dags/GCS_to_Snowflake_DAG.py for tasks to queue
[2024-02-27T22:43:43.627+0000] {logging_mixin.py:188} INFO - [2024-02-27T22:43:43.627+0000] {dagbag.py:538} INFO - Filling up the DagBag from /opt/airflow/dags/GCS_to_Snowflake_DAG.py
[2024-02-27T22:43:44.475+0000] {processor.py:840} INFO - DAG(s) 'gcs_snowflake_etl' retrieved from /opt/airflow/dags/GCS_to_Snowflake_DAG.py
[2024-02-27T22:43:44.507+0000] {logging_mixin.py:188} INFO - [2024-02-27T22:43:44.506+0000] {dag.py:3036} INFO - Sync 1 DAGs
[2024-02-27T22:43:44.539+0000] {logging_mixin.py:188} INFO - [2024-02-27T22:43:44.538+0000] {dag.py:3823} INFO - Setting next_dagrun for gcs_snowflake_etl to 2024-02-27 00:00:00+00:00, run_after=2024-02-28 00:00:00+00:00
[2024-02-27T22:43:44.599+0000] {processor.py:183} INFO - Processing /opt/airflow/dags/GCS_to_Snowflake_DAG.py took 0.982 seconds
[2024-02-27T22:44:14.895+0000] {processor.py:161} INFO - Started process (PID=95) to work on /opt/airflow/dags/GCS_to_Snowflake_DAG.py
[2024-02-27T22:44:14.897+0000] {processor.py:830} INFO - Processing file /opt/airflow/dags/GCS_to_Snowflake_DAG.py for tasks to queue
[2024-02-27T22:44:14.900+0000] {logging_mixin.py:188} INFO - [2024-02-27T22:44:14.899+0000] {dagbag.py:538} INFO - Filling up the DagBag from /opt/airflow/dags/GCS_to_Snowflake_DAG.py
[2024-02-27T22:44:15.881+0000] {processor.py:840} INFO - DAG(s) 'gcs_snowflake_etl' retrieved from /opt/airflow/dags/GCS_to_Snowflake_DAG.py
[2024-02-27T22:44:15.919+0000] {logging_mixin.py:188} INFO - [2024-02-27T22:44:15.918+0000] {dag.py:3036} INFO - Sync 1 DAGs
[2024-02-27T22:44:15.952+0000] {logging_mixin.py:188} INFO - [2024-02-27T22:44:15.952+0000] {dag.py:3823} INFO - Setting next_dagrun for gcs_snowflake_etl to 2024-02-27 00:00:00+00:00, run_after=2024-02-28 00:00:00+00:00
[2024-02-27T22:44:15.983+0000] {processor.py:183} INFO - Processing /opt/airflow/dags/GCS_to_Snowflake_DAG.py took 1.093 seconds
[2024-02-27T22:44:46.227+0000] {processor.py:161} INFO - Started process (PID=103) to work on /opt/airflow/dags/GCS_to_Snowflake_DAG.py
[2024-02-27T22:44:46.235+0000] {processor.py:830} INFO - Processing file /opt/airflow/dags/GCS_to_Snowflake_DAG.py for tasks to queue
[2024-02-27T22:44:46.242+0000] {logging_mixin.py:188} INFO - [2024-02-27T22:44:46.241+0000] {dagbag.py:538} INFO - Filling up the DagBag from /opt/airflow/dags/GCS_to_Snowflake_DAG.py
[2024-02-27T22:44:47.671+0000] {processor.py:840} INFO - DAG(s) 'gcs_snowflake_etl' retrieved from /opt/airflow/dags/GCS_to_Snowflake_DAG.py
[2024-02-27T22:44:47.719+0000] {logging_mixin.py:188} INFO - [2024-02-27T22:44:47.717+0000] {dag.py:3036} INFO - Sync 1 DAGs
[2024-02-27T22:44:47.778+0000] {logging_mixin.py:188} INFO - [2024-02-27T22:44:47.777+0000] {dag.py:3823} INFO - Setting next_dagrun for gcs_snowflake_etl to 2024-02-27 00:00:00+00:00, run_after=2024-02-28 00:00:00+00:00
[2024-02-27T22:44:47.820+0000] {processor.py:183} INFO - Processing /opt/airflow/dags/GCS_to_Snowflake_DAG.py took 1.608 seconds
[2024-02-27T22:45:18.145+0000] {processor.py:161} INFO - Started process (PID=111) to work on /opt/airflow/dags/GCS_to_Snowflake_DAG.py
[2024-02-27T22:45:18.147+0000] {processor.py:830} INFO - Processing file /opt/airflow/dags/GCS_to_Snowflake_DAG.py for tasks to queue
[2024-02-27T22:45:18.150+0000] {logging_mixin.py:188} INFO - [2024-02-27T22:45:18.149+0000] {dagbag.py:538} INFO - Filling up the DagBag from /opt/airflow/dags/GCS_to_Snowflake_DAG.py
[2024-02-27T22:45:19.340+0000] {processor.py:840} INFO - DAG(s) 'gcs_snowflake_etl' retrieved from /opt/airflow/dags/GCS_to_Snowflake_DAG.py
[2024-02-27T22:45:19.374+0000] {logging_mixin.py:188} INFO - [2024-02-27T22:45:19.374+0000] {dag.py:3036} INFO - Sync 1 DAGs
[2024-02-27T22:45:19.407+0000] {logging_mixin.py:188} INFO - [2024-02-27T22:45:19.407+0000] {dag.py:3823} INFO - Setting next_dagrun for gcs_snowflake_etl to 2024-02-27 00:00:00+00:00, run_after=2024-02-28 00:00:00+00:00
[2024-02-27T22:45:19.438+0000] {processor.py:183} INFO - Processing /opt/airflow/dags/GCS_to_Snowflake_DAG.py took 1.299 seconds
[2024-02-27T22:45:49.735+0000] {processor.py:161} INFO - Started process (PID=125) to work on /opt/airflow/dags/GCS_to_Snowflake_DAG.py
[2024-02-27T22:45:49.737+0000] {processor.py:830} INFO - Processing file /opt/airflow/dags/GCS_to_Snowflake_DAG.py for tasks to queue
[2024-02-27T22:45:49.740+0000] {logging_mixin.py:188} INFO - [2024-02-27T22:45:49.740+0000] {dagbag.py:538} INFO - Filling up the DagBag from /opt/airflow/dags/GCS_to_Snowflake_DAG.py
[2024-02-27T22:45:50.554+0000] {processor.py:840} INFO - DAG(s) 'gcs_snowflake_etl' retrieved from /opt/airflow/dags/GCS_to_Snowflake_DAG.py
[2024-02-27T22:45:50.585+0000] {logging_mixin.py:188} INFO - [2024-02-27T22:45:50.584+0000] {dag.py:3036} INFO - Sync 1 DAGs
[2024-02-27T22:45:50.616+0000] {logging_mixin.py:188} INFO - [2024-02-27T22:45:50.615+0000] {dag.py:3823} INFO - Setting next_dagrun for gcs_snowflake_etl to 2024-02-27 00:00:00+00:00, run_after=2024-02-28 00:00:00+00:00
[2024-02-27T22:45:50.682+0000] {processor.py:183} INFO - Processing /opt/airflow/dags/GCS_to_Snowflake_DAG.py took 0.954 seconds
[2024-02-27T22:46:20.968+0000] {processor.py:161} INFO - Started process (PID=133) to work on /opt/airflow/dags/GCS_to_Snowflake_DAG.py
[2024-02-27T22:46:20.969+0000] {processor.py:830} INFO - Processing file /opt/airflow/dags/GCS_to_Snowflake_DAG.py for tasks to queue
[2024-02-27T22:46:20.972+0000] {logging_mixin.py:188} INFO - [2024-02-27T22:46:20.972+0000] {dagbag.py:538} INFO - Filling up the DagBag from /opt/airflow/dags/GCS_to_Snowflake_DAG.py
[2024-02-27T22:46:21.828+0000] {processor.py:840} INFO - DAG(s) 'gcs_snowflake_etl' retrieved from /opt/airflow/dags/GCS_to_Snowflake_DAG.py
[2024-02-27T22:46:21.858+0000] {logging_mixin.py:188} INFO - [2024-02-27T22:46:21.858+0000] {dag.py:3036} INFO - Sync 1 DAGs
[2024-02-27T22:46:21.889+0000] {logging_mixin.py:188} INFO - [2024-02-27T22:46:21.889+0000] {dag.py:3823} INFO - Setting next_dagrun for gcs_snowflake_etl to 2024-02-27 00:00:00+00:00, run_after=2024-02-28 00:00:00+00:00
[2024-02-27T22:46:21.917+0000] {processor.py:183} INFO - Processing /opt/airflow/dags/GCS_to_Snowflake_DAG.py took 0.954 seconds
[2024-02-27T22:46:52.031+0000] {processor.py:161} INFO - Started process (PID=141) to work on /opt/airflow/dags/GCS_to_Snowflake_DAG.py
[2024-02-27T22:46:52.033+0000] {processor.py:830} INFO - Processing file /opt/airflow/dags/GCS_to_Snowflake_DAG.py for tasks to queue
[2024-02-27T22:46:52.038+0000] {logging_mixin.py:188} INFO - [2024-02-27T22:46:52.037+0000] {dagbag.py:538} INFO - Filling up the DagBag from /opt/airflow/dags/GCS_to_Snowflake_DAG.py
[2024-02-27T22:46:52.971+0000] {processor.py:840} INFO - DAG(s) 'gcs_snowflake_etl' retrieved from /opt/airflow/dags/GCS_to_Snowflake_DAG.py
[2024-02-27T22:46:53.009+0000] {logging_mixin.py:188} INFO - [2024-02-27T22:46:53.007+0000] {dag.py:3036} INFO - Sync 1 DAGs
[2024-02-27T22:46:53.040+0000] {logging_mixin.py:188} INFO - [2024-02-27T22:46:53.040+0000] {dag.py:3823} INFO - Setting next_dagrun for gcs_snowflake_etl to 2024-02-27 00:00:00+00:00, run_after=2024-02-28 00:00:00+00:00
[2024-02-27T22:46:53.070+0000] {processor.py:183} INFO - Processing /opt/airflow/dags/GCS_to_Snowflake_DAG.py took 1.049 seconds
[2024-02-27T22:47:23.242+0000] {processor.py:161} INFO - Started process (PID=149) to work on /opt/airflow/dags/GCS_to_Snowflake_DAG.py
[2024-02-27T22:47:23.244+0000] {processor.py:830} INFO - Processing file /opt/airflow/dags/GCS_to_Snowflake_DAG.py for tasks to queue
[2024-02-27T22:47:23.249+0000] {logging_mixin.py:188} INFO - [2024-02-27T22:47:23.248+0000] {dagbag.py:538} INFO - Filling up the DagBag from /opt/airflow/dags/GCS_to_Snowflake_DAG.py
[2024-02-27T22:47:24.193+0000] {processor.py:840} INFO - DAG(s) 'gcs_snowflake_etl' retrieved from /opt/airflow/dags/GCS_to_Snowflake_DAG.py
[2024-02-27T22:47:24.226+0000] {logging_mixin.py:188} INFO - [2024-02-27T22:47:24.226+0000] {dag.py:3036} INFO - Sync 1 DAGs
[2024-02-27T22:47:24.258+0000] {logging_mixin.py:188} INFO - [2024-02-27T22:47:24.257+0000] {dag.py:3823} INFO - Setting next_dagrun for gcs_snowflake_etl to 2024-02-27 00:00:00+00:00, run_after=2024-02-28 00:00:00+00:00
[2024-02-27T22:47:24.283+0000] {processor.py:183} INFO - Processing /opt/airflow/dags/GCS_to_Snowflake_DAG.py took 1.047 seconds
[2024-02-27T22:47:54.534+0000] {processor.py:161} INFO - Started process (PID=157) to work on /opt/airflow/dags/GCS_to_Snowflake_DAG.py
[2024-02-27T22:47:54.535+0000] {processor.py:830} INFO - Processing file /opt/airflow/dags/GCS_to_Snowflake_DAG.py for tasks to queue
[2024-02-27T22:47:54.538+0000] {logging_mixin.py:188} INFO - [2024-02-27T22:47:54.538+0000] {dagbag.py:538} INFO - Filling up the DagBag from /opt/airflow/dags/GCS_to_Snowflake_DAG.py
[2024-02-27T22:47:55.352+0000] {processor.py:840} INFO - DAG(s) 'gcs_snowflake_etl' retrieved from /opt/airflow/dags/GCS_to_Snowflake_DAG.py
[2024-02-27T22:47:55.384+0000] {logging_mixin.py:188} INFO - [2024-02-27T22:47:55.383+0000] {dag.py:3036} INFO - Sync 1 DAGs
[2024-02-27T22:47:55.414+0000] {logging_mixin.py:188} INFO - [2024-02-27T22:47:55.414+0000] {dag.py:3823} INFO - Setting next_dagrun for gcs_snowflake_etl to 2024-02-27 00:00:00+00:00, run_after=2024-02-28 00:00:00+00:00
[2024-02-27T22:47:55.442+0000] {processor.py:183} INFO - Processing /opt/airflow/dags/GCS_to_Snowflake_DAG.py took 0.913 seconds
[2024-02-27T22:48:25.766+0000] {processor.py:161} INFO - Started process (PID=165) to work on /opt/airflow/dags/GCS_to_Snowflake_DAG.py
[2024-02-27T22:48:25.768+0000] {processor.py:830} INFO - Processing file /opt/airflow/dags/GCS_to_Snowflake_DAG.py for tasks to queue
[2024-02-27T22:48:25.771+0000] {logging_mixin.py:188} INFO - [2024-02-27T22:48:25.770+0000] {dagbag.py:538} INFO - Filling up the DagBag from /opt/airflow/dags/GCS_to_Snowflake_DAG.py
[2024-02-27T22:48:26.714+0000] {processor.py:840} INFO - DAG(s) 'gcs_snowflake_etl' retrieved from /opt/airflow/dags/GCS_to_Snowflake_DAG.py
[2024-02-27T22:48:26.745+0000] {logging_mixin.py:188} INFO - [2024-02-27T22:48:26.744+0000] {dag.py:3036} INFO - Sync 1 DAGs
[2024-02-27T22:48:26.776+0000] {logging_mixin.py:188} INFO - [2024-02-27T22:48:26.776+0000] {dag.py:3823} INFO - Setting next_dagrun for gcs_snowflake_etl to 2024-02-27 00:00:00+00:00, run_after=2024-02-28 00:00:00+00:00
[2024-02-27T22:48:26.804+0000] {processor.py:183} INFO - Processing /opt/airflow/dags/GCS_to_Snowflake_DAG.py took 1.042 seconds
[2024-02-27T22:48:57.070+0000] {processor.py:161} INFO - Started process (PID=173) to work on /opt/airflow/dags/GCS_to_Snowflake_DAG.py
[2024-02-27T22:48:57.072+0000] {processor.py:830} INFO - Processing file /opt/airflow/dags/GCS_to_Snowflake_DAG.py for tasks to queue
[2024-02-27T22:48:57.074+0000] {logging_mixin.py:188} INFO - [2024-02-27T22:48:57.074+0000] {dagbag.py:538} INFO - Filling up the DagBag from /opt/airflow/dags/GCS_to_Snowflake_DAG.py
[2024-02-27T22:48:57.867+0000] {processor.py:840} INFO - DAG(s) 'gcs_snowflake_etl' retrieved from /opt/airflow/dags/GCS_to_Snowflake_DAG.py
[2024-02-27T22:48:57.898+0000] {logging_mixin.py:188} INFO - [2024-02-27T22:48:57.897+0000] {dag.py:3036} INFO - Sync 1 DAGs
[2024-02-27T22:48:57.929+0000] {logging_mixin.py:188} INFO - [2024-02-27T22:48:57.928+0000] {dag.py:3823} INFO - Setting next_dagrun for gcs_snowflake_etl to 2024-02-27 00:00:00+00:00, run_after=2024-02-28 00:00:00+00:00
[2024-02-27T22:48:57.978+0000] {processor.py:183} INFO - Processing /opt/airflow/dags/GCS_to_Snowflake_DAG.py took 0.914 seconds
[2024-02-27T22:49:28.359+0000] {processor.py:161} INFO - Started process (PID=181) to work on /opt/airflow/dags/GCS_to_Snowflake_DAG.py
[2024-02-27T22:49:28.361+0000] {processor.py:830} INFO - Processing file /opt/airflow/dags/GCS_to_Snowflake_DAG.py for tasks to queue
[2024-02-27T22:49:28.364+0000] {logging_mixin.py:188} INFO - [2024-02-27T22:49:28.364+0000] {dagbag.py:538} INFO - Filling up the DagBag from /opt/airflow/dags/GCS_to_Snowflake_DAG.py
[2024-02-27T22:49:29.195+0000] {processor.py:840} INFO - DAG(s) 'gcs_snowflake_etl' retrieved from /opt/airflow/dags/GCS_to_Snowflake_DAG.py
[2024-02-27T22:49:29.228+0000] {logging_mixin.py:188} INFO - [2024-02-27T22:49:29.227+0000] {dag.py:3036} INFO - Sync 1 DAGs
[2024-02-27T22:49:29.264+0000] {logging_mixin.py:188} INFO - [2024-02-27T22:49:29.263+0000] {dag.py:3823} INFO - Setting next_dagrun for gcs_snowflake_etl to 2024-02-27 00:00:00+00:00, run_after=2024-02-28 00:00:00+00:00
[2024-02-27T22:49:29.293+0000] {processor.py:183} INFO - Processing /opt/airflow/dags/GCS_to_Snowflake_DAG.py took 0.941 seconds
[2024-02-27T22:49:59.597+0000] {processor.py:161} INFO - Started process (PID=189) to work on /opt/airflow/dags/GCS_to_Snowflake_DAG.py
[2024-02-27T22:49:59.599+0000] {processor.py:830} INFO - Processing file /opt/airflow/dags/GCS_to_Snowflake_DAG.py for tasks to queue
[2024-02-27T22:49:59.603+0000] {logging_mixin.py:188} INFO - [2024-02-27T22:49:59.603+0000] {dagbag.py:538} INFO - Filling up the DagBag from /opt/airflow/dags/GCS_to_Snowflake_DAG.py
[2024-02-27T22:50:00.445+0000] {processor.py:840} INFO - DAG(s) 'gcs_snowflake_etl' retrieved from /opt/airflow/dags/GCS_to_Snowflake_DAG.py
[2024-02-27T22:50:00.488+0000] {logging_mixin.py:188} INFO - [2024-02-27T22:50:00.486+0000] {dag.py:3036} INFO - Sync 1 DAGs
[2024-02-27T22:50:00.520+0000] {logging_mixin.py:188} INFO - [2024-02-27T22:50:00.519+0000] {dag.py:3823} INFO - Setting next_dagrun for gcs_snowflake_etl to 2024-02-27 00:00:00+00:00, run_after=2024-02-28 00:00:00+00:00
[2024-02-27T22:50:00.550+0000] {processor.py:183} INFO - Processing /opt/airflow/dags/GCS_to_Snowflake_DAG.py took 0.957 seconds
[2024-02-27T22:50:30.830+0000] {processor.py:161} INFO - Started process (PID=197) to work on /opt/airflow/dags/GCS_to_Snowflake_DAG.py
[2024-02-27T22:50:30.832+0000] {processor.py:830} INFO - Processing file /opt/airflow/dags/GCS_to_Snowflake_DAG.py for tasks to queue
[2024-02-27T22:50:30.835+0000] {logging_mixin.py:188} INFO - [2024-02-27T22:50:30.835+0000] {dagbag.py:538} INFO - Filling up the DagBag from /opt/airflow/dags/GCS_to_Snowflake_DAG.py
[2024-02-27T22:50:31.749+0000] {processor.py:840} INFO - DAG(s) 'gcs_snowflake_etl' retrieved from /opt/airflow/dags/GCS_to_Snowflake_DAG.py
[2024-02-27T22:50:31.780+0000] {logging_mixin.py:188} INFO - [2024-02-27T22:50:31.779+0000] {dag.py:3036} INFO - Sync 1 DAGs
[2024-02-27T22:50:31.813+0000] {logging_mixin.py:188} INFO - [2024-02-27T22:50:31.813+0000] {dag.py:3823} INFO - Setting next_dagrun for gcs_snowflake_etl to 2024-02-27 00:00:00+00:00, run_after=2024-02-28 00:00:00+00:00
[2024-02-27T22:50:31.843+0000] {processor.py:183} INFO - Processing /opt/airflow/dags/GCS_to_Snowflake_DAG.py took 1.019 seconds
[2024-02-27T22:51:02.210+0000] {processor.py:161} INFO - Started process (PID=205) to work on /opt/airflow/dags/GCS_to_Snowflake_DAG.py
[2024-02-27T22:51:02.213+0000] {processor.py:830} INFO - Processing file /opt/airflow/dags/GCS_to_Snowflake_DAG.py for tasks to queue
[2024-02-27T22:51:02.220+0000] {logging_mixin.py:188} INFO - [2024-02-27T22:51:02.219+0000] {dagbag.py:538} INFO - Filling up the DagBag from /opt/airflow/dags/GCS_to_Snowflake_DAG.py
[2024-02-27T22:51:03.769+0000] {processor.py:840} INFO - DAG(s) 'gcs_snowflake_etl' retrieved from /opt/airflow/dags/GCS_to_Snowflake_DAG.py
[2024-02-27T22:51:03.805+0000] {logging_mixin.py:188} INFO - [2024-02-27T22:51:03.804+0000] {dag.py:3036} INFO - Sync 1 DAGs
[2024-02-27T22:51:03.846+0000] {logging_mixin.py:188} INFO - [2024-02-27T22:51:03.846+0000] {dag.py:3823} INFO - Setting next_dagrun for gcs_snowflake_etl to 2024-02-27 00:00:00+00:00, run_after=2024-02-28 00:00:00+00:00
[2024-02-27T22:51:03.894+0000] {processor.py:183} INFO - Processing /opt/airflow/dags/GCS_to_Snowflake_DAG.py took 1.691 seconds
[2024-02-27T22:51:34.197+0000] {processor.py:161} INFO - Started process (PID=213) to work on /opt/airflow/dags/GCS_to_Snowflake_DAG.py
[2024-02-27T22:51:34.199+0000] {processor.py:830} INFO - Processing file /opt/airflow/dags/GCS_to_Snowflake_DAG.py for tasks to queue
[2024-02-27T22:51:34.202+0000] {logging_mixin.py:188} INFO - [2024-02-27T22:51:34.201+0000] {dagbag.py:538} INFO - Filling up the DagBag from /opt/airflow/dags/GCS_to_Snowflake_DAG.py
[2024-02-27T22:51:35.075+0000] {processor.py:840} INFO - DAG(s) 'gcs_snowflake_etl' retrieved from /opt/airflow/dags/GCS_to_Snowflake_DAG.py
[2024-02-27T22:51:35.106+0000] {logging_mixin.py:188} INFO - [2024-02-27T22:51:35.105+0000] {dag.py:3036} INFO - Sync 1 DAGs
[2024-02-27T22:51:35.140+0000] {logging_mixin.py:188} INFO - [2024-02-27T22:51:35.140+0000] {dag.py:3823} INFO - Setting next_dagrun for gcs_snowflake_etl to 2024-02-27 00:00:00+00:00, run_after=2024-02-28 00:00:00+00:00
[2024-02-27T22:51:35.167+0000] {processor.py:183} INFO - Processing /opt/airflow/dags/GCS_to_Snowflake_DAG.py took 0.975 seconds
[2024-02-27T22:52:05.437+0000] {processor.py:161} INFO - Started process (PID=221) to work on /opt/airflow/dags/GCS_to_Snowflake_DAG.py
[2024-02-27T22:52:05.439+0000] {processor.py:830} INFO - Processing file /opt/airflow/dags/GCS_to_Snowflake_DAG.py for tasks to queue
[2024-02-27T22:52:05.442+0000] {logging_mixin.py:188} INFO - [2024-02-27T22:52:05.441+0000] {dagbag.py:538} INFO - Filling up the DagBag from /opt/airflow/dags/GCS_to_Snowflake_DAG.py
[2024-02-27T22:52:06.405+0000] {processor.py:840} INFO - DAG(s) 'gcs_snowflake_etl' retrieved from /opt/airflow/dags/GCS_to_Snowflake_DAG.py
[2024-02-27T22:52:06.440+0000] {logging_mixin.py:188} INFO - [2024-02-27T22:52:06.439+0000] {dag.py:3036} INFO - Sync 1 DAGs
[2024-02-27T22:52:06.477+0000] {logging_mixin.py:188} INFO - [2024-02-27T22:52:06.476+0000] {dag.py:3823} INFO - Setting next_dagrun for gcs_snowflake_etl to 2024-02-27 00:00:00+00:00, run_after=2024-02-28 00:00:00+00:00
[2024-02-27T22:52:06.508+0000] {processor.py:183} INFO - Processing /opt/airflow/dags/GCS_to_Snowflake_DAG.py took 1.074 seconds
[2024-02-27T22:52:36.701+0000] {processor.py:161} INFO - Started process (PID=229) to work on /opt/airflow/dags/GCS_to_Snowflake_DAG.py
[2024-02-27T22:52:36.703+0000] {processor.py:830} INFO - Processing file /opt/airflow/dags/GCS_to_Snowflake_DAG.py for tasks to queue
[2024-02-27T22:52:36.706+0000] {logging_mixin.py:188} INFO - [2024-02-27T22:52:36.705+0000] {dagbag.py:538} INFO - Filling up the DagBag from /opt/airflow/dags/GCS_to_Snowflake_DAG.py
[2024-02-27T22:52:37.588+0000] {processor.py:840} INFO - DAG(s) 'gcs_snowflake_etl' retrieved from /opt/airflow/dags/GCS_to_Snowflake_DAG.py
[2024-02-27T22:52:37.630+0000] {logging_mixin.py:188} INFO - [2024-02-27T22:52:37.629+0000] {dag.py:3036} INFO - Sync 1 DAGs
[2024-02-27T22:52:37.667+0000] {logging_mixin.py:188} INFO - [2024-02-27T22:52:37.666+0000] {dag.py:3823} INFO - Setting next_dagrun for gcs_snowflake_etl to 2024-02-27 00:00:00+00:00, run_after=2024-02-28 00:00:00+00:00
[2024-02-27T22:52:37.699+0000] {processor.py:183} INFO - Processing /opt/airflow/dags/GCS_to_Snowflake_DAG.py took 1.003 seconds
[2024-02-27T22:53:07.978+0000] {processor.py:161} INFO - Started process (PID=237) to work on /opt/airflow/dags/GCS_to_Snowflake_DAG.py
[2024-02-27T22:53:07.980+0000] {processor.py:830} INFO - Processing file /opt/airflow/dags/GCS_to_Snowflake_DAG.py for tasks to queue
[2024-02-27T22:53:07.983+0000] {logging_mixin.py:188} INFO - [2024-02-27T22:53:07.982+0000] {dagbag.py:538} INFO - Filling up the DagBag from /opt/airflow/dags/GCS_to_Snowflake_DAG.py
[2024-02-27T22:53:08.890+0000] {processor.py:840} INFO - DAG(s) 'gcs_snowflake_etl' retrieved from /opt/airflow/dags/GCS_to_Snowflake_DAG.py
[2024-02-27T22:53:08.927+0000] {logging_mixin.py:188} INFO - [2024-02-27T22:53:08.926+0000] {dag.py:3036} INFO - Sync 1 DAGs
[2024-02-27T22:53:08.960+0000] {logging_mixin.py:188} INFO - [2024-02-27T22:53:08.960+0000] {dag.py:3823} INFO - Setting next_dagrun for gcs_snowflake_etl to 2024-02-27 00:00:00+00:00, run_after=2024-02-28 00:00:00+00:00
[2024-02-27T22:53:08.987+0000] {processor.py:183} INFO - Processing /opt/airflow/dags/GCS_to_Snowflake_DAG.py took 1.012 seconds
[2024-02-27T22:53:39.255+0000] {processor.py:161} INFO - Started process (PID=245) to work on /opt/airflow/dags/GCS_to_Snowflake_DAG.py
[2024-02-27T22:53:39.257+0000] {processor.py:830} INFO - Processing file /opt/airflow/dags/GCS_to_Snowflake_DAG.py for tasks to queue
[2024-02-27T22:53:39.262+0000] {logging_mixin.py:188} INFO - [2024-02-27T22:53:39.261+0000] {dagbag.py:538} INFO - Filling up the DagBag from /opt/airflow/dags/GCS_to_Snowflake_DAG.py
[2024-02-27T22:53:40.160+0000] {processor.py:840} INFO - DAG(s) 'gcs_snowflake_etl' retrieved from /opt/airflow/dags/GCS_to_Snowflake_DAG.py
[2024-02-27T22:53:40.195+0000] {logging_mixin.py:188} INFO - [2024-02-27T22:53:40.194+0000] {dag.py:3036} INFO - Sync 1 DAGs
[2024-02-27T22:53:40.227+0000] {logging_mixin.py:188} INFO - [2024-02-27T22:53:40.227+0000] {dag.py:3823} INFO - Setting next_dagrun for gcs_snowflake_etl to 2024-02-27 00:00:00+00:00, run_after=2024-02-28 00:00:00+00:00
[2024-02-27T22:53:40.258+0000] {processor.py:183} INFO - Processing /opt/airflow/dags/GCS_to_Snowflake_DAG.py took 1.011 seconds
[2024-02-27T22:54:10.520+0000] {processor.py:161} INFO - Started process (PID=253) to work on /opt/airflow/dags/GCS_to_Snowflake_DAG.py
[2024-02-27T22:54:10.522+0000] {processor.py:830} INFO - Processing file /opt/airflow/dags/GCS_to_Snowflake_DAG.py for tasks to queue
[2024-02-27T22:54:10.526+0000] {logging_mixin.py:188} INFO - [2024-02-27T22:54:10.525+0000] {dagbag.py:538} INFO - Filling up the DagBag from /opt/airflow/dags/GCS_to_Snowflake_DAG.py
[2024-02-27T22:54:11.507+0000] {processor.py:840} INFO - DAG(s) 'gcs_snowflake_etl' retrieved from /opt/airflow/dags/GCS_to_Snowflake_DAG.py
[2024-02-27T22:54:11.563+0000] {logging_mixin.py:188} INFO - [2024-02-27T22:54:11.562+0000] {dag.py:3036} INFO - Sync 1 DAGs
[2024-02-27T22:54:11.607+0000] {logging_mixin.py:188} INFO - [2024-02-27T22:54:11.607+0000] {dag.py:3823} INFO - Setting next_dagrun for gcs_snowflake_etl to 2024-02-27 00:00:00+00:00, run_after=2024-02-28 00:00:00+00:00
[2024-02-27T22:54:11.646+0000] {processor.py:183} INFO - Processing /opt/airflow/dags/GCS_to_Snowflake_DAG.py took 1.131 seconds
[2024-02-27T22:54:41.841+0000] {processor.py:161} INFO - Started process (PID=261) to work on /opt/airflow/dags/GCS_to_Snowflake_DAG.py
[2024-02-27T22:54:41.843+0000] {processor.py:830} INFO - Processing file /opt/airflow/dags/GCS_to_Snowflake_DAG.py for tasks to queue
[2024-02-27T22:54:41.846+0000] {logging_mixin.py:188} INFO - [2024-02-27T22:54:41.845+0000] {dagbag.py:538} INFO - Filling up the DagBag from /opt/airflow/dags/GCS_to_Snowflake_DAG.py
[2024-02-27T22:54:42.667+0000] {processor.py:840} INFO - DAG(s) 'gcs_snowflake_etl' retrieved from /opt/airflow/dags/GCS_to_Snowflake_DAG.py
[2024-02-27T22:54:42.699+0000] {logging_mixin.py:188} INFO - [2024-02-27T22:54:42.698+0000] {dag.py:3036} INFO - Sync 1 DAGs
[2024-02-27T22:54:42.731+0000] {logging_mixin.py:188} INFO - [2024-02-27T22:54:42.731+0000] {dag.py:3823} INFO - Setting next_dagrun for gcs_snowflake_etl to 2024-02-27 00:00:00+00:00, run_after=2024-02-28 00:00:00+00:00
[2024-02-27T22:54:42.759+0000] {processor.py:183} INFO - Processing /opt/airflow/dags/GCS_to_Snowflake_DAG.py took 0.923 seconds
[2024-02-27T22:55:13.046+0000] {processor.py:161} INFO - Started process (PID=269) to work on /opt/airflow/dags/GCS_to_Snowflake_DAG.py
[2024-02-27T22:55:13.047+0000] {processor.py:830} INFO - Processing file /opt/airflow/dags/GCS_to_Snowflake_DAG.py for tasks to queue
[2024-02-27T22:55:13.050+0000] {logging_mixin.py:188} INFO - [2024-02-27T22:55:13.050+0000] {dagbag.py:538} INFO - Filling up the DagBag from /opt/airflow/dags/GCS_to_Snowflake_DAG.py
[2024-02-27T22:55:14.043+0000] {processor.py:840} INFO - DAG(s) 'gcs_snowflake_etl' retrieved from /opt/airflow/dags/GCS_to_Snowflake_DAG.py
[2024-02-27T22:55:14.084+0000] {logging_mixin.py:188} INFO - [2024-02-27T22:55:14.083+0000] {dag.py:3036} INFO - Sync 1 DAGs
[2024-02-27T22:55:14.118+0000] {logging_mixin.py:188} INFO - [2024-02-27T22:55:14.118+0000] {dag.py:3823} INFO - Setting next_dagrun for gcs_snowflake_etl to 2024-02-27 00:00:00+00:00, run_after=2024-02-28 00:00:00+00:00
[2024-02-27T22:55:14.148+0000] {processor.py:183} INFO - Processing /opt/airflow/dags/GCS_to_Snowflake_DAG.py took 1.106 seconds
[2024-02-27T22:55:44.474+0000] {processor.py:161} INFO - Started process (PID=277) to work on /opt/airflow/dags/GCS_to_Snowflake_DAG.py
[2024-02-27T22:55:44.477+0000] {processor.py:830} INFO - Processing file /opt/airflow/dags/GCS_to_Snowflake_DAG.py for tasks to queue
[2024-02-27T22:55:44.481+0000] {logging_mixin.py:188} INFO - [2024-02-27T22:55:44.480+0000] {dagbag.py:538} INFO - Filling up the DagBag from /opt/airflow/dags/GCS_to_Snowflake_DAG.py
[2024-02-27T22:55:45.424+0000] {processor.py:840} INFO - DAG(s) 'gcs_snowflake_etl' retrieved from /opt/airflow/dags/GCS_to_Snowflake_DAG.py
[2024-02-27T22:55:45.474+0000] {logging_mixin.py:188} INFO - [2024-02-27T22:55:45.473+0000] {dag.py:3036} INFO - Sync 1 DAGs
[2024-02-27T22:55:45.535+0000] {logging_mixin.py:188} INFO - [2024-02-27T22:55:45.535+0000] {dag.py:3823} INFO - Setting next_dagrun for gcs_snowflake_etl to 2024-02-27 00:00:00+00:00, run_after=2024-02-28 00:00:00+00:00
[2024-02-27T22:55:45.634+0000] {processor.py:183} INFO - Processing /opt/airflow/dags/GCS_to_Snowflake_DAG.py took 1.168 seconds
[2024-02-27T22:56:15.750+0000] {processor.py:161} INFO - Started process (PID=285) to work on /opt/airflow/dags/GCS_to_Snowflake_DAG.py
[2024-02-27T22:56:15.752+0000] {processor.py:830} INFO - Processing file /opt/airflow/dags/GCS_to_Snowflake_DAG.py for tasks to queue
[2024-02-27T22:56:15.758+0000] {logging_mixin.py:188} INFO - [2024-02-27T22:56:15.757+0000] {dagbag.py:538} INFO - Filling up the DagBag from /opt/airflow/dags/GCS_to_Snowflake_DAG.py
[2024-02-27T22:56:16.782+0000] {processor.py:840} INFO - DAG(s) 'gcs_snowflake_etl' retrieved from /opt/airflow/dags/GCS_to_Snowflake_DAG.py
[2024-02-27T22:56:16.823+0000] {logging_mixin.py:188} INFO - [2024-02-27T22:56:16.822+0000] {dag.py:3036} INFO - Sync 1 DAGs
[2024-02-27T22:56:16.864+0000] {logging_mixin.py:188} INFO - [2024-02-27T22:56:16.864+0000] {dag.py:3823} INFO - Setting next_dagrun for gcs_snowflake_etl to 2024-02-27 00:00:00+00:00, run_after=2024-02-28 00:00:00+00:00
[2024-02-27T22:56:16.903+0000] {processor.py:183} INFO - Processing /opt/airflow/dags/GCS_to_Snowflake_DAG.py took 1.160 seconds
