[2024-02-06T20:13:57.242+0000] {taskinstance.py:1956} INFO - Dependencies all met for dep_context=non-requeueable deps ti=<TaskInstance: s3_snowflake_etl.create_snowflake_table manual__2024-02-06T20:13:41.570151+00:00 [queued]>
[2024-02-06T20:13:57.257+0000] {taskinstance.py:1956} INFO - Dependencies all met for dep_context=requeueable deps ti=<TaskInstance: s3_snowflake_etl.create_snowflake_table manual__2024-02-06T20:13:41.570151+00:00 [queued]>
[2024-02-06T20:13:57.258+0000] {taskinstance.py:2170} INFO - Starting attempt 1 of 3
[2024-02-06T20:13:57.280+0000] {taskinstance.py:2191} INFO - Executing <Task(SnowflakeOperator): create_snowflake_table> on 2024-02-06 20:13:41.570151+00:00
[2024-02-06T20:13:57.290+0000] {standard_task_runner.py:60} INFO - Started process 83 to run task
[2024-02-06T20:13:57.295+0000] {standard_task_runner.py:87} INFO - Running: ['***', 'tasks', 'run', 's3_snowflake_etl', 'create_snowflake_table', 'manual__2024-02-06T20:13:41.570151+00:00', '--job-id', '72', '--raw', '--subdir', 'DAGS_FOLDER/S3_to_Snowflake_DAG.py', '--cfg-path', '/tmp/tmpcca95rrg']
[2024-02-06T20:13:57.298+0000] {standard_task_runner.py:88} INFO - Job 72: Subtask create_snowflake_table
[2024-02-06T20:13:57.377+0000] {task_command.py:423} INFO - Running <TaskInstance: s3_snowflake_etl.create_snowflake_table manual__2024-02-06T20:13:41.570151+00:00 [running]> on host 5828c95b5c96
[2024-02-06T20:13:57.507+0000] {taskinstance.py:2480} INFO - Exporting env vars: AIRFLOW_CTX_DAG_OWNER='stellar' AIRFLOW_CTX_DAG_ID='s3_snowflake_etl' AIRFLOW_CTX_TASK_ID='create_snowflake_table' AIRFLOW_CTX_EXECUTION_DATE='2024-02-06T20:13:41.570151+00:00' AIRFLOW_CTX_TRY_NUMBER='1' AIRFLOW_CTX_DAG_RUN_ID='manual__2024-02-06T20:13:41.570151+00:00'
[2024-02-06T20:13:57.509+0000] {sql.py:276} INFO - Executing: 
            DROP TABLE IF EXISTS full_moon_time;
            CREATE TABLE IF NOT EXISTS full_moon_time(
                Date VARCHAR,
                MoonriseEarly TIME,
                Moonset TIME,
                MoonriseLate TIME,
                Phase VARCHAR,
                PhaseTime TIME,
                CivilDawn TIME,
                CivilDusk TIME 	
            )
        
[2024-02-06T20:13:57.531+0000] {base.py:83} INFO - Using connection ID 'conn_id_snowflake' for task execution.
[2024-02-06T20:13:57.549+0000] {base.py:83} INFO - Using connection ID 'conn_id_snowflake' for task execution.
[2024-02-06T20:13:57.551+0000] {connection.py:370} INFO - Snowflake Connector for Python Version: 3.6.0, Python Version: 3.8.18, Platform: Linux-5.15.133.1-microsoft-standard-WSL2-x86_64-with-glibc2.34
[2024-02-06T20:13:57.553+0000] {connection.py:1171} INFO - This connection is in OCSP Fail Open Mode. TLS Certificates would be checked for validity and revocation status. Any other Certificate Revocation related exceptions or OCSP Responder failures would be disregarded in favor of connectivity.
[2024-02-06T20:13:58.717+0000] {cursor.py:1028} INFO - query: [ALTER SESSION SET autocommit=False]
[2024-02-06T20:13:58.865+0000] {cursor.py:1041} INFO - query execution done
[2024-02-06T20:13:58.866+0000] {cursor.py:1205} INFO - Number of results in first chunk: 1
[2024-02-06T20:13:58.868+0000] {sql.py:450} INFO - Running statement: DROP TABLE IF EXISTS full_moon_time;, parameters: None
[2024-02-06T20:13:58.868+0000] {cursor.py:1028} INFO - query: [DROP TABLE IF EXISTS full_moon_time;]
[2024-02-06T20:13:59.034+0000] {cursor.py:1041} INFO - query execution done
[2024-02-06T20:13:59.036+0000] {cursor.py:1205} INFO - Number of results in first chunk: 1
[2024-02-06T20:13:59.038+0000] {sql.py:459} INFO - Rows affected: 1
[2024-02-06T20:13:59.039+0000] {snowflake.py:400} INFO - Rows affected: 1
[2024-02-06T20:13:59.041+0000] {snowflake.py:401} INFO - Snowflake query id: 01b22d1d-3200-fd6c-0000-0007a44ef005
[2024-02-06T20:13:59.041+0000] {sql.py:450} INFO - Running statement: CREATE TABLE IF NOT EXISTS full_moon_time(
                Date VARCHAR,
                MoonriseEarly TIME,
                Moonset TIME,
                MoonriseLate TIME,
                Phase VARCHAR,
                PhaseTime TIME,
                CivilDawn TIME,
                CivilDusk TIME 	
            ), parameters: None
[2024-02-06T20:13:59.043+0000] {cursor.py:1028} INFO - query: [CREATE TABLE IF NOT EXISTS full_moon_time( Date VARCHAR, MoonriseEarly TIME, Moo...]
[2024-02-06T20:13:59.194+0000] {cursor.py:1041} INFO - query execution done
[2024-02-06T20:13:59.195+0000] {cursor.py:1205} INFO - Number of results in first chunk: 1
[2024-02-06T20:13:59.196+0000] {sql.py:459} INFO - Rows affected: 1
[2024-02-06T20:13:59.198+0000] {snowflake.py:400} INFO - Rows affected: 1
[2024-02-06T20:13:59.198+0000] {snowflake.py:401} INFO - Snowflake query id: 01b22d1d-3200-fd6a-0000-0007a44ee009
[2024-02-06T20:13:59.199+0000] {cursor.py:1028} INFO - query: [COMMIT]
[2024-02-06T20:13:59.280+0000] {cursor.py:1041} INFO - query execution done
[2024-02-06T20:13:59.281+0000] {cursor.py:1205} INFO - Number of results in first chunk: 1
[2024-02-06T20:13:59.282+0000] {connection.py:718} INFO - closed
[2024-02-06T20:13:59.344+0000] {connection.py:724} INFO - No async queries seem to be running, deleting session
[2024-02-06T20:13:59.457+0000] {taskinstance.py:1138} INFO - Marking task as SUCCESS. dag_id=s3_snowflake_etl, task_id=create_snowflake_table, execution_date=20240206T201341, start_date=20240206T201357, end_date=20240206T201359
[2024-02-06T20:13:59.518+0000] {local_task_job_runner.py:234} INFO - Task exited with return code 0
[2024-02-06T20:13:59.573+0000] {taskinstance.py:3280} INFO - 1 downstream tasks scheduled from follow-on schedule check
