[2024-02-29T19:04:10.674+0000] {taskinstance.py:1956} INFO - Dependencies all met for dep_context=non-requeueable deps ti=<TaskInstance: gcs_snowflake_etl.create_snowflake_database manual__2024-02-29T18:42:25.577943+00:00 [queued]>
[2024-02-29T19:04:10.702+0000] {taskinstance.py:1956} INFO - Dependencies all met for dep_context=requeueable deps ti=<TaskInstance: gcs_snowflake_etl.create_snowflake_database manual__2024-02-29T18:42:25.577943+00:00 [queued]>
[2024-02-29T19:04:10.704+0000] {taskinstance.py:2170} INFO - Starting attempt 9 of 10
[2024-02-29T19:04:10.734+0000] {taskinstance.py:2191} INFO - Executing <Task(SnowflakeOperator): create_snowflake_database> on 2024-02-29 18:42:25.577943+00:00
[2024-02-29T19:04:10.746+0000] {standard_task_runner.py:60} INFO - Started process 64 to run task
[2024-02-29T19:04:10.756+0000] {standard_task_runner.py:87} INFO - Running: ['***', 'tasks', 'run', 'gcs_snowflake_etl', 'create_snowflake_database', 'manual__2024-02-29T18:42:25.577943+00:00', '--job-id', '39', '--raw', '--subdir', 'DAGS_FOLDER/GCS_to_Snowflake_DAG.py', '--cfg-path', '/tmp/tmp4hriobhd']
[2024-02-29T19:04:10.765+0000] {standard_task_runner.py:88} INFO - Job 39: Subtask create_snowflake_database
[2024-02-29T19:04:10.864+0000] {task_command.py:423} INFO - Running <TaskInstance: gcs_snowflake_etl.create_snowflake_database manual__2024-02-29T18:42:25.577943+00:00 [running]> on host 7ac0abcc07bf
[2024-02-29T19:04:11.022+0000] {taskinstance.py:2480} INFO - Exporting env vars: AIRFLOW_CTX_DAG_OWNER='stellar' AIRFLOW_CTX_DAG_ID='gcs_snowflake_etl' AIRFLOW_CTX_TASK_ID='create_snowflake_database' AIRFLOW_CTX_EXECUTION_DATE='2024-02-29T18:42:25.577943+00:00' AIRFLOW_CTX_TRY_NUMBER='9' AIRFLOW_CTX_DAG_RUN_ID='manual__2024-02-29T18:42:25.577943+00:00'
[2024-02-29T19:04:11.024+0000] {sql.py:276} INFO - Executing: 
                    CREATE DATABASE IF NOT EXISTS Project_US_Stock_Market ;
            
[2024-02-29T19:04:11.051+0000] {taskinstance.py:2698} ERROR - Task failed with exception
Traceback (most recent call last):
  File "/home/airflow/.local/lib/python3.8/site-packages/airflow/models/taskinstance.py", line 433, in _execute_task
    result = execute_callable(context=context, **execute_callable_kwargs)
  File "/home/airflow/.local/lib/python3.8/site-packages/airflow/providers/common/sql/operators/sql.py", line 277, in execute
    hook = self.get_db_hook()
  File "/home/airflow/.local/lib/python3.8/site-packages/airflow/providers/common/sql/operators/sql.py", line 188, in get_db_hook
    return self._hook
  File "/usr/local/lib/python3.8/functools.py", line 967, in __get__
    val = self.func(instance)
  File "/home/airflow/.local/lib/python3.8/site-packages/airflow/providers/common/sql/operators/sql.py", line 150, in _hook
    conn = BaseHook.get_connection(conn_id)
  File "/home/airflow/.local/lib/python3.8/site-packages/airflow/hooks/base.py", line 82, in get_connection
    conn = Connection.get_connection_from_secrets(conn_id)
  File "/home/airflow/.local/lib/python3.8/site-packages/airflow/models/connection.py", line 479, in get_connection_from_secrets
    raise AirflowNotFoundException(f"The conn_id `{conn_id}` isn't defined")
airflow.exceptions.AirflowNotFoundException: The conn_id `conn_id_snowflake1` isn't defined
[2024-02-29T19:04:11.058+0000] {taskinstance.py:1138} INFO - Marking task as UP_FOR_RETRY. dag_id=gcs_snowflake_etl, task_id=create_snowflake_database, execution_date=20240229T184225, start_date=20240229T190410, end_date=20240229T190411
[2024-02-29T19:04:11.078+0000] {standard_task_runner.py:107} ERROR - Failed to execute job 39 for task create_snowflake_database (The conn_id `conn_id_snowflake1` isn't defined; 64)
[2024-02-29T19:04:11.099+0000] {local_task_job_runner.py:234} INFO - Task exited with return code 1
[2024-02-29T19:04:11.152+0000] {taskinstance.py:3280} INFO - 0 downstream tasks scheduled from follow-on schedule check
