[2024-02-28T13:06:51.449+0000] {taskinstance.py:1956} INFO - Dependencies all met for dep_context=non-requeueable deps ti=<TaskInstance: gcs_snowflake_etl.transform_data manual__2024-02-28T13:04:26.741763+00:00 [queued]>
[2024-02-28T13:06:51.467+0000] {taskinstance.py:1956} INFO - Dependencies all met for dep_context=requeueable deps ti=<TaskInstance: gcs_snowflake_etl.transform_data manual__2024-02-28T13:04:26.741763+00:00 [queued]>
[2024-02-28T13:06:51.468+0000] {taskinstance.py:2170} INFO - Starting attempt 2 of 3
[2024-02-28T13:06:51.511+0000] {taskinstance.py:2191} INFO - Executing <Task(PythonOperator): transform_data> on 2024-02-28 13:04:26.741763+00:00
[2024-02-28T13:06:51.519+0000] {standard_task_runner.py:60} INFO - Started process 55 to run task
[2024-02-28T13:06:51.525+0000] {standard_task_runner.py:87} INFO - Running: ['***', 'tasks', 'run', 'gcs_snowflake_etl', 'transform_data', 'manual__2024-02-28T13:04:26.741763+00:00', '--job-id', '73', '--raw', '--subdir', 'DAGS_FOLDER/GCS_to_Snowflake_DAG.py', '--cfg-path', '/tmp/tmp9ze51r6l']
[2024-02-28T13:06:51.529+0000] {standard_task_runner.py:88} INFO - Job 73: Subtask transform_data
[2024-02-28T13:06:51.615+0000] {task_command.py:423} INFO - Running <TaskInstance: gcs_snowflake_etl.transform_data manual__2024-02-28T13:04:26.741763+00:00 [running]> on host b9a0bf70b495
[2024-02-28T13:06:51.739+0000] {taskinstance.py:2480} INFO - Exporting env vars: AIRFLOW_CTX_DAG_OWNER='stellar' AIRFLOW_CTX_DAG_ID='gcs_snowflake_etl' AIRFLOW_CTX_TASK_ID='transform_data' AIRFLOW_CTX_EXECUTION_DATE='2024-02-28T13:04:26.741763+00:00' AIRFLOW_CTX_TRY_NUMBER='2' AIRFLOW_CTX_DAG_RUN_ID='manual__2024-02-28T13:04:26.741763+00:00'
[2024-02-28T13:06:51.741+0000] {taskinstance.py:2698} ERROR - Task failed with exception
Traceback (most recent call last):
  File "/home/airflow/.local/lib/python3.8/site-packages/airflow/models/taskinstance.py", line 433, in _execute_task
    result = execute_callable(context=context, **execute_callable_kwargs)
  File "/home/airflow/.local/lib/python3.8/site-packages/airflow/operators/python.py", line 199, in execute
    return_value = self.execute_callable()
  File "/home/airflow/.local/lib/python3.8/site-packages/airflow/operators/python.py", line 216, in execute_callable
    return self.python_callable(*self.op_args, **self.op_kwargs)
  File "/opt/airflow/dags/GCS_to_Snowflake_DAG.py", line 31, in transform_data
    GOOGLE_APPLICATION_CREDENTIALS = os.environ["GOOGLE_APPLICATION_CREDENTIALS"]
  File "/usr/local/lib/python3.8/os.py", line 675, in __getitem__
    raise KeyError(key) from None
KeyError: 'GOOGLE_APPLICATION_CREDENTIALS'
[2024-02-28T13:06:51.757+0000] {taskinstance.py:1138} INFO - Marking task as UP_FOR_RETRY. dag_id=gcs_snowflake_etl, task_id=transform_data, execution_date=20240228T130426, start_date=20240228T130651, end_date=20240228T130651
[2024-02-28T13:06:51.780+0000] {standard_task_runner.py:107} ERROR - Failed to execute job 73 for task transform_data ('GOOGLE_APPLICATION_CREDENTIALS'; 55)
[2024-02-28T13:06:51.818+0000] {local_task_job_runner.py:234} INFO - Task exited with return code 1
[2024-02-28T13:06:51.850+0000] {taskinstance.py:3280} INFO - 0 downstream tasks scheduled from follow-on schedule check
