[2024-02-06T21:12:35.891+0000] {taskinstance.py:1956} INFO - Dependencies all met for dep_context=non-requeueable deps ti=<TaskInstance: s3_snowflake_etl.notify_by_email manual__2024-02-06T21:01:46.864098+00:00 [queued]>
[2024-02-06T21:12:35.910+0000] {taskinstance.py:1956} INFO - Dependencies all met for dep_context=requeueable deps ti=<TaskInstance: s3_snowflake_etl.notify_by_email manual__2024-02-06T21:01:46.864098+00:00 [queued]>
[2024-02-06T21:12:35.911+0000] {taskinstance.py:2170} INFO - Starting attempt 2 of 3
[2024-02-06T21:12:35.938+0000] {taskinstance.py:2191} INFO - Executing <Task(EmailOperator): notify_by_email> on 2024-02-06 21:01:46.864098+00:00
[2024-02-06T21:12:35.946+0000] {standard_task_runner.py:60} INFO - Started process 64 to run task
[2024-02-06T21:12:35.951+0000] {standard_task_runner.py:87} INFO - Running: ['***', 'tasks', 'run', 's3_snowflake_etl', 'notify_by_email', 'manual__2024-02-06T21:01:46.864098+00:00', '--job-id', '125', '--raw', '--subdir', 'DAGS_FOLDER/S3_to_Snowflake_DAG.py', '--cfg-path', '/tmp/tmpdrgq1ujn']
[2024-02-06T21:12:35.953+0000] {standard_task_runner.py:88} INFO - Job 125: Subtask notify_by_email
[2024-02-06T21:12:36.039+0000] {task_command.py:423} INFO - Running <TaskInstance: s3_snowflake_etl.notify_by_email manual__2024-02-06T21:01:46.864098+00:00 [running]> on host a6434a1e0cd1
[2024-02-06T21:12:36.153+0000] {taskinstance.py:2480} INFO - Exporting env vars: AIRFLOW_CTX_DAG_OWNER='stellar' AIRFLOW_CTX_DAG_ID='s3_snowflake_etl' AIRFLOW_CTX_TASK_ID='notify_by_email' AIRFLOW_CTX_EXECUTION_DATE='2024-02-06T21:01:46.864098+00:00' AIRFLOW_CTX_TRY_NUMBER='2' AIRFLOW_CTX_DAG_RUN_ID='manual__2024-02-06T21:01:46.864098+00:00'
[2024-02-06T21:12:36.174+0000] {warnings.py:109} WARNING - /home/***/.local/lib/python3.8/site-packages/***/utils/email.py:154: RemovedInAirflow3Warning: Fetching SMTP credentials from configuration variables will be deprecated in a future release. Please set credentials using a connection instead.
  send_mime_email(e_from=mail_from, e_to=recipients, mime_msg=msg, conn_id=conn_id, dryrun=dryrun)

[2024-02-06T21:12:36.175+0000] {configuration.py:1046} WARNING - section/key [smtp/smtp_user] not found in config
[2024-02-06T21:12:36.176+0000] {email.py:270} INFO - Email alerting: attempt 1
[2024-02-06T21:12:36.865+0000] {email.py:281} INFO - Sent an alert email to ['grittapop.p@gmail.com']
[2024-02-06T21:12:37.450+0000] {taskinstance.py:2698} ERROR - Task failed with exception
Traceback (most recent call last):
  File "/home/airflow/.local/lib/python3.8/site-packages/airflow/models/taskinstance.py", line 433, in _execute_task
    result = execute_callable(context=context, **execute_callable_kwargs)
  File "/home/airflow/.local/lib/python3.8/site-packages/airflow/operators/email.py", line 79, in execute
    send_email(
  File "/home/airflow/.local/lib/python3.8/site-packages/airflow/utils/email.py", line 80, in send_email
    return backend(
  File "/home/airflow/.local/lib/python3.8/site-packages/airflow/utils/email.py", line 154, in send_email_smtp
    send_mime_email(e_from=mail_from, e_to=recipients, mime_msg=msg, conn_id=conn_id, dryrun=dryrun)
  File "/home/airflow/.local/lib/python3.8/site-packages/airflow/utils/email.py", line 282, in send_mime_email
    smtp_conn.sendmail(e_from, e_to, mime_msg.as_string())
  File "/usr/local/lib/python3.8/smtplib.py", line 885, in sendmail
    raise SMTPSenderRefused(code, resp, from_addr)
smtplib.SMTPSenderRefused: (530, b'5.7.0 Authentication Required. For more information, go to\n5.7.0  https://support.google.com/mail/?p=WantAuthError e5-20020a170902cf4500b001d944bf2d83sm2358591plg.7 - gsmtp', '***@example.com')
[2024-02-06T21:12:37.467+0000] {taskinstance.py:1138} INFO - Marking task as UP_FOR_RETRY. dag_id=s3_snowflake_etl, task_id=notify_by_email, execution_date=20240206T210146, start_date=20240206T211235, end_date=20240206T211237
[2024-02-06T21:12:37.493+0000] {standard_task_runner.py:107} ERROR - Failed to execute job 125 for task notify_by_email ((530, b'5.7.0 Authentication Required. For more information, go to\n5.7.0  https://support.google.com/mail/?p=WantAuthError e5-20020a170902cf4500b001d944bf2d83sm2358591plg.7 - gsmtp', '***@example.com'); 64)
[2024-02-06T21:12:37.529+0000] {local_task_job_runner.py:234} INFO - Task exited with return code 1
[2024-02-06T21:12:37.558+0000] {taskinstance.py:3280} INFO - 0 downstream tasks scheduled from follow-on schedule check
