[2024-02-06T17:50:35.991+0000] {taskinstance.py:1956} INFO - Dependencies all met for dep_context=non-requeueable deps ti=<TaskInstance: s3_snowflake_etl.create_snowflake_table manual__2024-02-06T17:50:26.910363+00:00 [queued]>
[2024-02-06T17:50:36.007+0000] {taskinstance.py:1956} INFO - Dependencies all met for dep_context=requeueable deps ti=<TaskInstance: s3_snowflake_etl.create_snowflake_table manual__2024-02-06T17:50:26.910363+00:00 [queued]>
[2024-02-06T17:50:36.008+0000] {taskinstance.py:2170} INFO - Starting attempt 1 of 3
[2024-02-06T17:50:36.031+0000] {taskinstance.py:2191} INFO - Executing <Task(SnowflakeOperator): create_snowflake_table> on 2024-02-06 17:50:26.910363+00:00
[2024-02-06T17:50:36.039+0000] {standard_task_runner.py:60} INFO - Started process 192 to run task
[2024-02-06T17:50:36.045+0000] {standard_task_runner.py:87} INFO - Running: ['***', 'tasks', 'run', 's3_snowflake_etl', 'create_snowflake_table', 'manual__2024-02-06T17:50:26.910363+00:00', '--job-id', '21', '--raw', '--subdir', 'DAGS_FOLDER/S3_to_Snowflake_DAG.py', '--cfg-path', '/tmp/tmpwzvdzbkr']
[2024-02-06T17:50:36.047+0000] {standard_task_runner.py:88} INFO - Job 21: Subtask create_snowflake_table
[2024-02-06T17:50:36.121+0000] {task_command.py:423} INFO - Running <TaskInstance: s3_snowflake_etl.create_snowflake_table manual__2024-02-06T17:50:26.910363+00:00 [running]> on host 79019d796c34
[2024-02-06T17:50:36.223+0000] {taskinstance.py:2480} INFO - Exporting env vars: AIRFLOW_CTX_DAG_OWNER='stellar' AIRFLOW_CTX_DAG_ID='s3_snowflake_etl' AIRFLOW_CTX_TASK_ID='create_snowflake_table' AIRFLOW_CTX_EXECUTION_DATE='2024-02-06T17:50:26.910363+00:00' AIRFLOW_CTX_TRY_NUMBER='1' AIRFLOW_CTX_DAG_RUN_ID='manual__2024-02-06T17:50:26.910363+00:00'
[2024-02-06T17:50:36.226+0000] {sql.py:276} INFO - Executing: 
            DROP TABLE IF EXISTS full_moon_time;
            CREATE TABLE IF NOT EXISTS full_moon_time(
                Date VARCHAR NOT NULL,
                MoonriseEarly TIME NOT NULL,
                Moonset TIME NOT NULL,
                MoonriseLate TIME NOT NULL,
                Phase VARCHAR NOT NULL,
                PhaseTime TIME NOT NULL,
                CivilDawn TIME NOT NULL,
                CivilDusk TIME NOT NULL	
            )
        
[2024-02-06T17:50:36.244+0000] {base.py:83} INFO - Using connection ID 'conn_id_snowflake' for task execution.
[2024-02-06T17:50:36.259+0000] {base.py:83} INFO - Using connection ID 'conn_id_snowflake' for task execution.
[2024-02-06T17:50:36.260+0000] {connection.py:370} INFO - Snowflake Connector for Python Version: 3.6.0, Python Version: 3.8.18, Platform: Linux-5.15.133.1-microsoft-standard-WSL2-x86_64-with-glibc2.34
[2024-02-06T17:50:36.262+0000] {connection.py:1171} INFO - This connection is in OCSP Fail Open Mode. TLS Certificates would be checked for validity and revocation status. Any other Certificate Revocation related exceptions or OCSP Responder failures would be disregarded in favor of connectivity.
[2024-02-06T17:50:36.800+0000] {cursor.py:1028} INFO - query: [ALTER SESSION SET autocommit=False]
[2024-02-06T17:50:36.891+0000] {cursor.py:1041} INFO - query execution done
[2024-02-06T17:50:36.893+0000] {cursor.py:1205} INFO - Number of results in first chunk: 1
[2024-02-06T17:50:36.895+0000] {sql.py:450} INFO - Running statement: DROP TABLE IF EXISTS full_moon_time;, parameters: None
[2024-02-06T17:50:36.896+0000] {cursor.py:1028} INFO - query: [DROP TABLE IF EXISTS full_moon_time;]
[2024-02-06T17:50:37.016+0000] {cursor.py:1041} INFO - query execution done
[2024-02-06T17:50:37.018+0000] {cursor.py:1205} INFO - Number of results in first chunk: 1
[2024-02-06T17:50:37.020+0000] {sql.py:459} INFO - Rows affected: 1
[2024-02-06T17:50:37.022+0000] {snowflake.py:400} INFO - Rows affected: 1
[2024-02-06T17:50:37.023+0000] {snowflake.py:401} INFO - Snowflake query id: 01b22c8e-3200-fd51-0000-0007a44ed249
[2024-02-06T17:50:37.025+0000] {sql.py:450} INFO - Running statement: CREATE TABLE IF NOT EXISTS full_moon_time(
                Date VARCHAR NOT NULL,
                MoonriseEarly TIME NOT NULL,
                Moonset TIME NOT NULL,
                MoonriseLate TIME NOT NULL,
                Phase VARCHAR NOT NULL,
                PhaseTime TIME NOT NULL,
                CivilDawn TIME NOT NULL,
                CivilDusk TIME NOT NULL	
            ), parameters: None
[2024-02-06T17:50:37.026+0000] {cursor.py:1028} INFO - query: [CREATE TABLE IF NOT EXISTS full_moon_time( Date VARCHAR NOT NULL, MoonriseEarly ...]
[2024-02-06T17:50:37.225+0000] {cursor.py:1041} INFO - query execution done
[2024-02-06T17:50:37.226+0000] {cursor.py:1205} INFO - Number of results in first chunk: 1
[2024-02-06T17:50:37.227+0000] {sql.py:459} INFO - Rows affected: 1
[2024-02-06T17:50:37.228+0000] {snowflake.py:400} INFO - Rows affected: 1
[2024-02-06T17:50:37.229+0000] {snowflake.py:401} INFO - Snowflake query id: 01b22c8e-3200-fd50-0000-0007a44ec299
[2024-02-06T17:50:37.230+0000] {cursor.py:1028} INFO - query: [COMMIT]
[2024-02-06T17:50:37.305+0000] {cursor.py:1041} INFO - query execution done
[2024-02-06T17:50:37.306+0000] {cursor.py:1205} INFO - Number of results in first chunk: 1
[2024-02-06T17:50:37.307+0000] {connection.py:718} INFO - closed
[2024-02-06T17:50:37.369+0000] {connection.py:724} INFO - No async queries seem to be running, deleting session
[2024-02-06T17:50:37.494+0000] {taskinstance.py:1138} INFO - Marking task as SUCCESS. dag_id=s3_snowflake_etl, task_id=create_snowflake_table, execution_date=20240206T175026, start_date=20240206T175035, end_date=20240206T175037
[2024-02-06T17:50:37.545+0000] {local_task_job_runner.py:234} INFO - Task exited with return code 0
[2024-02-06T17:50:37.588+0000] {taskinstance.py:3280} INFO - 1 downstream tasks scheduled from follow-on schedule check
