[2024-02-29T17:26:16.887+0000] {taskinstance.py:1956} INFO - Dependencies all met for dep_context=non-requeueable deps ti=<TaskInstance: gcs_snowflake_etl.transform_data scheduled__2024-02-28T00:00:00+00:00 [queued]>
[2024-02-29T17:26:16.907+0000] {taskinstance.py:1956} INFO - Dependencies all met for dep_context=requeueable deps ti=<TaskInstance: gcs_snowflake_etl.transform_data scheduled__2024-02-28T00:00:00+00:00 [queued]>
[2024-02-29T17:26:16.908+0000] {taskinstance.py:2170} INFO - Starting attempt 1 of 3
[2024-02-29T17:26:16.935+0000] {taskinstance.py:2191} INFO - Executing <Task(PythonOperator): transform_data> on 2024-02-28 00:00:00+00:00
[2024-02-29T17:26:16.946+0000] {standard_task_runner.py:60} INFO - Started process 254 to run task
[2024-02-29T17:26:16.953+0000] {standard_task_runner.py:87} INFO - Running: ['***', 'tasks', 'run', 'gcs_snowflake_etl', 'transform_data', 'scheduled__2024-02-28T00:00:00+00:00', '--job-id', '285', '--raw', '--subdir', 'DAGS_FOLDER/GCS_to_Snowflake_DAG.py', '--cfg-path', '/tmp/tmpm444fyfu']
[2024-02-29T17:26:16.960+0000] {standard_task_runner.py:88} INFO - Job 285: Subtask transform_data
[2024-02-29T17:26:17.053+0000] {task_command.py:423} INFO - Running <TaskInstance: gcs_snowflake_etl.transform_data scheduled__2024-02-28T00:00:00+00:00 [running]> on host 1753c686362f
[2024-02-29T17:26:17.222+0000] {taskinstance.py:2480} INFO - Exporting env vars: AIRFLOW_CTX_DAG_OWNER='stellar' AIRFLOW_CTX_DAG_ID='gcs_snowflake_etl' AIRFLOW_CTX_TASK_ID='transform_data' AIRFLOW_CTX_EXECUTION_DATE='2024-02-28T00:00:00+00:00' AIRFLOW_CTX_TRY_NUMBER='1' AIRFLOW_CTX_DAG_RUN_ID='scheduled__2024-02-28T00:00:00+00:00'
[2024-02-29T17:26:18.654+0000] {python.py:201} INFO - Done. Returned value was: None
[2024-02-29T17:26:18.674+0000] {taskinstance.py:1138} INFO - Marking task as SUCCESS. dag_id=gcs_snowflake_etl, task_id=transform_data, execution_date=20240228T000000, start_date=20240229T172616, end_date=20240229T172618
[2024-02-29T17:26:18.735+0000] {local_task_job_runner.py:234} INFO - Task exited with return code 0
[2024-02-29T17:26:18.889+0000] {taskinstance.py:3280} INFO - 0 downstream tasks scheduled from follow-on schedule check
[2024-02-29T18:19:58.489+0000] {taskinstance.py:1956} INFO - Dependencies all met for dep_context=non-requeueable deps ti=<TaskInstance: gcs_snowflake_etl.transform_data scheduled__2024-02-28T00:00:00+00:00 [queued]>
[2024-02-29T18:19:58.508+0000] {taskinstance.py:1956} INFO - Dependencies all met for dep_context=requeueable deps ti=<TaskInstance: gcs_snowflake_etl.transform_data scheduled__2024-02-28T00:00:00+00:00 [queued]>
[2024-02-29T18:19:58.511+0000] {taskinstance.py:2170} INFO - Starting attempt 1 of 3
[2024-02-29T18:19:58.539+0000] {taskinstance.py:2191} INFO - Executing <Task(PythonOperator): transform_data> on 2024-02-28 00:00:00+00:00
[2024-02-29T18:19:58.549+0000] {standard_task_runner.py:60} INFO - Started process 150 to run task
[2024-02-29T18:19:58.555+0000] {standard_task_runner.py:87} INFO - Running: ['***', 'tasks', 'run', 'gcs_snowflake_etl', 'transform_data', 'scheduled__2024-02-28T00:00:00+00:00', '--job-id', '6', '--raw', '--subdir', 'DAGS_FOLDER/GCS_to_Snowflake_DAG.py', '--cfg-path', '/tmp/tmp7ol67z7c']
[2024-02-29T18:19:58.561+0000] {standard_task_runner.py:88} INFO - Job 6: Subtask transform_data
[2024-02-29T18:19:58.637+0000] {task_command.py:423} INFO - Running <TaskInstance: gcs_snowflake_etl.transform_data scheduled__2024-02-28T00:00:00+00:00 [running]> on host 7ac0abcc07bf
[2024-02-29T18:19:58.743+0000] {taskinstance.py:2480} INFO - Exporting env vars: AIRFLOW_CTX_DAG_OWNER='stellar' AIRFLOW_CTX_DAG_ID='gcs_snowflake_etl' AIRFLOW_CTX_TASK_ID='transform_data' AIRFLOW_CTX_EXECUTION_DATE='2024-02-28T00:00:00+00:00' AIRFLOW_CTX_TRY_NUMBER='1' AIRFLOW_CTX_DAG_RUN_ID='scheduled__2024-02-28T00:00:00+00:00'
[2024-02-29T18:20:06.726+0000] {python.py:201} INFO - Done. Returned value was: None
[2024-02-29T18:20:06.748+0000] {taskinstance.py:1138} INFO - Marking task as SUCCESS. dag_id=gcs_snowflake_etl, task_id=transform_data, execution_date=20240228T000000, start_date=20240229T181958, end_date=20240229T182006
[2024-02-29T18:20:06.834+0000] {local_task_job_runner.py:234} INFO - Task exited with return code 0
[2024-02-29T18:20:06.880+0000] {taskinstance.py:3280} INFO - 1 downstream tasks scheduled from follow-on schedule check
[2024-02-29T19:25:10.853+0000] {taskinstance.py:1956} INFO - Dependencies all met for dep_context=non-requeueable deps ti=<TaskInstance: gcs_snowflake_etl.transform_data scheduled__2024-02-28T00:00:00+00:00 [queued]>
[2024-02-29T19:25:10.879+0000] {taskinstance.py:1956} INFO - Dependencies all met for dep_context=requeueable deps ti=<TaskInstance: gcs_snowflake_etl.transform_data scheduled__2024-02-28T00:00:00+00:00 [queued]>
[2024-02-29T19:25:10.881+0000] {taskinstance.py:2170} INFO - Starting attempt 1 of 3
[2024-02-29T19:25:10.907+0000] {taskinstance.py:2191} INFO - Executing <Task(PythonOperator): transform_data> on 2024-02-28 00:00:00+00:00
[2024-02-29T19:25:10.915+0000] {standard_task_runner.py:60} INFO - Started process 75 to run task
[2024-02-29T19:25:10.921+0000] {standard_task_runner.py:87} INFO - Running: ['***', 'tasks', 'run', 'gcs_snowflake_etl', 'transform_data', 'scheduled__2024-02-28T00:00:00+00:00', '--job-id', '7', '--raw', '--subdir', 'DAGS_FOLDER/GCS_to_Snowflake_DAG.py', '--cfg-path', '/tmp/tmp6ueba1na']
[2024-02-29T19:25:10.926+0000] {standard_task_runner.py:88} INFO - Job 7: Subtask transform_data
[2024-02-29T19:25:11.003+0000] {task_command.py:423} INFO - Running <TaskInstance: gcs_snowflake_etl.transform_data scheduled__2024-02-28T00:00:00+00:00 [running]> on host 14357164fa05
[2024-02-29T19:25:11.109+0000] {taskinstance.py:2480} INFO - Exporting env vars: AIRFLOW_CTX_DAG_OWNER='stellar' AIRFLOW_CTX_DAG_ID='gcs_snowflake_etl' AIRFLOW_CTX_TASK_ID='transform_data' AIRFLOW_CTX_EXECUTION_DATE='2024-02-28T00:00:00+00:00' AIRFLOW_CTX_TRY_NUMBER='1' AIRFLOW_CTX_DAG_RUN_ID='scheduled__2024-02-28T00:00:00+00:00'
[2024-02-29T19:25:17.433+0000] {python.py:201} INFO - Done. Returned value was: None
[2024-02-29T19:25:17.450+0000] {taskinstance.py:1138} INFO - Marking task as SUCCESS. dag_id=gcs_snowflake_etl, task_id=transform_data, execution_date=20240228T000000, start_date=20240229T192510, end_date=20240229T192517
[2024-02-29T19:25:17.499+0000] {local_task_job_runner.py:234} INFO - Task exited with return code 0
[2024-02-29T19:25:17.586+0000] {taskinstance.py:3280} INFO - 1 downstream tasks scheduled from follow-on schedule check
[2024-02-29T19:30:00.926+0000] {taskinstance.py:1956} INFO - Dependencies all met for dep_context=non-requeueable deps ti=<TaskInstance: gcs_snowflake_etl.transform_data scheduled__2024-02-28T00:00:00+00:00 [queued]>
[2024-02-29T19:30:00.940+0000] {taskinstance.py:1956} INFO - Dependencies all met for dep_context=requeueable deps ti=<TaskInstance: gcs_snowflake_etl.transform_data scheduled__2024-02-28T00:00:00+00:00 [queued]>
[2024-02-29T19:30:00.941+0000] {taskinstance.py:2170} INFO - Starting attempt 1 of 3
[2024-02-29T19:30:00.961+0000] {taskinstance.py:2191} INFO - Executing <Task(PythonOperator): transform_data> on 2024-02-28 00:00:00+00:00
[2024-02-29T19:30:00.968+0000] {standard_task_runner.py:60} INFO - Started process 102 to run task
[2024-02-29T19:30:00.973+0000] {standard_task_runner.py:87} INFO - Running: ['***', 'tasks', 'run', 'gcs_snowflake_etl', 'transform_data', 'scheduled__2024-02-28T00:00:00+00:00', '--job-id', '16', '--raw', '--subdir', 'DAGS_FOLDER/GCS_to_Snowflake_DAG.py', '--cfg-path', '/tmp/tmpdti6x62_']
[2024-02-29T19:30:00.978+0000] {standard_task_runner.py:88} INFO - Job 16: Subtask transform_data
[2024-02-29T19:30:01.042+0000] {task_command.py:423} INFO - Running <TaskInstance: gcs_snowflake_etl.transform_data scheduled__2024-02-28T00:00:00+00:00 [running]> on host 14357164fa05
[2024-02-29T19:30:01.155+0000] {taskinstance.py:2480} INFO - Exporting env vars: AIRFLOW_CTX_DAG_OWNER='stellar' AIRFLOW_CTX_DAG_ID='gcs_snowflake_etl' AIRFLOW_CTX_TASK_ID='transform_data' AIRFLOW_CTX_EXECUTION_DATE='2024-02-28T00:00:00+00:00' AIRFLOW_CTX_TRY_NUMBER='1' AIRFLOW_CTX_DAG_RUN_ID='scheduled__2024-02-28T00:00:00+00:00'
[2024-02-29T19:30:05.575+0000] {python.py:201} INFO - Done. Returned value was: None
[2024-02-29T19:30:05.599+0000] {taskinstance.py:1138} INFO - Marking task as SUCCESS. dag_id=gcs_snowflake_etl, task_id=transform_data, execution_date=20240228T000000, start_date=20240229T193000, end_date=20240229T193005
[2024-02-29T19:30:05.658+0000] {local_task_job_runner.py:234} INFO - Task exited with return code 0
[2024-02-29T19:30:05.731+0000] {taskinstance.py:3280} INFO - 0 downstream tasks scheduled from follow-on schedule check
[2024-02-29T20:21:12.918+0000] {taskinstance.py:1956} INFO - Dependencies all met for dep_context=non-requeueable deps ti=<TaskInstance: gcs_snowflake_etl.transform_data scheduled__2024-02-28T00:00:00+00:00 [queued]>
[2024-02-29T20:21:12.939+0000] {taskinstance.py:1956} INFO - Dependencies all met for dep_context=requeueable deps ti=<TaskInstance: gcs_snowflake_etl.transform_data scheduled__2024-02-28T00:00:00+00:00 [queued]>
[2024-02-29T20:21:12.940+0000] {taskinstance.py:2170} INFO - Starting attempt 1 of 3
[2024-02-29T20:21:12.962+0000] {taskinstance.py:2191} INFO - Executing <Task(PythonOperator): transform_data> on 2024-02-28 00:00:00+00:00
[2024-02-29T20:21:12.970+0000] {standard_task_runner.py:60} INFO - Started process 214 to run task
[2024-02-29T20:21:12.976+0000] {standard_task_runner.py:87} INFO - Running: ['***', 'tasks', 'run', 'gcs_snowflake_etl', 'transform_data', 'scheduled__2024-02-28T00:00:00+00:00', '--job-id', '49', '--raw', '--subdir', 'DAGS_FOLDER/GCS_to_Snowflake_DAG.py', '--cfg-path', '/tmp/tmp5r9iblms']
[2024-02-29T20:21:12.981+0000] {standard_task_runner.py:88} INFO - Job 49: Subtask transform_data
[2024-02-29T20:21:13.057+0000] {task_command.py:423} INFO - Running <TaskInstance: gcs_snowflake_etl.transform_data scheduled__2024-02-28T00:00:00+00:00 [running]> on host 14357164fa05
[2024-02-29T20:21:13.173+0000] {taskinstance.py:2480} INFO - Exporting env vars: AIRFLOW_CTX_DAG_OWNER='stellar' AIRFLOW_CTX_DAG_ID='gcs_snowflake_etl' AIRFLOW_CTX_TASK_ID='transform_data' AIRFLOW_CTX_EXECUTION_DATE='2024-02-28T00:00:00+00:00' AIRFLOW_CTX_TRY_NUMBER='1' AIRFLOW_CTX_DAG_RUN_ID='scheduled__2024-02-28T00:00:00+00:00'
[2024-02-29T20:21:17.261+0000] {python.py:201} INFO - Done. Returned value was: None
[2024-02-29T20:21:17.276+0000] {taskinstance.py:1138} INFO - Marking task as SUCCESS. dag_id=gcs_snowflake_etl, task_id=transform_data, execution_date=20240228T000000, start_date=20240229T202112, end_date=20240229T202117
[2024-02-29T20:21:17.332+0000] {local_task_job_runner.py:234} INFO - Task exited with return code 0
[2024-02-29T20:21:17.379+0000] {taskinstance.py:3280} INFO - 1 downstream tasks scheduled from follow-on schedule check
