[2024-02-06T22:02:43.635+0000] {taskinstance.py:1956} INFO - Dependencies all met for dep_context=non-requeueable deps ti=<TaskInstance: s3_snowflake_etl.copy_csv_into_snowflake_table manual__2024-02-06T22:02:28.080647+00:00 [queued]>
[2024-02-06T22:02:43.649+0000] {taskinstance.py:1956} INFO - Dependencies all met for dep_context=requeueable deps ti=<TaskInstance: s3_snowflake_etl.copy_csv_into_snowflake_table manual__2024-02-06T22:02:28.080647+00:00 [queued]>
[2024-02-06T22:02:43.650+0000] {taskinstance.py:2170} INFO - Starting attempt 1 of 3
[2024-02-06T22:02:43.671+0000] {taskinstance.py:2191} INFO - Executing <Task(SnowflakeOperator): copy_csv_into_snowflake_table> on 2024-02-06 22:02:28.080647+00:00
[2024-02-06T22:02:43.678+0000] {standard_task_runner.py:60} INFO - Started process 68 to run task
[2024-02-06T22:02:43.683+0000] {standard_task_runner.py:87} INFO - Running: ['***', 'tasks', 'run', 's3_snowflake_etl', 'copy_csv_into_snowflake_table', 'manual__2024-02-06T22:02:28.080647+00:00', '--job-id', '185', '--raw', '--subdir', 'DAGS_FOLDER/S3_to_Snowflake_DAG.py', '--cfg-path', '/tmp/tmptia9hpv3']
[2024-02-06T22:02:43.686+0000] {standard_task_runner.py:88} INFO - Job 185: Subtask copy_csv_into_snowflake_table
[2024-02-06T22:02:43.761+0000] {task_command.py:423} INFO - Running <TaskInstance: s3_snowflake_etl.copy_csv_into_snowflake_table manual__2024-02-06T22:02:28.080647+00:00 [running]> on host 52f33a5a70eb
[2024-02-06T22:02:43.863+0000] {taskinstance.py:2480} INFO - Exporting env vars: AIRFLOW_CTX_DAG_OWNER='stellar' AIRFLOW_CTX_DAG_ID='s3_snowflake_etl' AIRFLOW_CTX_TASK_ID='copy_csv_into_snowflake_table' AIRFLOW_CTX_EXECUTION_DATE='2024-02-06T22:02:28.080647+00:00' AIRFLOW_CTX_TRY_NUMBER='1' AIRFLOW_CTX_DAG_RUN_ID='manual__2024-02-06T22:02:28.080647+00:00'
[2024-02-06T22:02:43.866+0000] {sql.py:276} INFO - Executing: 
            COPY INTO rabbit_mission.lunar.full_moon_time FROM @s3_stage FILE_FORMAT = csv_format
        
[2024-02-06T22:02:43.881+0000] {base.py:83} INFO - Using connection ID 'conn_id_snowflake' for task execution.
[2024-02-06T22:02:43.896+0000] {base.py:83} INFO - Using connection ID 'conn_id_snowflake' for task execution.
[2024-02-06T22:02:43.898+0000] {connection.py:370} INFO - Snowflake Connector for Python Version: 3.6.0, Python Version: 3.8.18, Platform: Linux-5.15.133.1-microsoft-standard-WSL2-x86_64-with-glibc2.34
[2024-02-06T22:02:43.899+0000] {connection.py:1171} INFO - This connection is in OCSP Fail Open Mode. TLS Certificates would be checked for validity and revocation status. Any other Certificate Revocation related exceptions or OCSP Responder failures would be disregarded in favor of connectivity.
[2024-02-06T22:02:44.390+0000] {cursor.py:1028} INFO - query: [ALTER SESSION SET autocommit=False]
[2024-02-06T22:02:44.473+0000] {cursor.py:1041} INFO - query execution done
[2024-02-06T22:02:44.475+0000] {cursor.py:1205} INFO - Number of results in first chunk: 1
[2024-02-06T22:02:44.476+0000] {sql.py:450} INFO - Running statement: COPY INTO rabbit_mission.lunar.full_moon_time FROM @s3_stage FILE_FORMAT = csv_format, parameters: None
[2024-02-06T22:02:44.477+0000] {cursor.py:1028} INFO - query: [COPY INTO rabbit_mission.lunar.full_moon_time FROM @s3_stage FILE_FORMAT = csv_f...]
[2024-02-06T22:02:45.267+0000] {cursor.py:1041} INFO - query execution done
[2024-02-06T22:02:45.269+0000] {cursor.py:1205} INFO - Number of results in first chunk: 1
[2024-02-06T22:02:45.270+0000] {sql.py:459} INFO - Rows affected: 1
[2024-02-06T22:02:45.272+0000] {snowflake.py:400} INFO - Rows affected: 1
[2024-02-06T22:02:45.273+0000] {snowflake.py:401} INFO - Snowflake query id: 01b22d8a-3200-fd6a-0000-0007a44ee0d5
[2024-02-06T22:02:45.274+0000] {cursor.py:1028} INFO - query: [COMMIT]
[2024-02-06T22:02:45.477+0000] {cursor.py:1041} INFO - query execution done
[2024-02-06T22:02:45.478+0000] {cursor.py:1205} INFO - Number of results in first chunk: 1
[2024-02-06T22:02:45.479+0000] {connection.py:718} INFO - closed
[2024-02-06T22:02:45.547+0000] {connection.py:724} INFO - No async queries seem to be running, deleting session
[2024-02-06T22:02:45.675+0000] {taskinstance.py:1138} INFO - Marking task as SUCCESS. dag_id=s3_snowflake_etl, task_id=copy_csv_into_snowflake_table, execution_date=20240206T220228, start_date=20240206T220243, end_date=20240206T220245
[2024-02-06T22:02:45.707+0000] {local_task_job_runner.py:234} INFO - Task exited with return code 0
[2024-02-06T22:02:45.744+0000] {taskinstance.py:3280} INFO - 1 downstream tasks scheduled from follow-on schedule check
