[2024-02-07T06:04:20.165+0000] {processor.py:161} INFO - Started process (PID=33) to work on /opt/airflow/dags/S3_to_Snowflake_DAG.py
[2024-02-07T06:04:20.187+0000] {processor.py:830} INFO - Processing file /opt/airflow/dags/S3_to_Snowflake_DAG.py for tasks to queue
[2024-02-07T06:04:20.200+0000] {logging_mixin.py:188} INFO - [2024-02-07T06:04:20.193+0000] {dagbag.py:538} INFO - Filling up the DagBag from /opt/airflow/dags/S3_to_Snowflake_DAG.py
[2024-02-07T06:04:26.456+0000] {processor.py:840} INFO - DAG(s) 's3_snowflake_etl' retrieved from /opt/airflow/dags/S3_to_Snowflake_DAG.py
[2024-02-07T06:04:27.375+0000] {logging_mixin.py:188} INFO - [2024-02-07T06:04:27.374+0000] {dag.py:3036} INFO - Sync 1 DAGs
[2024-02-07T06:04:27.549+0000] {logging_mixin.py:188} INFO - [2024-02-07T06:04:27.548+0000] {dag.py:3823} INFO - Setting next_dagrun for s3_snowflake_etl to 2024-02-06 00:00:00+00:00, run_after=2024-02-07 00:00:00+00:00
[2024-02-07T06:04:27.607+0000] {processor.py:183} INFO - Processing /opt/airflow/dags/S3_to_Snowflake_DAG.py took 7.458 seconds
[2024-02-07T06:04:57.904+0000] {processor.py:161} INFO - Started process (PID=47) to work on /opt/airflow/dags/S3_to_Snowflake_DAG.py
[2024-02-07T06:04:57.907+0000] {processor.py:830} INFO - Processing file /opt/airflow/dags/S3_to_Snowflake_DAG.py for tasks to queue
[2024-02-07T06:04:57.911+0000] {logging_mixin.py:188} INFO - [2024-02-07T06:04:57.911+0000] {dagbag.py:538} INFO - Filling up the DagBag from /opt/airflow/dags/S3_to_Snowflake_DAG.py
[2024-02-07T06:04:58.904+0000] {processor.py:840} INFO - DAG(s) 's3_snowflake_etl' retrieved from /opt/airflow/dags/S3_to_Snowflake_DAG.py
[2024-02-07T06:04:58.940+0000] {logging_mixin.py:188} INFO - [2024-02-07T06:04:58.939+0000] {dag.py:3036} INFO - Sync 1 DAGs
[2024-02-07T06:04:58.982+0000] {logging_mixin.py:188} INFO - [2024-02-07T06:04:58.982+0000] {dag.py:3823} INFO - Setting next_dagrun for s3_snowflake_etl to 2024-02-07 00:00:00+00:00, run_after=2024-02-08 00:00:00+00:00
[2024-02-07T06:04:59.012+0000] {processor.py:183} INFO - Processing /opt/airflow/dags/S3_to_Snowflake_DAG.py took 1.117 seconds
[2024-02-07T06:05:29.235+0000] {processor.py:161} INFO - Started process (PID=55) to work on /opt/airflow/dags/S3_to_Snowflake_DAG.py
[2024-02-07T06:05:29.238+0000] {processor.py:830} INFO - Processing file /opt/airflow/dags/S3_to_Snowflake_DAG.py for tasks to queue
[2024-02-07T06:05:29.241+0000] {logging_mixin.py:188} INFO - [2024-02-07T06:05:29.240+0000] {dagbag.py:538} INFO - Filling up the DagBag from /opt/airflow/dags/S3_to_Snowflake_DAG.py
[2024-02-07T06:05:30.242+0000] {processor.py:840} INFO - DAG(s) 's3_snowflake_etl' retrieved from /opt/airflow/dags/S3_to_Snowflake_DAG.py
[2024-02-07T06:05:30.269+0000] {logging_mixin.py:188} INFO - [2024-02-07T06:05:30.268+0000] {dag.py:3036} INFO - Sync 1 DAGs
[2024-02-07T06:05:30.298+0000] {logging_mixin.py:188} INFO - [2024-02-07T06:05:30.298+0000] {dag.py:3823} INFO - Setting next_dagrun for s3_snowflake_etl to 2024-02-07 00:00:00+00:00, run_after=2024-02-08 00:00:00+00:00
[2024-02-07T06:05:30.322+0000] {processor.py:183} INFO - Processing /opt/airflow/dags/S3_to_Snowflake_DAG.py took 1.095 seconds
[2024-02-07T06:06:00.603+0000] {processor.py:161} INFO - Started process (PID=63) to work on /opt/airflow/dags/S3_to_Snowflake_DAG.py
[2024-02-07T06:06:00.604+0000] {processor.py:830} INFO - Processing file /opt/airflow/dags/S3_to_Snowflake_DAG.py for tasks to queue
[2024-02-07T06:06:00.608+0000] {logging_mixin.py:188} INFO - [2024-02-07T06:06:00.607+0000] {dagbag.py:538} INFO - Filling up the DagBag from /opt/airflow/dags/S3_to_Snowflake_DAG.py
[2024-02-07T06:06:01.904+0000] {processor.py:840} INFO - DAG(s) 's3_snowflake_etl' retrieved from /opt/airflow/dags/S3_to_Snowflake_DAG.py
[2024-02-07T06:06:01.954+0000] {logging_mixin.py:188} INFO - [2024-02-07T06:06:01.953+0000] {dag.py:3036} INFO - Sync 1 DAGs
[2024-02-07T06:06:01.995+0000] {logging_mixin.py:188} INFO - [2024-02-07T06:06:01.994+0000] {dag.py:3823} INFO - Setting next_dagrun for s3_snowflake_etl to 2024-02-07 00:00:00+00:00, run_after=2024-02-08 00:00:00+00:00
[2024-02-07T06:06:02.050+0000] {processor.py:183} INFO - Processing /opt/airflow/dags/S3_to_Snowflake_DAG.py took 1.452 seconds
[2024-02-07T06:06:32.507+0000] {processor.py:161} INFO - Started process (PID=71) to work on /opt/airflow/dags/S3_to_Snowflake_DAG.py
[2024-02-07T06:06:32.579+0000] {processor.py:830} INFO - Processing file /opt/airflow/dags/S3_to_Snowflake_DAG.py for tasks to queue
[2024-02-07T06:06:32.645+0000] {logging_mixin.py:188} INFO - [2024-02-07T06:06:32.638+0000] {dagbag.py:538} INFO - Filling up the DagBag from /opt/airflow/dags/S3_to_Snowflake_DAG.py
[2024-02-07T06:25:40.516+0000] {processor.py:161} INFO - Started process (PID=34) to work on /opt/airflow/dags/S3_to_Snowflake_DAG.py
[2024-02-07T06:25:40.518+0000] {processor.py:830} INFO - Processing file /opt/airflow/dags/S3_to_Snowflake_DAG.py for tasks to queue
[2024-02-07T06:25:40.521+0000] {logging_mixin.py:188} INFO - [2024-02-07T06:25:40.521+0000] {dagbag.py:538} INFO - Filling up the DagBag from /opt/airflow/dags/S3_to_Snowflake_DAG.py
[2024-02-07T06:25:41.935+0000] {processor.py:840} INFO - DAG(s) 's3_snowflake_etl' retrieved from /opt/airflow/dags/S3_to_Snowflake_DAG.py
[2024-02-07T06:25:42.132+0000] {logging_mixin.py:188} INFO - [2024-02-07T06:25:42.132+0000] {dag.py:3036} INFO - Sync 1 DAGs
[2024-02-07T06:25:42.170+0000] {logging_mixin.py:188} INFO - [2024-02-07T06:25:42.169+0000] {dag.py:3823} INFO - Setting next_dagrun for s3_snowflake_etl to 2024-02-07 00:00:00+00:00, run_after=2024-02-08 00:00:00+00:00
[2024-02-07T06:25:42.225+0000] {processor.py:183} INFO - Processing /opt/airflow/dags/S3_to_Snowflake_DAG.py took 1.715 seconds
[2024-02-07T06:26:12.534+0000] {processor.py:161} INFO - Started process (PID=42) to work on /opt/airflow/dags/S3_to_Snowflake_DAG.py
[2024-02-07T06:26:12.535+0000] {processor.py:830} INFO - Processing file /opt/airflow/dags/S3_to_Snowflake_DAG.py for tasks to queue
[2024-02-07T06:26:12.539+0000] {logging_mixin.py:188} INFO - [2024-02-07T06:26:12.538+0000] {dagbag.py:538} INFO - Filling up the DagBag from /opt/airflow/dags/S3_to_Snowflake_DAG.py
[2024-02-07T06:26:13.534+0000] {processor.py:840} INFO - DAG(s) 's3_snowflake_etl' retrieved from /opt/airflow/dags/S3_to_Snowflake_DAG.py
[2024-02-07T06:26:13.571+0000] {logging_mixin.py:188} INFO - [2024-02-07T06:26:13.571+0000] {dag.py:3036} INFO - Sync 1 DAGs
[2024-02-07T06:26:13.604+0000] {logging_mixin.py:188} INFO - [2024-02-07T06:26:13.604+0000] {dag.py:3823} INFO - Setting next_dagrun for s3_snowflake_etl to 2024-02-07 00:00:00+00:00, run_after=2024-02-08 00:00:00+00:00
[2024-02-07T06:26:13.637+0000] {processor.py:183} INFO - Processing /opt/airflow/dags/S3_to_Snowflake_DAG.py took 1.109 seconds
[2024-02-07T06:26:43.847+0000] {processor.py:161} INFO - Started process (PID=50) to work on /opt/airflow/dags/S3_to_Snowflake_DAG.py
[2024-02-07T06:26:43.849+0000] {processor.py:830} INFO - Processing file /opt/airflow/dags/S3_to_Snowflake_DAG.py for tasks to queue
[2024-02-07T06:26:43.852+0000] {logging_mixin.py:188} INFO - [2024-02-07T06:26:43.852+0000] {dagbag.py:538} INFO - Filling up the DagBag from /opt/airflow/dags/S3_to_Snowflake_DAG.py
[2024-02-07T06:26:44.857+0000] {processor.py:840} INFO - DAG(s) 's3_snowflake_etl' retrieved from /opt/airflow/dags/S3_to_Snowflake_DAG.py
[2024-02-07T06:26:44.885+0000] {logging_mixin.py:188} INFO - [2024-02-07T06:26:44.884+0000] {dag.py:3036} INFO - Sync 1 DAGs
[2024-02-07T06:26:44.913+0000] {logging_mixin.py:188} INFO - [2024-02-07T06:26:44.912+0000] {dag.py:3823} INFO - Setting next_dagrun for s3_snowflake_etl to 2024-02-07 00:00:00+00:00, run_after=2024-02-08 00:00:00+00:00
[2024-02-07T06:26:44.943+0000] {processor.py:183} INFO - Processing /opt/airflow/dags/S3_to_Snowflake_DAG.py took 1.101 seconds
[2024-02-07T06:27:15.290+0000] {processor.py:161} INFO - Started process (PID=58) to work on /opt/airflow/dags/S3_to_Snowflake_DAG.py
[2024-02-07T06:27:15.292+0000] {processor.py:830} INFO - Processing file /opt/airflow/dags/S3_to_Snowflake_DAG.py for tasks to queue
[2024-02-07T06:27:15.297+0000] {logging_mixin.py:188} INFO - [2024-02-07T06:27:15.296+0000] {dagbag.py:538} INFO - Filling up the DagBag from /opt/airflow/dags/S3_to_Snowflake_DAG.py
[2024-02-07T06:27:16.428+0000] {processor.py:840} INFO - DAG(s) 's3_snowflake_etl' retrieved from /opt/airflow/dags/S3_to_Snowflake_DAG.py
[2024-02-07T06:27:16.490+0000] {logging_mixin.py:188} INFO - [2024-02-07T06:27:16.489+0000] {dag.py:3036} INFO - Sync 1 DAGs
[2024-02-07T06:27:16.527+0000] {logging_mixin.py:188} INFO - [2024-02-07T06:27:16.526+0000] {dag.py:3823} INFO - Setting next_dagrun for s3_snowflake_etl to 2024-02-07 00:00:00+00:00, run_after=2024-02-08 00:00:00+00:00
[2024-02-07T06:27:16.562+0000] {processor.py:183} INFO - Processing /opt/airflow/dags/S3_to_Snowflake_DAG.py took 1.280 seconds
[2024-02-07T06:27:46.870+0000] {processor.py:161} INFO - Started process (PID=66) to work on /opt/airflow/dags/S3_to_Snowflake_DAG.py
[2024-02-07T06:27:46.872+0000] {processor.py:830} INFO - Processing file /opt/airflow/dags/S3_to_Snowflake_DAG.py for tasks to queue
[2024-02-07T06:27:46.876+0000] {logging_mixin.py:188} INFO - [2024-02-07T06:27:46.875+0000] {dagbag.py:538} INFO - Filling up the DagBag from /opt/airflow/dags/S3_to_Snowflake_DAG.py
[2024-02-07T06:27:47.993+0000] {processor.py:840} INFO - DAG(s) 's3_snowflake_etl' retrieved from /opt/airflow/dags/S3_to_Snowflake_DAG.py
[2024-02-07T06:27:48.020+0000] {logging_mixin.py:188} INFO - [2024-02-07T06:27:48.020+0000] {dag.py:3036} INFO - Sync 1 DAGs
[2024-02-07T06:27:48.052+0000] {logging_mixin.py:188} INFO - [2024-02-07T06:27:48.051+0000] {dag.py:3823} INFO - Setting next_dagrun for s3_snowflake_etl to 2024-02-07 00:00:00+00:00, run_after=2024-02-08 00:00:00+00:00
[2024-02-07T06:27:48.078+0000] {processor.py:183} INFO - Processing /opt/airflow/dags/S3_to_Snowflake_DAG.py took 1.216 seconds
[2024-02-07T06:28:18.406+0000] {processor.py:161} INFO - Started process (PID=75) to work on /opt/airflow/dags/S3_to_Snowflake_DAG.py
[2024-02-07T06:28:18.408+0000] {processor.py:830} INFO - Processing file /opt/airflow/dags/S3_to_Snowflake_DAG.py for tasks to queue
[2024-02-07T06:28:18.413+0000] {logging_mixin.py:188} INFO - [2024-02-07T06:28:18.412+0000] {dagbag.py:538} INFO - Filling up the DagBag from /opt/airflow/dags/S3_to_Snowflake_DAG.py
[2024-02-07T06:28:19.396+0000] {processor.py:840} INFO - DAG(s) 's3_snowflake_etl' retrieved from /opt/airflow/dags/S3_to_Snowflake_DAG.py
[2024-02-07T06:28:19.424+0000] {logging_mixin.py:188} INFO - [2024-02-07T06:28:19.424+0000] {dag.py:3036} INFO - Sync 1 DAGs
[2024-02-07T06:28:19.452+0000] {logging_mixin.py:188} INFO - [2024-02-07T06:28:19.452+0000] {dag.py:3823} INFO - Setting next_dagrun for s3_snowflake_etl to 2024-02-07 00:00:00+00:00, run_after=2024-02-08 00:00:00+00:00
[2024-02-07T06:28:19.480+0000] {processor.py:183} INFO - Processing /opt/airflow/dags/S3_to_Snowflake_DAG.py took 1.083 seconds
[2024-02-07T06:28:49.768+0000] {processor.py:161} INFO - Started process (PID=83) to work on /opt/airflow/dags/S3_to_Snowflake_DAG.py
[2024-02-07T06:28:49.770+0000] {processor.py:830} INFO - Processing file /opt/airflow/dags/S3_to_Snowflake_DAG.py for tasks to queue
[2024-02-07T06:28:49.778+0000] {logging_mixin.py:188} INFO - [2024-02-07T06:28:49.776+0000] {dagbag.py:538} INFO - Filling up the DagBag from /opt/airflow/dags/S3_to_Snowflake_DAG.py
[2024-02-07T06:28:51.172+0000] {processor.py:840} INFO - DAG(s) 's3_snowflake_etl' retrieved from /opt/airflow/dags/S3_to_Snowflake_DAG.py
[2024-02-07T06:28:51.208+0000] {logging_mixin.py:188} INFO - [2024-02-07T06:28:51.207+0000] {dag.py:3036} INFO - Sync 1 DAGs
[2024-02-07T06:28:51.252+0000] {logging_mixin.py:188} INFO - [2024-02-07T06:28:51.252+0000] {dag.py:3823} INFO - Setting next_dagrun for s3_snowflake_etl to 2024-02-07 00:00:00+00:00, run_after=2024-02-08 00:00:00+00:00
[2024-02-07T06:28:51.284+0000] {processor.py:183} INFO - Processing /opt/airflow/dags/S3_to_Snowflake_DAG.py took 1.545 seconds
[2024-02-07T06:29:21.602+0000] {processor.py:161} INFO - Started process (PID=91) to work on /opt/airflow/dags/S3_to_Snowflake_DAG.py
[2024-02-07T06:29:21.606+0000] {processor.py:830} INFO - Processing file /opt/airflow/dags/S3_to_Snowflake_DAG.py for tasks to queue
[2024-02-07T06:29:21.617+0000] {logging_mixin.py:188} INFO - [2024-02-07T06:29:21.616+0000] {dagbag.py:538} INFO - Filling up the DagBag from /opt/airflow/dags/S3_to_Snowflake_DAG.py
