[2024-02-28T05:59:32.273+0000] {taskinstance.py:1956} INFO - Dependencies all met for dep_context=non-requeueable deps ti=<TaskInstance: gcs_snowflake_etl.transform_data manual__2024-02-28T05:49:43.705004+00:00 [queued]>
[2024-02-28T05:59:32.295+0000] {taskinstance.py:1956} INFO - Dependencies all met for dep_context=requeueable deps ti=<TaskInstance: gcs_snowflake_etl.transform_data manual__2024-02-28T05:49:43.705004+00:00 [queued]>
[2024-02-28T05:59:32.296+0000] {taskinstance.py:2170} INFO - Starting attempt 3 of 3
[2024-02-28T05:59:32.319+0000] {taskinstance.py:2191} INFO - Executing <Task(PythonOperator): transform_data> on 2024-02-28 05:49:43.705004+00:00
[2024-02-28T05:59:32.328+0000] {standard_task_runner.py:60} INFO - Started process 62 to run task
[2024-02-28T05:59:32.336+0000] {standard_task_runner.py:87} INFO - Running: ['***', 'tasks', 'run', 'gcs_snowflake_etl', 'transform_data', 'manual__2024-02-28T05:49:43.705004+00:00', '--job-id', '48', '--raw', '--subdir', 'DAGS_FOLDER/GCS_to_Snowflake_DAG.py', '--cfg-path', '/tmp/tmprry7_ed9']
[2024-02-28T05:59:32.341+0000] {standard_task_runner.py:88} INFO - Job 48: Subtask transform_data
[2024-02-28T05:59:32.438+0000] {task_command.py:423} INFO - Running <TaskInstance: gcs_snowflake_etl.transform_data manual__2024-02-28T05:49:43.705004+00:00 [running]> on host ae154badcbc6
[2024-02-28T05:59:32.581+0000] {taskinstance.py:2480} INFO - Exporting env vars: AIRFLOW_CTX_DAG_OWNER='stellar' AIRFLOW_CTX_DAG_ID='gcs_snowflake_etl' AIRFLOW_CTX_TASK_ID='transform_data' AIRFLOW_CTX_EXECUTION_DATE='2024-02-28T05:49:43.705004+00:00' AIRFLOW_CTX_TRY_NUMBER='3' AIRFLOW_CTX_DAG_RUN_ID='manual__2024-02-28T05:49:43.705004+00:00'
[2024-02-28T05:59:32.694+0000] {_default.py:338} WARNING - Authentication failed using Compute Engine authentication due to unavailable metadata server.
[2024-02-28T05:59:32.716+0000] {_metadata.py:208} WARNING - Compute Engine Metadata server unavailable on attempt 1 of 5. Reason: HTTPConnectionPool(host='metadata.google.internal', port=80): Max retries exceeded with url: /computeMetadata/v1/instance/service-accounts/default/?recursive=true (Caused by NewConnectionError('<urllib3.connection.HTTPConnection object at 0x7f3d63d304c0>: Failed to establish a new connection: [Errno -2] Name or service not known'))
[2024-02-28T05:59:32.735+0000] {_metadata.py:208} WARNING - Compute Engine Metadata server unavailable on attempt 2 of 5. Reason: HTTPConnectionPool(host='metadata.google.internal', port=80): Max retries exceeded with url: /computeMetadata/v1/instance/service-accounts/default/?recursive=true (Caused by NewConnectionError('<urllib3.connection.HTTPConnection object at 0x7f3d63d30910>: Failed to establish a new connection: [Errno -2] Name or service not known'))
[2024-02-28T05:59:32.753+0000] {_metadata.py:208} WARNING - Compute Engine Metadata server unavailable on attempt 3 of 5. Reason: HTTPConnectionPool(host='metadata.google.internal', port=80): Max retries exceeded with url: /computeMetadata/v1/instance/service-accounts/default/?recursive=true (Caused by NewConnectionError('<urllib3.connection.HTTPConnection object at 0x7f3d63d30d90>: Failed to establish a new connection: [Errno -2] Name or service not known'))
[2024-02-28T05:59:32.772+0000] {_metadata.py:208} WARNING - Compute Engine Metadata server unavailable on attempt 4 of 5. Reason: HTTPConnectionPool(host='metadata.google.internal', port=80): Max retries exceeded with url: /computeMetadata/v1/instance/service-accounts/default/?recursive=true (Caused by NewConnectionError('<urllib3.connection.HTTPConnection object at 0x7f3d63cd1370>: Failed to establish a new connection: [Errno -2] Name or service not known'))
[2024-02-28T05:59:32.790+0000] {_metadata.py:208} WARNING - Compute Engine Metadata server unavailable on attempt 5 of 5. Reason: HTTPConnectionPool(host='metadata.google.internal', port=80): Max retries exceeded with url: /computeMetadata/v1/instance/service-accounts/default/?recursive=true (Caused by NewConnectionError('<urllib3.connection.HTTPConnection object at 0x7f3d63d30be0>: Failed to establish a new connection: [Errno -2] Name or service not known'))
[2024-02-28T05:59:33.726+0000] {retry.py:157} ERROR - _request non-retriable exception: Anonymous caller does not have storage.objects.get access to the Google Cloud Storage object. Permission 'storage.objects.get' denied on resource (or it may not exist)., 401
Traceback (most recent call last):
  File "/home/airflow/.local/lib/python3.8/site-packages/gcsfs/retry.py", line 123, in retry_request
    return await func(*args, **kwargs)
  File "/home/airflow/.local/lib/python3.8/site-packages/gcsfs/core.py", line 430, in _request
    validate_response(status, contents, path, args)
  File "/home/airflow/.local/lib/python3.8/site-packages/gcsfs/retry.py", line 110, in validate_response
    raise HttpError(error)
gcsfs.retry.HttpError: Anonymous caller does not have storage.objects.get access to the Google Cloud Storage object. Permission 'storage.objects.get' denied on resource (or it may not exist)., 401
[2024-02-28T05:59:33.729+0000] {taskinstance.py:2698} ERROR - Task failed with exception
Traceback (most recent call last):
  File "/home/airflow/.local/lib/python3.8/site-packages/airflow/models/taskinstance.py", line 433, in _execute_task
    result = execute_callable(context=context, **execute_callable_kwargs)
  File "/home/airflow/.local/lib/python3.8/site-packages/airflow/operators/python.py", line 199, in execute
    return_value = self.execute_callable()
  File "/home/airflow/.local/lib/python3.8/site-packages/airflow/operators/python.py", line 216, in execute_callable
    return self.python_callable(*self.op_args, **self.op_kwargs)
  File "/opt/airflow/dags/GCS_to_Snowflake_DAG.py", line 25, in transform_data
    df = pd.read_csv("gs://us_stock_market/US-Stock-Market-Dataset.csv")
  File "/home/airflow/.local/lib/python3.8/site-packages/pandas/io/parsers/readers.py", line 912, in read_csv
    return _read(filepath_or_buffer, kwds)
  File "/home/airflow/.local/lib/python3.8/site-packages/pandas/io/parsers/readers.py", line 577, in _read
    parser = TextFileReader(filepath_or_buffer, **kwds)
  File "/home/airflow/.local/lib/python3.8/site-packages/pandas/io/parsers/readers.py", line 1407, in __init__
    self._engine = self._make_engine(f, self.engine)
  File "/home/airflow/.local/lib/python3.8/site-packages/pandas/io/parsers/readers.py", line 1661, in _make_engine
    self.handles = get_handle(
  File "/home/airflow/.local/lib/python3.8/site-packages/pandas/io/common.py", line 716, in get_handle
    ioargs = _get_filepath_or_buffer(
  File "/home/airflow/.local/lib/python3.8/site-packages/pandas/io/common.py", line 414, in _get_filepath_or_buffer
    file_obj = fsspec.open(
  File "/home/airflow/.local/lib/python3.8/site-packages/fsspec/core.py", line 135, in open
    return self.__enter__()
  File "/home/airflow/.local/lib/python3.8/site-packages/fsspec/core.py", line 103, in __enter__
    f = self.fs.open(self.path, mode=mode)
  File "/home/airflow/.local/lib/python3.8/site-packages/fsspec/spec.py", line 1295, in open
    f = self._open(
  File "/home/airflow/.local/lib/python3.8/site-packages/gcsfs/core.py", line 1516, in _open
    return GCSFile(
  File "/home/airflow/.local/lib/python3.8/site-packages/gcsfs/core.py", line 1675, in __init__
    super().__init__(
  File "/home/airflow/.local/lib/python3.8/site-packages/fsspec/spec.py", line 1651, in __init__
    self.size = self.details["size"]
  File "/home/airflow/.local/lib/python3.8/site-packages/gcsfs/core.py", line 1711, in details
    self._details = self.fs.info(self.path, generation=self.generation)
  File "/home/airflow/.local/lib/python3.8/site-packages/fsspec/asyn.py", line 118, in wrapper
    return sync(self.loop, func, *args, **kwargs)
  File "/home/airflow/.local/lib/python3.8/site-packages/fsspec/asyn.py", line 103, in sync
    raise return_result
  File "/home/airflow/.local/lib/python3.8/site-packages/fsspec/asyn.py", line 56, in _runner
    result[0] = await coro
  File "/home/airflow/.local/lib/python3.8/site-packages/gcsfs/core.py", line 959, in _info
    exact = await self._get_object(path)
  File "/home/airflow/.local/lib/python3.8/site-packages/gcsfs/core.py", line 516, in _get_object
    res = await self._call(
  File "/home/airflow/.local/lib/python3.8/site-packages/gcsfs/core.py", line 437, in _call
    status, headers, info, contents = await self._request(
  File "/home/airflow/.local/lib/python3.8/site-packages/decorator.py", line 221, in fun
    return await caller(func, *(extras + args), **kw)
  File "/home/airflow/.local/lib/python3.8/site-packages/gcsfs/retry.py", line 158, in retry_request
    raise e
  File "/home/airflow/.local/lib/python3.8/site-packages/gcsfs/retry.py", line 123, in retry_request
    return await func(*args, **kwargs)
  File "/home/airflow/.local/lib/python3.8/site-packages/gcsfs/core.py", line 430, in _request
    validate_response(status, contents, path, args)
  File "/home/airflow/.local/lib/python3.8/site-packages/gcsfs/retry.py", line 110, in validate_response
    raise HttpError(error)
gcsfs.retry.HttpError: Anonymous caller does not have storage.objects.get access to the Google Cloud Storage object. Permission 'storage.objects.get' denied on resource (or it may not exist)., 401
[2024-02-28T05:59:33.751+0000] {taskinstance.py:1138} INFO - Marking task as FAILED. dag_id=gcs_snowflake_etl, task_id=transform_data, execution_date=20240228T054943, start_date=20240228T055932, end_date=20240228T055933
[2024-02-28T05:59:33.779+0000] {standard_task_runner.py:107} ERROR - Failed to execute job 48 for task transform_data (Anonymous caller does not have storage.objects.get access to the Google Cloud Storage object. Permission 'storage.objects.get' denied on resource (or it may not exist)., 401; 62)
[2024-02-28T05:59:33.835+0000] {local_task_job_runner.py:234} INFO - Task exited with return code 1
[2024-02-28T05:59:33.883+0000] {taskinstance.py:3280} INFO - 0 downstream tasks scheduled from follow-on schedule check
