[2024-02-06T20:54:29.269+0000] {taskinstance.py:1956} INFO - Dependencies all met for dep_context=non-requeueable deps ti=<TaskInstance: s3_snowflake_etl.notify_by_email manual__2024-02-06T20:49:57.374404+00:00 [queued]>
[2024-02-06T20:54:29.282+0000] {taskinstance.py:1956} INFO - Dependencies all met for dep_context=requeueable deps ti=<TaskInstance: s3_snowflake_etl.notify_by_email manual__2024-02-06T20:49:57.374404+00:00 [queued]>
[2024-02-06T20:54:29.283+0000] {taskinstance.py:2170} INFO - Starting attempt 3 of 3
[2024-02-06T20:54:29.301+0000] {taskinstance.py:2191} INFO - Executing <Task(EmailOperator): notify_by_email> on 2024-02-06 20:49:57.374404+00:00
[2024-02-06T20:54:29.309+0000] {standard_task_runner.py:60} INFO - Started process 151 to run task
[2024-02-06T20:54:29.314+0000] {standard_task_runner.py:87} INFO - Running: ['***', 'tasks', 'run', 's3_snowflake_etl', 'notify_by_email', 'manual__2024-02-06T20:49:57.374404+00:00', '--job-id', '116', '--raw', '--subdir', 'DAGS_FOLDER/S3_to_Snowflake_DAG.py', '--cfg-path', '/tmp/tmp7rtpsdj0']
[2024-02-06T20:54:29.317+0000] {standard_task_runner.py:88} INFO - Job 116: Subtask notify_by_email
[2024-02-06T20:54:29.399+0000] {task_command.py:423} INFO - Running <TaskInstance: s3_snowflake_etl.notify_by_email manual__2024-02-06T20:49:57.374404+00:00 [running]> on host 2bbe88f97e30
[2024-02-06T20:54:29.498+0000] {taskinstance.py:2480} INFO - Exporting env vars: AIRFLOW_CTX_DAG_OWNER='stellar' AIRFLOW_CTX_DAG_ID='s3_snowflake_etl' AIRFLOW_CTX_TASK_ID='notify_by_email' AIRFLOW_CTX_EXECUTION_DATE='2024-02-06T20:49:57.374404+00:00' AIRFLOW_CTX_TRY_NUMBER='3' AIRFLOW_CTX_DAG_RUN_ID='manual__2024-02-06T20:49:57.374404+00:00'
[2024-02-06T20:54:29.513+0000] {warnings.py:109} WARNING - /home/***/.local/lib/python3.8/site-packages/***/utils/email.py:154: RemovedInAirflow3Warning: Fetching SMTP credentials from configuration variables will be deprecated in a future release. Please set credentials using a connection instead.
  send_mime_email(e_from=mail_from, e_to=recipients, mime_msg=msg, conn_id=conn_id, dryrun=dryrun)

[2024-02-06T20:54:29.514+0000] {configuration.py:1046} WARNING - section/key [smtp/smtp_user] not found in config
[2024-02-06T20:54:29.515+0000] {email.py:270} INFO - Email alerting: attempt 1
[2024-02-06T20:54:30.192+0000] {email.py:281} INFO - Sent an alert email to ['grittapop.p@gmail.com']
[2024-02-06T20:54:30.778+0000] {taskinstance.py:2698} ERROR - Task failed with exception
Traceback (most recent call last):
  File "/home/airflow/.local/lib/python3.8/site-packages/airflow/models/taskinstance.py", line 433, in _execute_task
    result = execute_callable(context=context, **execute_callable_kwargs)
  File "/home/airflow/.local/lib/python3.8/site-packages/airflow/operators/email.py", line 79, in execute
    send_email(
  File "/home/airflow/.local/lib/python3.8/site-packages/airflow/utils/email.py", line 80, in send_email
    return backend(
  File "/home/airflow/.local/lib/python3.8/site-packages/airflow/utils/email.py", line 154, in send_email_smtp
    send_mime_email(e_from=mail_from, e_to=recipients, mime_msg=msg, conn_id=conn_id, dryrun=dryrun)
  File "/home/airflow/.local/lib/python3.8/site-packages/airflow/utils/email.py", line 282, in send_mime_email
    smtp_conn.sendmail(e_from, e_to, mime_msg.as_string())
  File "/usr/local/lib/python3.8/smtplib.py", line 885, in sendmail
    raise SMTPSenderRefused(code, resp, from_addr)
smtplib.SMTPSenderRefused: (530, b'5.7.0 Authentication Required. For more information, go to\n5.7.0  https://support.google.com/mail/?p=WantAuthError u24-20020a63d358000000b005d8e280c879sm2623830pgi.84 - gsmtp', '***@example.com')
[2024-02-06T20:54:30.789+0000] {taskinstance.py:1138} INFO - Marking task as FAILED. dag_id=s3_snowflake_etl, task_id=notify_by_email, execution_date=20240206T204957, start_date=20240206T205429, end_date=20240206T205430
[2024-02-06T20:54:30.869+0000] {standard_task_runner.py:107} ERROR - Failed to execute job 116 for task notify_by_email ((530, b'5.7.0 Authentication Required. For more information, go to\n5.7.0  https://support.google.com/mail/?p=WantAuthError u24-20020a63d358000000b005d8e280c879sm2623830pgi.84 - gsmtp', '***@example.com'); 151)
[2024-02-06T20:54:30.899+0000] {local_task_job_runner.py:234} INFO - Task exited with return code 1
[2024-02-06T20:54:30.922+0000] {taskinstance.py:3280} INFO - 0 downstream tasks scheduled from follow-on schedule check
