[2024-02-06T20:36:20.357+0000] {taskinstance.py:1956} INFO - Dependencies all met for dep_context=non-requeueable deps ti=<TaskInstance: s3_snowflake_etl.notify_by_email manual__2024-02-06T20:32:04.997857+00:00 [queued]>
[2024-02-06T20:36:20.375+0000] {taskinstance.py:1956} INFO - Dependencies all met for dep_context=requeueable deps ti=<TaskInstance: s3_snowflake_etl.notify_by_email manual__2024-02-06T20:32:04.997857+00:00 [queued]>
[2024-02-06T20:36:20.376+0000] {taskinstance.py:2170} INFO - Starting attempt 2 of 3
[2024-02-06T20:36:20.427+0000] {taskinstance.py:2191} INFO - Executing <Task(EmailOperator): notify_by_email> on 2024-02-06 20:32:04.997857+00:00
[2024-02-06T20:36:20.438+0000] {standard_task_runner.py:60} INFO - Started process 63 to run task
[2024-02-06T20:36:20.444+0000] {standard_task_runner.py:87} INFO - Running: ['***', 'tasks', 'run', 's3_snowflake_etl', 'notify_by_email', 'manual__2024-02-06T20:32:04.997857+00:00', '--job-id', '101', '--raw', '--subdir', 'DAGS_FOLDER/S3_to_Snowflake_DAG.py', '--cfg-path', '/tmp/tmp718yjtjg']
[2024-02-06T20:36:20.446+0000] {standard_task_runner.py:88} INFO - Job 101: Subtask notify_by_email
[2024-02-06T20:36:20.581+0000] {task_command.py:423} INFO - Running <TaskInstance: s3_snowflake_etl.notify_by_email manual__2024-02-06T20:32:04.997857+00:00 [running]> on host 1174dfe8bfd6
[2024-02-06T20:36:20.719+0000] {taskinstance.py:2480} INFO - Exporting env vars: AIRFLOW_CTX_DAG_OWNER='stellar' AIRFLOW_CTX_DAG_ID='s3_snowflake_etl' AIRFLOW_CTX_TASK_ID='notify_by_email' AIRFLOW_CTX_EXECUTION_DATE='2024-02-06T20:32:04.997857+00:00' AIRFLOW_CTX_TRY_NUMBER='2' AIRFLOW_CTX_DAG_RUN_ID='manual__2024-02-06T20:32:04.997857+00:00'
[2024-02-06T20:36:20.744+0000] {warnings.py:109} WARNING - /home/***/.local/lib/python3.8/site-packages/***/utils/email.py:154: RemovedInAirflow3Warning: Fetching SMTP credentials from configuration variables will be deprecated in a future release. Please set credentials using a connection instead.
  send_mime_email(e_from=mail_from, e_to=recipients, mime_msg=msg, conn_id=conn_id, dryrun=dryrun)

[2024-02-06T20:36:20.745+0000] {configuration.py:1046} WARNING - section/key [smtp/smtp_user] not found in config
[2024-02-06T20:36:20.746+0000] {email.py:270} INFO - Email alerting: attempt 1
[2024-02-06T20:36:21.441+0000] {email.py:281} INFO - Sent an alert email to ['grittapop.p@gmail.com']
[2024-02-06T20:36:22.021+0000] {taskinstance.py:2698} ERROR - Task failed with exception
Traceback (most recent call last):
  File "/home/airflow/.local/lib/python3.8/site-packages/airflow/models/taskinstance.py", line 433, in _execute_task
    result = execute_callable(context=context, **execute_callable_kwargs)
  File "/home/airflow/.local/lib/python3.8/site-packages/airflow/operators/email.py", line 79, in execute
    send_email(
  File "/home/airflow/.local/lib/python3.8/site-packages/airflow/utils/email.py", line 80, in send_email
    return backend(
  File "/home/airflow/.local/lib/python3.8/site-packages/airflow/utils/email.py", line 154, in send_email_smtp
    send_mime_email(e_from=mail_from, e_to=recipients, mime_msg=msg, conn_id=conn_id, dryrun=dryrun)
  File "/home/airflow/.local/lib/python3.8/site-packages/airflow/utils/email.py", line 282, in send_mime_email
    smtp_conn.sendmail(e_from, e_to, mime_msg.as_string())
  File "/usr/local/lib/python3.8/smtplib.py", line 885, in sendmail
    raise SMTPSenderRefused(code, resp, from_addr)
smtplib.SMTPSenderRefused: (530, b'5.7.0 Authentication Required. For more information, go to\n5.7.0  https://support.google.com/mail/?p=WantAuthError kk6-20020a170903070600b001d8dd636705sm2313495plb.190 - gsmtp', '***@example.com')
[2024-02-06T20:36:22.033+0000] {taskinstance.py:1138} INFO - Marking task as UP_FOR_RETRY. dag_id=s3_snowflake_etl, task_id=notify_by_email, execution_date=20240206T203204, start_date=20240206T203620, end_date=20240206T203622
[2024-02-06T20:36:22.054+0000] {standard_task_runner.py:107} ERROR - Failed to execute job 101 for task notify_by_email ((530, b'5.7.0 Authentication Required. For more information, go to\n5.7.0  https://support.google.com/mail/?p=WantAuthError kk6-20020a170903070600b001d8dd636705sm2313495plb.190 - gsmtp', '***@example.com'); 63)
[2024-02-06T20:36:22.104+0000] {local_task_job_runner.py:234} INFO - Task exited with return code 1
[2024-02-06T20:36:22.131+0000] {taskinstance.py:3280} INFO - 0 downstream tasks scheduled from follow-on schedule check
