[2024-02-06T20:38:25.635+0000] {taskinstance.py:1956} INFO - Dependencies all met for dep_context=non-requeueable deps ti=<TaskInstance: s3_snowflake_etl.notify_by_email manual__2024-02-06T20:32:04.997857+00:00 [queued]>
[2024-02-06T20:38:25.666+0000] {taskinstance.py:1956} INFO - Dependencies all met for dep_context=requeueable deps ti=<TaskInstance: s3_snowflake_etl.notify_by_email manual__2024-02-06T20:32:04.997857+00:00 [queued]>
[2024-02-06T20:38:25.667+0000] {taskinstance.py:2170} INFO - Starting attempt 3 of 3
[2024-02-06T20:38:25.691+0000] {taskinstance.py:2191} INFO - Executing <Task(EmailOperator): notify_by_email> on 2024-02-06 20:32:04.997857+00:00
[2024-02-06T20:38:25.699+0000] {standard_task_runner.py:60} INFO - Started process 109 to run task
[2024-02-06T20:38:25.704+0000] {standard_task_runner.py:87} INFO - Running: ['***', 'tasks', 'run', 's3_snowflake_etl', 'notify_by_email', 'manual__2024-02-06T20:32:04.997857+00:00', '--job-id', '106', '--raw', '--subdir', 'DAGS_FOLDER/S3_to_Snowflake_DAG.py', '--cfg-path', '/tmp/tmp7m1i6u97']
[2024-02-06T20:38:25.706+0000] {standard_task_runner.py:88} INFO - Job 106: Subtask notify_by_email
[2024-02-06T20:38:25.774+0000] {task_command.py:423} INFO - Running <TaskInstance: s3_snowflake_etl.notify_by_email manual__2024-02-06T20:32:04.997857+00:00 [running]> on host 1174dfe8bfd6
[2024-02-06T20:38:25.885+0000] {taskinstance.py:2480} INFO - Exporting env vars: AIRFLOW_CTX_DAG_OWNER='stellar' AIRFLOW_CTX_DAG_ID='s3_snowflake_etl' AIRFLOW_CTX_TASK_ID='notify_by_email' AIRFLOW_CTX_EXECUTION_DATE='2024-02-06T20:32:04.997857+00:00' AIRFLOW_CTX_TRY_NUMBER='3' AIRFLOW_CTX_DAG_RUN_ID='manual__2024-02-06T20:32:04.997857+00:00'
[2024-02-06T20:38:25.903+0000] {warnings.py:109} WARNING - /home/***/.local/lib/python3.8/site-packages/***/utils/email.py:154: RemovedInAirflow3Warning: Fetching SMTP credentials from configuration variables will be deprecated in a future release. Please set credentials using a connection instead.
  send_mime_email(e_from=mail_from, e_to=recipients, mime_msg=msg, conn_id=conn_id, dryrun=dryrun)

[2024-02-06T20:38:25.904+0000] {configuration.py:1046} WARNING - section/key [smtp/smtp_user] not found in config
[2024-02-06T20:38:25.905+0000] {email.py:270} INFO - Email alerting: attempt 1
[2024-02-06T20:38:26.592+0000] {email.py:281} INFO - Sent an alert email to ['grittapop.p@gmail.com']
[2024-02-06T20:38:27.184+0000] {taskinstance.py:2698} ERROR - Task failed with exception
Traceback (most recent call last):
  File "/home/airflow/.local/lib/python3.8/site-packages/airflow/models/taskinstance.py", line 433, in _execute_task
    result = execute_callable(context=context, **execute_callable_kwargs)
  File "/home/airflow/.local/lib/python3.8/site-packages/airflow/operators/email.py", line 79, in execute
    send_email(
  File "/home/airflow/.local/lib/python3.8/site-packages/airflow/utils/email.py", line 80, in send_email
    return backend(
  File "/home/airflow/.local/lib/python3.8/site-packages/airflow/utils/email.py", line 154, in send_email_smtp
    send_mime_email(e_from=mail_from, e_to=recipients, mime_msg=msg, conn_id=conn_id, dryrun=dryrun)
  File "/home/airflow/.local/lib/python3.8/site-packages/airflow/utils/email.py", line 282, in send_mime_email
    smtp_conn.sendmail(e_from, e_to, mime_msg.as_string())
  File "/usr/local/lib/python3.8/smtplib.py", line 885, in sendmail
    raise SMTPSenderRefused(code, resp, from_addr)
smtplib.SMTPSenderRefused: (530, b'5.7.0 Authentication Required. For more information, go to\n5.7.0  https://support.google.com/mail/?p=WantAuthError p3-20020aa78603000000b006e05423b865sm2401104pfn.79 - gsmtp', '***@example.com')
[2024-02-06T20:38:27.200+0000] {taskinstance.py:1138} INFO - Marking task as FAILED. dag_id=s3_snowflake_etl, task_id=notify_by_email, execution_date=20240206T203204, start_date=20240206T203825, end_date=20240206T203827
[2024-02-06T20:38:27.229+0000] {standard_task_runner.py:107} ERROR - Failed to execute job 106 for task notify_by_email ((530, b'5.7.0 Authentication Required. For more information, go to\n5.7.0  https://support.google.com/mail/?p=WantAuthError p3-20020aa78603000000b006e05423b865sm2401104pfn.79 - gsmtp', '***@example.com'); 109)
[2024-02-06T20:38:27.283+0000] {local_task_job_runner.py:234} INFO - Task exited with return code 1
[2024-02-06T20:38:27.313+0000] {taskinstance.py:3280} INFO - 0 downstream tasks scheduled from follow-on schedule check
