[2024-02-28T17:04:33.902+0000] {taskinstance.py:1956} INFO - Dependencies all met for dep_context=non-requeueable deps ti=<TaskInstance: gcs_snowflake_etl.create_snowflake_table manual__2024-02-28T16:24:43.491411+00:00 [queued]>
[2024-02-28T17:04:33.917+0000] {taskinstance.py:1956} INFO - Dependencies all met for dep_context=requeueable deps ti=<TaskInstance: gcs_snowflake_etl.create_snowflake_table manual__2024-02-28T16:24:43.491411+00:00 [queued]>
[2024-02-28T17:04:33.919+0000] {taskinstance.py:2170} INFO - Starting attempt 1 of 3
[2024-02-28T17:04:33.948+0000] {taskinstance.py:2191} INFO - Executing <Task(SnowflakeOperator): create_snowflake_table> on 2024-02-28 16:24:43.491411+00:00
[2024-02-28T17:04:33.955+0000] {standard_task_runner.py:60} INFO - Started process 65 to run task
[2024-02-28T17:04:33.962+0000] {standard_task_runner.py:87} INFO - Running: ['***', 'tasks', 'run', 'gcs_snowflake_etl', 'create_snowflake_table', 'manual__2024-02-28T16:24:43.491411+00:00', '--job-id', '268', '--raw', '--subdir', 'DAGS_FOLDER/GCS_to_Snowflake_DAG.py', '--cfg-path', '/tmp/tmppzkfm0fj']
[2024-02-28T17:04:33.969+0000] {standard_task_runner.py:88} INFO - Job 268: Subtask create_snowflake_table
[2024-02-28T17:04:34.049+0000] {task_command.py:423} INFO - Running <TaskInstance: gcs_snowflake_etl.create_snowflake_table manual__2024-02-28T16:24:43.491411+00:00 [running]> on host 1753c686362f
[2024-02-28T17:04:34.167+0000] {taskinstance.py:2480} INFO - Exporting env vars: AIRFLOW_CTX_DAG_OWNER='stellar' AIRFLOW_CTX_DAG_ID='gcs_snowflake_etl' AIRFLOW_CTX_TASK_ID='create_snowflake_table' AIRFLOW_CTX_EXECUTION_DATE='2024-02-28T16:24:43.491411+00:00' AIRFLOW_CTX_TRY_NUMBER='1' AIRFLOW_CTX_DAG_RUN_ID='manual__2024-02-28T16:24:43.491411+00:00'
[2024-02-28T17:04:34.169+0000] {sql.py:276} INFO - Executing: 
            DROP TABLE IF EXISTS full_moon_time;
            CREATE TABLE IF NOT EXISTS full_moon_time(
                Date VARCHAR,
                MoonriseEarly TIME,
                Moonset TIME,
                MoonriseLate TIME,
                Phase VARCHAR,
                PhaseTime TIME,
                CivilDawn TIME,
                CivilDusk TIME 	
            )
        
[2024-02-28T17:04:34.199+0000] {taskinstance.py:2698} ERROR - Task failed with exception
Traceback (most recent call last):
  File "/home/airflow/.local/lib/python3.8/site-packages/airflow/models/taskinstance.py", line 433, in _execute_task
    result = execute_callable(context=context, **execute_callable_kwargs)
  File "/home/airflow/.local/lib/python3.8/site-packages/airflow/providers/common/sql/operators/sql.py", line 277, in execute
    hook = self.get_db_hook()
  File "/home/airflow/.local/lib/python3.8/site-packages/airflow/providers/common/sql/operators/sql.py", line 188, in get_db_hook
    return self._hook
  File "/usr/local/lib/python3.8/functools.py", line 967, in __get__
    val = self.func(instance)
  File "/home/airflow/.local/lib/python3.8/site-packages/airflow/providers/common/sql/operators/sql.py", line 150, in _hook
    conn = BaseHook.get_connection(conn_id)
  File "/home/airflow/.local/lib/python3.8/site-packages/airflow/hooks/base.py", line 82, in get_connection
    conn = Connection.get_connection_from_secrets(conn_id)
  File "/home/airflow/.local/lib/python3.8/site-packages/airflow/models/connection.py", line 479, in get_connection_from_secrets
    raise AirflowNotFoundException(f"The conn_id `{conn_id}` isn't defined")
airflow.exceptions.AirflowNotFoundException: The conn_id `conn_id_snowflake` isn't defined
[2024-02-28T17:04:34.206+0000] {taskinstance.py:1138} INFO - Marking task as UP_FOR_RETRY. dag_id=gcs_snowflake_etl, task_id=create_snowflake_table, execution_date=20240228T162443, start_date=20240228T170433, end_date=20240228T170434
[2024-02-28T17:04:34.227+0000] {standard_task_runner.py:107} ERROR - Failed to execute job 268 for task create_snowflake_table (The conn_id `conn_id_snowflake` isn't defined; 65)
[2024-02-28T17:04:34.257+0000] {local_task_job_runner.py:234} INFO - Task exited with return code 1
[2024-02-28T17:04:34.292+0000] {taskinstance.py:3280} INFO - 0 downstream tasks scheduled from follow-on schedule check
