[2024-02-29T19:30:07.805+0000] {taskinstance.py:1956} INFO - Dependencies all met for dep_context=non-requeueable deps ti=<TaskInstance: gcs_snowflake_etl.create_snowflake_database manual__2024-02-29T19:29:49.223225+00:00 [queued]>
[2024-02-29T19:30:07.818+0000] {taskinstance.py:1956} INFO - Dependencies all met for dep_context=requeueable deps ti=<TaskInstance: gcs_snowflake_etl.create_snowflake_database manual__2024-02-29T19:29:49.223225+00:00 [queued]>
[2024-02-29T19:30:07.818+0000] {taskinstance.py:2170} INFO - Starting attempt 1 of 3
[2024-02-29T19:30:07.837+0000] {taskinstance.py:2191} INFO - Executing <Task(SnowflakeOperator): create_snowflake_database> on 2024-02-29 19:29:49.223225+00:00
[2024-02-29T19:30:07.846+0000] {standard_task_runner.py:60} INFO - Started process 107 to run task
[2024-02-29T19:30:07.851+0000] {standard_task_runner.py:87} INFO - Running: ['***', 'tasks', 'run', 'gcs_snowflake_etl', 'create_snowflake_database', 'manual__2024-02-29T19:29:49.223225+00:00', '--job-id', '17', '--raw', '--subdir', 'DAGS_FOLDER/GCS_to_Snowflake_DAG.py', '--cfg-path', '/tmp/tmp4jmljv_w']
[2024-02-29T19:30:07.855+0000] {standard_task_runner.py:88} INFO - Job 17: Subtask create_snowflake_database
[2024-02-29T19:30:07.926+0000] {task_command.py:423} INFO - Running <TaskInstance: gcs_snowflake_etl.create_snowflake_database manual__2024-02-29T19:29:49.223225+00:00 [running]> on host 14357164fa05
[2024-02-29T19:30:08.030+0000] {taskinstance.py:2480} INFO - Exporting env vars: AIRFLOW_CTX_DAG_OWNER='stellar' AIRFLOW_CTX_DAG_ID='gcs_snowflake_etl' AIRFLOW_CTX_TASK_ID='create_snowflake_database' AIRFLOW_CTX_EXECUTION_DATE='2024-02-29T19:29:49.223225+00:00' AIRFLOW_CTX_TRY_NUMBER='1' AIRFLOW_CTX_DAG_RUN_ID='manual__2024-02-29T19:29:49.223225+00:00'
[2024-02-29T19:30:08.032+0000] {sql.py:276} INFO - Executing: 
                    CREATE DATABASE IF NOT EXISTS Project_US_Stock_Market ;
            
[2024-02-29T19:30:08.051+0000] {base.py:83} INFO - Using connection ID 'conn_id_snowflake' for task execution.
[2024-02-29T19:30:08.067+0000] {base.py:83} INFO - Using connection ID 'conn_id_snowflake' for task execution.
[2024-02-29T19:30:08.069+0000] {connection.py:370} INFO - Snowflake Connector for Python Version: 3.6.0, Python Version: 3.8.18, Platform: Linux-5.15.133.1-microsoft-standard-WSL2-x86_64-with-glibc2.34
[2024-02-29T19:30:08.070+0000] {connection.py:1171} INFO - This connection is in OCSP Fail Open Mode. TLS Certificates would be checked for validity and revocation status. Any other Certificate Revocation related exceptions or OCSP Responder failures would be disregarded in favor of connectivity.
[2024-02-29T19:30:08.659+0000] {cursor.py:1028} INFO - query: [ALTER SESSION SET autocommit=False]
[2024-02-29T19:30:08.911+0000] {cursor.py:1041} INFO - query execution done
[2024-02-29T19:30:08.914+0000] {cursor.py:1205} INFO - Number of results in first chunk: 1
[2024-02-29T19:30:08.917+0000] {sql.py:450} INFO - Running statement: CREATE DATABASE IF NOT EXISTS Project_US_Stock_Market ;, parameters: None
[2024-02-29T19:30:08.919+0000] {cursor.py:1028} INFO - query: [CREATE DATABASE IF NOT EXISTS Project_US_Stock_Market ;]
[2024-02-29T19:30:09.071+0000] {cursor.py:1041} INFO - query execution done
[2024-02-29T19:30:09.072+0000] {cursor.py:1205} INFO - Number of results in first chunk: 1
[2024-02-29T19:30:09.074+0000] {sql.py:459} INFO - Rows affected: 1
[2024-02-29T19:30:09.075+0000] {snowflake.py:400} INFO - Rows affected: 1
[2024-02-29T19:30:09.076+0000] {snowflake.py:401} INFO - Snowflake query id: 01b2ae52-3201-0292-0000-000805ceb041
[2024-02-29T19:30:09.077+0000] {cursor.py:1028} INFO - query: [COMMIT]
[2024-02-29T19:30:09.309+0000] {cursor.py:1041} INFO - query execution done
[2024-02-29T19:30:09.310+0000] {cursor.py:1205} INFO - Number of results in first chunk: 1
[2024-02-29T19:30:09.311+0000] {connection.py:718} INFO - closed
[2024-02-29T19:30:09.374+0000] {connection.py:724} INFO - No async queries seem to be running, deleting session
[2024-02-29T19:30:09.522+0000] {taskinstance.py:1138} INFO - Marking task as SUCCESS. dag_id=gcs_snowflake_etl, task_id=create_snowflake_database, execution_date=20240229T192949, start_date=20240229T193007, end_date=20240229T193009
[2024-02-29T19:30:09.594+0000] {local_task_job_runner.py:234} INFO - Task exited with return code 0
[2024-02-29T19:30:09.652+0000] {taskinstance.py:3280} INFO - 1 downstream tasks scheduled from follow-on schedule check
