[2024-02-28T05:49:50.673+0000] {taskinstance.py:1956} INFO - Dependencies all met for dep_context=non-requeueable deps ti=<TaskInstance: gcs_snowflake_etl.gcs_object_exists scheduled__2024-02-27T00:00:00+00:00 [queued]>
[2024-02-28T05:49:50.690+0000] {taskinstance.py:1956} INFO - Dependencies all met for dep_context=requeueable deps ti=<TaskInstance: gcs_snowflake_etl.gcs_object_exists scheduled__2024-02-27T00:00:00+00:00 [queued]>
[2024-02-28T05:49:50.692+0000] {taskinstance.py:2170} INFO - Starting attempt 1 of 3
[2024-02-28T05:49:50.718+0000] {taskinstance.py:2191} INFO - Executing <Task(GCSObjectExistenceSensor): gcs_object_exists> on 2024-02-27 00:00:00+00:00
[2024-02-28T05:49:50.730+0000] {standard_task_runner.py:60} INFO - Started process 191 to run task
[2024-02-28T05:49:50.739+0000] {standard_task_runner.py:87} INFO - Running: ['***', 'tasks', 'run', 'gcs_snowflake_etl', 'gcs_object_exists', 'scheduled__2024-02-27T00:00:00+00:00', '--job-id', '30', '--raw', '--subdir', 'DAGS_FOLDER/GCS_to_Snowflake_DAG.py', '--cfg-path', '/tmp/tmp1gcg0eqs']
[2024-02-28T05:49:50.748+0000] {standard_task_runner.py:88} INFO - Job 30: Subtask gcs_object_exists
[2024-02-28T05:49:51.156+0000] {task_command.py:423} INFO - Running <TaskInstance: gcs_snowflake_etl.gcs_object_exists scheduled__2024-02-27T00:00:00+00:00 [running]> on host ae154badcbc6
[2024-02-28T05:49:51.429+0000] {taskinstance.py:2480} INFO - Exporting env vars: AIRFLOW_CTX_DAG_OWNER='stellar' AIRFLOW_CTX_DAG_ID='gcs_snowflake_etl' AIRFLOW_CTX_TASK_ID='gcs_object_exists' AIRFLOW_CTX_EXECUTION_DATE='2024-02-27T00:00:00+00:00' AIRFLOW_CTX_TRY_NUMBER='1' AIRFLOW_CTX_DAG_RUN_ID='scheduled__2024-02-27T00:00:00+00:00'
[2024-02-28T05:49:51.431+0000] {gcs.py:98} INFO - Sensor checks existence of : us_stock_market, US-Stock-Market-Dataset.csv
[2024-02-28T05:49:51.449+0000] {connection.py:234} WARNING - Connection schemes (type: google_cloud_platform) shall not contain '_' according to RFC3986.
[2024-02-28T05:49:51.461+0000] {base.py:83} INFO - Using connection ID 'gcp_conn_id' for task execution.
[2024-02-28T05:49:52.131+0000] {base.py:295} INFO - Success criteria met. Exiting.
[2024-02-28T05:49:52.164+0000] {taskinstance.py:1138} INFO - Marking task as SUCCESS. dag_id=gcs_snowflake_etl, task_id=gcs_object_exists, execution_date=20240227T000000, start_date=20240228T054950, end_date=20240228T054952
[2024-02-28T05:49:52.266+0000] {local_task_job_runner.py:234} INFO - Task exited with return code 0
[2024-02-28T05:49:52.351+0000] {taskinstance.py:3280} INFO - 1 downstream tasks scheduled from follow-on schedule check
[2024-02-28T12:08:22.989+0000] {taskinstance.py:1956} INFO - Dependencies all met for dep_context=non-requeueable deps ti=<TaskInstance: gcs_snowflake_etl.gcs_object_exists scheduled__2024-02-27T00:00:00+00:00 [queued]>
[2024-02-28T12:08:23.006+0000] {taskinstance.py:1956} INFO - Dependencies all met for dep_context=requeueable deps ti=<TaskInstance: gcs_snowflake_etl.gcs_object_exists scheduled__2024-02-27T00:00:00+00:00 [queued]>
[2024-02-28T12:08:23.007+0000] {taskinstance.py:2170} INFO - Starting attempt 1 of 3
[2024-02-28T12:08:23.033+0000] {taskinstance.py:2191} INFO - Executing <Task(GCSObjectExistenceSensor): gcs_object_exists> on 2024-02-27 00:00:00+00:00
[2024-02-28T12:08:23.043+0000] {standard_task_runner.py:60} INFO - Started process 74 to run task
[2024-02-28T12:08:23.049+0000] {standard_task_runner.py:87} INFO - Running: ['***', 'tasks', 'run', 'gcs_snowflake_etl', 'gcs_object_exists', 'scheduled__2024-02-27T00:00:00+00:00', '--job-id', '3', '--raw', '--subdir', 'DAGS_FOLDER/GCS_to_Snowflake_DAG.py', '--cfg-path', '/tmp/tmptibmvrl_']
[2024-02-28T12:08:23.054+0000] {standard_task_runner.py:88} INFO - Job 3: Subtask gcs_object_exists
[2024-02-28T12:08:23.144+0000] {task_command.py:423} INFO - Running <TaskInstance: gcs_snowflake_etl.gcs_object_exists scheduled__2024-02-27T00:00:00+00:00 [running]> on host b9a0bf70b495
[2024-02-28T12:08:23.408+0000] {taskinstance.py:2480} INFO - Exporting env vars: AIRFLOW_CTX_DAG_OWNER='stellar' AIRFLOW_CTX_DAG_ID='gcs_snowflake_etl' AIRFLOW_CTX_TASK_ID='gcs_object_exists' AIRFLOW_CTX_EXECUTION_DATE='2024-02-27T00:00:00+00:00' AIRFLOW_CTX_TRY_NUMBER='1' AIRFLOW_CTX_DAG_RUN_ID='scheduled__2024-02-27T00:00:00+00:00'
[2024-02-28T12:08:23.412+0000] {gcs.py:98} INFO - Sensor checks existence of : us_stock_market, US-Stock-Market-Dataset.csv
[2024-02-28T12:08:23.444+0000] {taskinstance.py:2698} ERROR - Task failed with exception
Traceback (most recent call last):
  File "/home/airflow/.local/lib/python3.8/site-packages/airflow/models/taskinstance.py", line 433, in _execute_task
    result = execute_callable(context=context, **execute_callable_kwargs)
  File "/home/airflow/.local/lib/python3.8/site-packages/airflow/providers/google/cloud/sensors/gcs.py", line 112, in execute
    super().execute(context)
  File "/home/airflow/.local/lib/python3.8/site-packages/airflow/sensors/base.py", line 265, in execute
    raise e
  File "/home/airflow/.local/lib/python3.8/site-packages/airflow/sensors/base.py", line 247, in execute
    poke_return = self.poke(context)
  File "/home/airflow/.local/lib/python3.8/site-packages/airflow/providers/google/cloud/sensors/gcs.py", line 99, in poke
    hook = GCSHook(
  File "/home/airflow/.local/lib/python3.8/site-packages/airflow/providers/google/cloud/hooks/gcs.py", line 157, in __init__
    super().__init__(
  File "/home/airflow/.local/lib/python3.8/site-packages/airflow/providers/google/common/hooks/base_google.py", line 242, in __init__
    self.extras: dict = self.get_connection(self.gcp_conn_id).extra_dejson
  File "/home/airflow/.local/lib/python3.8/site-packages/airflow/hooks/base.py", line 82, in get_connection
    conn = Connection.get_connection_from_secrets(conn_id)
  File "/home/airflow/.local/lib/python3.8/site-packages/airflow/models/connection.py", line 479, in get_connection_from_secrets
    raise AirflowNotFoundException(f"The conn_id `{conn_id}` isn't defined")
airflow.exceptions.AirflowNotFoundException: The conn_id `gcp_conn_id` isn't defined
[2024-02-28T12:08:23.452+0000] {taskinstance.py:1138} INFO - Marking task as UP_FOR_RETRY. dag_id=gcs_snowflake_etl, task_id=gcs_object_exists, execution_date=20240227T000000, start_date=20240228T120822, end_date=20240228T120823
[2024-02-28T12:08:23.477+0000] {standard_task_runner.py:107} ERROR - Failed to execute job 3 for task gcs_object_exists (The conn_id `gcp_conn_id` isn't defined; 74)
[2024-02-28T12:08:23.503+0000] {local_task_job_runner.py:234} INFO - Task exited with return code 1
[2024-02-28T12:08:23.558+0000] {taskinstance.py:3280} INFO - 0 downstream tasks scheduled from follow-on schedule check
[2024-02-28T12:16:47.424+0000] {taskinstance.py:1956} INFO - Dependencies all met for dep_context=non-requeueable deps ti=<TaskInstance: gcs_snowflake_etl.gcs_object_exists scheduled__2024-02-27T00:00:00+00:00 [queued]>
[2024-02-28T12:16:47.436+0000] {taskinstance.py:1956} INFO - Dependencies all met for dep_context=requeueable deps ti=<TaskInstance: gcs_snowflake_etl.gcs_object_exists scheduled__2024-02-27T00:00:00+00:00 [queued]>
[2024-02-28T12:16:47.438+0000] {taskinstance.py:2170} INFO - Starting attempt 1 of 3
[2024-02-28T12:16:47.459+0000] {taskinstance.py:2191} INFO - Executing <Task(GCSObjectExistenceSensor): gcs_object_exists> on 2024-02-27 00:00:00+00:00
[2024-02-28T12:16:47.466+0000] {standard_task_runner.py:60} INFO - Started process 63 to run task
[2024-02-28T12:16:47.474+0000] {standard_task_runner.py:87} INFO - Running: ['***', 'tasks', 'run', 'gcs_snowflake_etl', 'gcs_object_exists', 'scheduled__2024-02-27T00:00:00+00:00', '--job-id', '16', '--raw', '--subdir', 'DAGS_FOLDER/GCS_to_Snowflake_DAG.py', '--cfg-path', '/tmp/tmpk_pxj8q6']
[2024-02-28T12:16:47.481+0000] {standard_task_runner.py:88} INFO - Job 16: Subtask gcs_object_exists
[2024-02-28T12:16:47.563+0000] {task_command.py:423} INFO - Running <TaskInstance: gcs_snowflake_etl.gcs_object_exists scheduled__2024-02-27T00:00:00+00:00 [running]> on host b9a0bf70b495
[2024-02-28T12:16:47.730+0000] {taskinstance.py:2480} INFO - Exporting env vars: AIRFLOW_CTX_DAG_OWNER='stellar' AIRFLOW_CTX_DAG_ID='gcs_snowflake_etl' AIRFLOW_CTX_TASK_ID='gcs_object_exists' AIRFLOW_CTX_EXECUTION_DATE='2024-02-27T00:00:00+00:00' AIRFLOW_CTX_TRY_NUMBER='1' AIRFLOW_CTX_DAG_RUN_ID='scheduled__2024-02-27T00:00:00+00:00'
[2024-02-28T12:16:47.732+0000] {gcs.py:98} INFO - Sensor checks existence of : us_stock_market, US-Stock-Market-Dataset.csv
[2024-02-28T12:16:47.766+0000] {connection.py:234} WARNING - Connection schemes (type: google_cloud_platform) shall not contain '_' according to RFC3986.
[2024-02-28T12:16:47.793+0000] {base.py:83} INFO - Using connection ID 'gcp_conn_id' for task execution.
[2024-02-28T12:16:48.751+0000] {base.py:295} INFO - Success criteria met. Exiting.
[2024-02-28T12:16:48.775+0000] {taskinstance.py:1138} INFO - Marking task as SUCCESS. dag_id=gcs_snowflake_etl, task_id=gcs_object_exists, execution_date=20240227T000000, start_date=20240228T121647, end_date=20240228T121648
[2024-02-28T12:16:48.818+0000] {local_task_job_runner.py:234} INFO - Task exited with return code 0
[2024-02-28T12:16:48.896+0000] {taskinstance.py:3280} INFO - 1 downstream tasks scheduled from follow-on schedule check
[2024-02-28T12:49:18.663+0000] {taskinstance.py:1956} INFO - Dependencies all met for dep_context=non-requeueable deps ti=<TaskInstance: gcs_snowflake_etl.gcs_object_exists scheduled__2024-02-27T00:00:00+00:00 [queued]>
[2024-02-28T12:49:18.675+0000] {taskinstance.py:1956} INFO - Dependencies all met for dep_context=requeueable deps ti=<TaskInstance: gcs_snowflake_etl.gcs_object_exists scheduled__2024-02-27T00:00:00+00:00 [queued]>
[2024-02-28T12:49:18.676+0000] {taskinstance.py:2170} INFO - Starting attempt 1 of 3
[2024-02-28T12:49:18.722+0000] {taskinstance.py:2191} INFO - Executing <Task(GCSObjectExistenceSensor): gcs_object_exists> on 2024-02-27 00:00:00+00:00
[2024-02-28T12:49:18.730+0000] {standard_task_runner.py:60} INFO - Started process 64 to run task
[2024-02-28T12:49:18.738+0000] {standard_task_runner.py:87} INFO - Running: ['***', 'tasks', 'run', 'gcs_snowflake_etl', 'gcs_object_exists', 'scheduled__2024-02-27T00:00:00+00:00', '--job-id', '46', '--raw', '--subdir', 'DAGS_FOLDER/GCS_to_Snowflake_DAG.py', '--cfg-path', '/tmp/tmpt5z9ppwf']
[2024-02-28T12:49:18.743+0000] {standard_task_runner.py:88} INFO - Job 46: Subtask gcs_object_exists
[2024-02-28T12:49:18.847+0000] {task_command.py:423} INFO - Running <TaskInstance: gcs_snowflake_etl.gcs_object_exists scheduled__2024-02-27T00:00:00+00:00 [running]> on host b9a0bf70b495
[2024-02-28T12:49:19.073+0000] {taskinstance.py:2480} INFO - Exporting env vars: AIRFLOW_CTX_DAG_OWNER='stellar' AIRFLOW_CTX_DAG_ID='gcs_snowflake_etl' AIRFLOW_CTX_TASK_ID='gcs_object_exists' AIRFLOW_CTX_EXECUTION_DATE='2024-02-27T00:00:00+00:00' AIRFLOW_CTX_TRY_NUMBER='1' AIRFLOW_CTX_DAG_RUN_ID='scheduled__2024-02-27T00:00:00+00:00'
[2024-02-28T12:49:19.076+0000] {gcs.py:98} INFO - Sensor checks existence of : us_stock_market, US-Stock-Market-Dataset.csv
[2024-02-28T12:49:19.094+0000] {connection.py:234} WARNING - Connection schemes (type: google_cloud_platform) shall not contain '_' according to RFC3986.
[2024-02-28T12:49:19.100+0000] {base.py:83} INFO - Using connection ID 'gcp_conn_id' for task execution.
[2024-02-28T12:49:19.668+0000] {base.py:295} INFO - Success criteria met. Exiting.
[2024-02-28T12:49:19.696+0000] {taskinstance.py:1138} INFO - Marking task as SUCCESS. dag_id=gcs_snowflake_etl, task_id=gcs_object_exists, execution_date=20240227T000000, start_date=20240228T124918, end_date=20240228T124919
[2024-02-28T12:49:19.755+0000] {local_task_job_runner.py:234} INFO - Task exited with return code 0
[2024-02-28T12:49:19.807+0000] {taskinstance.py:3280} INFO - 1 downstream tasks scheduled from follow-on schedule check
[2024-02-28T13:04:30.455+0000] {taskinstance.py:1956} INFO - Dependencies all met for dep_context=non-requeueable deps ti=<TaskInstance: gcs_snowflake_etl.gcs_object_exists scheduled__2024-02-27T00:00:00+00:00 [queued]>
[2024-02-28T13:04:30.472+0000] {taskinstance.py:1956} INFO - Dependencies all met for dep_context=requeueable deps ti=<TaskInstance: gcs_snowflake_etl.gcs_object_exists scheduled__2024-02-27T00:00:00+00:00 [queued]>
[2024-02-28T13:04:30.473+0000] {taskinstance.py:2170} INFO - Starting attempt 1 of 3
[2024-02-28T13:04:30.494+0000] {taskinstance.py:2191} INFO - Executing <Task(GCSObjectExistenceSensor): gcs_object_exists> on 2024-02-27 00:00:00+00:00
[2024-02-28T13:04:30.503+0000] {standard_task_runner.py:60} INFO - Started process 63 to run task
[2024-02-28T13:04:30.508+0000] {standard_task_runner.py:87} INFO - Running: ['***', 'tasks', 'run', 'gcs_snowflake_etl', 'gcs_object_exists', 'scheduled__2024-02-27T00:00:00+00:00', '--job-id', '67', '--raw', '--subdir', 'DAGS_FOLDER/GCS_to_Snowflake_DAG.py', '--cfg-path', '/tmp/tmpjowybd2f']
[2024-02-28T13:04:30.515+0000] {standard_task_runner.py:88} INFO - Job 67: Subtask gcs_object_exists
[2024-02-28T13:04:30.595+0000] {task_command.py:423} INFO - Running <TaskInstance: gcs_snowflake_etl.gcs_object_exists scheduled__2024-02-27T00:00:00+00:00 [running]> on host b9a0bf70b495
[2024-02-28T13:04:30.744+0000] {taskinstance.py:2480} INFO - Exporting env vars: AIRFLOW_CTX_DAG_OWNER='stellar' AIRFLOW_CTX_DAG_ID='gcs_snowflake_etl' AIRFLOW_CTX_TASK_ID='gcs_object_exists' AIRFLOW_CTX_EXECUTION_DATE='2024-02-27T00:00:00+00:00' AIRFLOW_CTX_TRY_NUMBER='1' AIRFLOW_CTX_DAG_RUN_ID='scheduled__2024-02-27T00:00:00+00:00'
[2024-02-28T13:04:30.746+0000] {gcs.py:98} INFO - Sensor checks existence of : us_stock_market, US-Stock-Market-Dataset.csv
[2024-02-28T13:04:30.759+0000] {connection.py:234} WARNING - Connection schemes (type: google_cloud_platform) shall not contain '_' according to RFC3986.
[2024-02-28T13:04:30.766+0000] {base.py:83} INFO - Using connection ID 'gcp_conn_id' for task execution.
[2024-02-28T13:04:31.264+0000] {base.py:295} INFO - Success criteria met. Exiting.
[2024-02-28T13:04:31.277+0000] {taskinstance.py:1138} INFO - Marking task as SUCCESS. dag_id=gcs_snowflake_etl, task_id=gcs_object_exists, execution_date=20240227T000000, start_date=20240228T130430, end_date=20240228T130431
[2024-02-28T13:04:31.325+0000] {local_task_job_runner.py:234} INFO - Task exited with return code 0
[2024-02-28T13:04:31.379+0000] {taskinstance.py:3280} INFO - 1 downstream tasks scheduled from follow-on schedule check
[2024-02-28T13:10:20.015+0000] {taskinstance.py:1956} INFO - Dependencies all met for dep_context=non-requeueable deps ti=<TaskInstance: gcs_snowflake_etl.gcs_object_exists scheduled__2024-02-27T00:00:00+00:00 [queued]>
[2024-02-28T13:10:20.026+0000] {taskinstance.py:1956} INFO - Dependencies all met for dep_context=requeueable deps ti=<TaskInstance: gcs_snowflake_etl.gcs_object_exists scheduled__2024-02-27T00:00:00+00:00 [queued]>
[2024-02-28T13:10:20.027+0000] {taskinstance.py:2170} INFO - Starting attempt 1 of 3
[2024-02-28T13:10:20.091+0000] {taskinstance.py:2191} INFO - Executing <Task(GCSObjectExistenceSensor): gcs_object_exists> on 2024-02-27 00:00:00+00:00
[2024-02-28T13:10:20.103+0000] {standard_task_runner.py:60} INFO - Started process 64 to run task
[2024-02-28T13:10:20.116+0000] {standard_task_runner.py:87} INFO - Running: ['***', 'tasks', 'run', 'gcs_snowflake_etl', 'gcs_object_exists', 'scheduled__2024-02-27T00:00:00+00:00', '--job-id', '79', '--raw', '--subdir', 'DAGS_FOLDER/GCS_to_Snowflake_DAG.py', '--cfg-path', '/tmp/tmpiwn4z7pq']
[2024-02-28T13:10:20.122+0000] {standard_task_runner.py:88} INFO - Job 79: Subtask gcs_object_exists
[2024-02-28T13:10:20.276+0000] {task_command.py:423} INFO - Running <TaskInstance: gcs_snowflake_etl.gcs_object_exists scheduled__2024-02-27T00:00:00+00:00 [running]> on host b9a0bf70b495
[2024-02-28T13:10:20.403+0000] {taskinstance.py:2480} INFO - Exporting env vars: AIRFLOW_CTX_DAG_OWNER='stellar' AIRFLOW_CTX_DAG_ID='gcs_snowflake_etl' AIRFLOW_CTX_TASK_ID='gcs_object_exists' AIRFLOW_CTX_EXECUTION_DATE='2024-02-27T00:00:00+00:00' AIRFLOW_CTX_TRY_NUMBER='1' AIRFLOW_CTX_DAG_RUN_ID='scheduled__2024-02-27T00:00:00+00:00'
[2024-02-28T13:10:20.406+0000] {gcs.py:98} INFO - Sensor checks existence of : us_stock_market, US-Stock-Market-Dataset.csv
[2024-02-28T13:10:20.419+0000] {connection.py:234} WARNING - Connection schemes (type: google_cloud_platform) shall not contain '_' according to RFC3986.
[2024-02-28T13:10:20.428+0000] {base.py:83} INFO - Using connection ID 'gcp_conn_id' for task execution.
[2024-02-28T13:10:21.000+0000] {base.py:295} INFO - Success criteria met. Exiting.
[2024-02-28T13:10:21.019+0000] {taskinstance.py:1138} INFO - Marking task as SUCCESS. dag_id=gcs_snowflake_etl, task_id=gcs_object_exists, execution_date=20240227T000000, start_date=20240228T131020, end_date=20240228T131021
[2024-02-28T13:10:21.094+0000] {local_task_job_runner.py:234} INFO - Task exited with return code 0
[2024-02-28T13:10:21.150+0000] {taskinstance.py:3280} INFO - 1 downstream tasks scheduled from follow-on schedule check
[2024-02-28T13:15:39.377+0000] {taskinstance.py:1956} INFO - Dependencies all met for dep_context=non-requeueable deps ti=<TaskInstance: gcs_snowflake_etl.gcs_object_exists scheduled__2024-02-27T00:00:00+00:00 [queued]>
[2024-02-28T13:15:39.394+0000] {taskinstance.py:1956} INFO - Dependencies all met for dep_context=requeueable deps ti=<TaskInstance: gcs_snowflake_etl.gcs_object_exists scheduled__2024-02-27T00:00:00+00:00 [queued]>
[2024-02-28T13:15:39.394+0000] {taskinstance.py:2170} INFO - Starting attempt 1 of 3
[2024-02-28T13:15:39.418+0000] {taskinstance.py:2191} INFO - Executing <Task(GCSObjectExistenceSensor): gcs_object_exists> on 2024-02-27 00:00:00+00:00
[2024-02-28T13:15:39.426+0000] {standard_task_runner.py:60} INFO - Started process 64 to run task
[2024-02-28T13:15:39.433+0000] {standard_task_runner.py:87} INFO - Running: ['***', 'tasks', 'run', 'gcs_snowflake_etl', 'gcs_object_exists', 'scheduled__2024-02-27T00:00:00+00:00', '--job-id', '91', '--raw', '--subdir', 'DAGS_FOLDER/GCS_to_Snowflake_DAG.py', '--cfg-path', '/tmp/tmpgdagouea']
[2024-02-28T13:15:39.440+0000] {standard_task_runner.py:88} INFO - Job 91: Subtask gcs_object_exists
[2024-02-28T13:15:39.531+0000] {task_command.py:423} INFO - Running <TaskInstance: gcs_snowflake_etl.gcs_object_exists scheduled__2024-02-27T00:00:00+00:00 [running]> on host b9a0bf70b495
[2024-02-28T13:15:39.644+0000] {taskinstance.py:2480} INFO - Exporting env vars: AIRFLOW_CTX_DAG_OWNER='stellar' AIRFLOW_CTX_DAG_ID='gcs_snowflake_etl' AIRFLOW_CTX_TASK_ID='gcs_object_exists' AIRFLOW_CTX_EXECUTION_DATE='2024-02-27T00:00:00+00:00' AIRFLOW_CTX_TRY_NUMBER='1' AIRFLOW_CTX_DAG_RUN_ID='scheduled__2024-02-27T00:00:00+00:00'
[2024-02-28T13:15:39.646+0000] {gcs.py:98} INFO - Sensor checks existence of : us_stock_market, US-Stock-Market-Dataset.csv
[2024-02-28T13:15:39.659+0000] {connection.py:234} WARNING - Connection schemes (type: google_cloud_platform) shall not contain '_' according to RFC3986.
[2024-02-28T13:15:39.666+0000] {base.py:83} INFO - Using connection ID 'gcp_conn_id' for task execution.
[2024-02-28T13:15:40.222+0000] {base.py:295} INFO - Success criteria met. Exiting.
[2024-02-28T13:15:40.240+0000] {taskinstance.py:1138} INFO - Marking task as SUCCESS. dag_id=gcs_snowflake_etl, task_id=gcs_object_exists, execution_date=20240227T000000, start_date=20240228T131539, end_date=20240228T131540
[2024-02-28T13:15:40.293+0000] {local_task_job_runner.py:234} INFO - Task exited with return code 0
[2024-02-28T13:15:40.361+0000] {taskinstance.py:3280} INFO - 1 downstream tasks scheduled from follow-on schedule check
[2024-02-28T13:17:21.506+0000] {taskinstance.py:1956} INFO - Dependencies all met for dep_context=non-requeueable deps ti=<TaskInstance: gcs_snowflake_etl.gcs_object_exists scheduled__2024-02-27T00:00:00+00:00 [queued]>
[2024-02-28T13:17:21.522+0000] {taskinstance.py:1956} INFO - Dependencies all met for dep_context=requeueable deps ti=<TaskInstance: gcs_snowflake_etl.gcs_object_exists scheduled__2024-02-27T00:00:00+00:00 [queued]>
[2024-02-28T13:17:21.523+0000] {taskinstance.py:2170} INFO - Starting attempt 1 of 3
[2024-02-28T13:17:21.585+0000] {taskinstance.py:2191} INFO - Executing <Task(GCSObjectExistenceSensor): gcs_object_exists> on 2024-02-27 00:00:00+00:00
[2024-02-28T13:17:21.591+0000] {standard_task_runner.py:60} INFO - Started process 64 to run task
[2024-02-28T13:17:21.599+0000] {standard_task_runner.py:87} INFO - Running: ['***', 'tasks', 'run', 'gcs_snowflake_etl', 'gcs_object_exists', 'scheduled__2024-02-27T00:00:00+00:00', '--job-id', '97', '--raw', '--subdir', 'DAGS_FOLDER/GCS_to_Snowflake_DAG.py', '--cfg-path', '/tmp/tmpnld7r1cj']
[2024-02-28T13:17:21.605+0000] {standard_task_runner.py:88} INFO - Job 97: Subtask gcs_object_exists
[2024-02-28T13:17:21.782+0000] {task_command.py:423} INFO - Running <TaskInstance: gcs_snowflake_etl.gcs_object_exists scheduled__2024-02-27T00:00:00+00:00 [running]> on host b9a0bf70b495
[2024-02-28T13:17:22.135+0000] {taskinstance.py:2480} INFO - Exporting env vars: AIRFLOW_CTX_DAG_OWNER='stellar' AIRFLOW_CTX_DAG_ID='gcs_snowflake_etl' AIRFLOW_CTX_TASK_ID='gcs_object_exists' AIRFLOW_CTX_EXECUTION_DATE='2024-02-27T00:00:00+00:00' AIRFLOW_CTX_TRY_NUMBER='1' AIRFLOW_CTX_DAG_RUN_ID='scheduled__2024-02-27T00:00:00+00:00'
[2024-02-28T13:17:22.138+0000] {gcs.py:98} INFO - Sensor checks existence of : us_stock_market, US-Stock-Market-Dataset.csv
[2024-02-28T13:17:22.171+0000] {connection.py:234} WARNING - Connection schemes (type: google_cloud_platform) shall not contain '_' according to RFC3986.
[2024-02-28T13:17:22.185+0000] {base.py:83} INFO - Using connection ID 'gcp_conn_id' for task execution.
[2024-02-28T13:17:22.779+0000] {base.py:295} INFO - Success criteria met. Exiting.
[2024-02-28T13:17:22.794+0000] {taskinstance.py:1138} INFO - Marking task as SUCCESS. dag_id=gcs_snowflake_etl, task_id=gcs_object_exists, execution_date=20240227T000000, start_date=20240228T131721, end_date=20240228T131722
[2024-02-28T13:17:22.900+0000] {local_task_job_runner.py:234} INFO - Task exited with return code 0
[2024-02-28T13:17:22.960+0000] {taskinstance.py:3280} INFO - 1 downstream tasks scheduled from follow-on schedule check
[2024-02-28T14:13:56.661+0000] {taskinstance.py:1956} INFO - Dependencies all met for dep_context=non-requeueable deps ti=<TaskInstance: gcs_snowflake_etl.gcs_object_exists scheduled__2024-02-27T00:00:00+00:00 [queued]>
[2024-02-28T14:13:56.679+0000] {taskinstance.py:1956} INFO - Dependencies all met for dep_context=requeueable deps ti=<TaskInstance: gcs_snowflake_etl.gcs_object_exists scheduled__2024-02-27T00:00:00+00:00 [queued]>
[2024-02-28T14:13:56.680+0000] {taskinstance.py:2170} INFO - Starting attempt 1 of 3
[2024-02-28T14:13:56.723+0000] {taskinstance.py:2191} INFO - Executing <Task(GCSObjectExistenceSensor): gcs_object_exists> on 2024-02-27 00:00:00+00:00
[2024-02-28T14:13:56.730+0000] {standard_task_runner.py:60} INFO - Started process 64 to run task
[2024-02-28T14:13:56.740+0000] {standard_task_runner.py:87} INFO - Running: ['***', 'tasks', 'run', 'gcs_snowflake_etl', 'gcs_object_exists', 'scheduled__2024-02-27T00:00:00+00:00', '--job-id', '206', '--raw', '--subdir', 'DAGS_FOLDER/GCS_to_Snowflake_DAG.py', '--cfg-path', '/tmp/tmpyj_r5pkq']
[2024-02-28T14:13:56.745+0000] {standard_task_runner.py:88} INFO - Job 206: Subtask gcs_object_exists
[2024-02-28T14:13:56.859+0000] {task_command.py:423} INFO - Running <TaskInstance: gcs_snowflake_etl.gcs_object_exists scheduled__2024-02-27T00:00:00+00:00 [running]> on host 1753c686362f
[2024-02-28T14:13:57.059+0000] {taskinstance.py:2480} INFO - Exporting env vars: AIRFLOW_CTX_DAG_OWNER='stellar' AIRFLOW_CTX_DAG_ID='gcs_snowflake_etl' AIRFLOW_CTX_TASK_ID='gcs_object_exists' AIRFLOW_CTX_EXECUTION_DATE='2024-02-27T00:00:00+00:00' AIRFLOW_CTX_TRY_NUMBER='1' AIRFLOW_CTX_DAG_RUN_ID='scheduled__2024-02-27T00:00:00+00:00'
[2024-02-28T14:13:57.061+0000] {gcs.py:98} INFO - Sensor checks existence of : us_stock_market, US-Stock-Market-Dataset.csv
[2024-02-28T14:13:57.078+0000] {connection.py:234} WARNING - Connection schemes (type: google_cloud_platform) shall not contain '_' according to RFC3986.
[2024-02-28T14:13:57.088+0000] {base.py:83} INFO - Using connection ID 'gcp_conn_id' for task execution.
[2024-02-28T14:13:57.682+0000] {base.py:295} INFO - Success criteria met. Exiting.
[2024-02-28T14:13:57.700+0000] {taskinstance.py:1138} INFO - Marking task as SUCCESS. dag_id=gcs_snowflake_etl, task_id=gcs_object_exists, execution_date=20240227T000000, start_date=20240228T141356, end_date=20240228T141357
[2024-02-28T14:13:57.758+0000] {local_task_job_runner.py:234} INFO - Task exited with return code 0
[2024-02-28T14:13:57.807+0000] {taskinstance.py:3280} INFO - 1 downstream tasks scheduled from follow-on schedule check
