[2024-02-28T16:17:27.659+0000] {taskinstance.py:1956} INFO - Dependencies all met for dep_context=non-requeueable deps ti=<TaskInstance: gcs_snowflake_etl.transform_data manual__2024-02-28T16:07:14.605388+00:00 [queued]>
[2024-02-28T16:17:27.676+0000] {taskinstance.py:1956} INFO - Dependencies all met for dep_context=requeueable deps ti=<TaskInstance: gcs_snowflake_etl.transform_data manual__2024-02-28T16:07:14.605388+00:00 [queued]>
[2024-02-28T16:17:27.677+0000] {taskinstance.py:2170} INFO - Starting attempt 1 of 3
[2024-02-28T16:17:27.698+0000] {taskinstance.py:2191} INFO - Executing <Task(PythonOperator): transform_data> on 2024-02-28 16:07:14.605388+00:00
[2024-02-28T16:17:27.705+0000] {standard_task_runner.py:60} INFO - Started process 67 to run task
[2024-02-28T16:17:27.711+0000] {standard_task_runner.py:87} INFO - Running: ['***', 'tasks', 'run', 'gcs_snowflake_etl', 'transform_data', 'manual__2024-02-28T16:07:14.605388+00:00', '--job-id', '233', '--raw', '--subdir', 'DAGS_FOLDER/GCS_to_Snowflake_DAG.py', '--cfg-path', '/tmp/tmphoq49d45']
[2024-02-28T16:17:27.717+0000] {standard_task_runner.py:88} INFO - Job 233: Subtask transform_data
[2024-02-28T16:17:27.812+0000] {task_command.py:423} INFO - Running <TaskInstance: gcs_snowflake_etl.transform_data manual__2024-02-28T16:07:14.605388+00:00 [running]> on host 1753c686362f
[2024-02-28T16:17:27.960+0000] {taskinstance.py:2480} INFO - Exporting env vars: AIRFLOW_CTX_DAG_OWNER='stellar' AIRFLOW_CTX_DAG_ID='gcs_snowflake_etl' AIRFLOW_CTX_TASK_ID='transform_data' AIRFLOW_CTX_EXECUTION_DATE='2024-02-28T16:07:14.605388+00:00' AIRFLOW_CTX_TRY_NUMBER='1' AIRFLOW_CTX_DAG_RUN_ID='manual__2024-02-28T16:07:14.605388+00:00'
[2024-02-28T16:17:29.095+0000] {taskinstance.py:2698} ERROR - Task failed with exception
Traceback (most recent call last):
  File "/home/airflow/.local/lib/python3.8/site-packages/airflow/models/taskinstance.py", line 433, in _execute_task
    result = execute_callable(context=context, **execute_callable_kwargs)
  File "/home/airflow/.local/lib/python3.8/site-packages/airflow/operators/python.py", line 199, in execute
    return_value = self.execute_callable()
  File "/home/airflow/.local/lib/python3.8/site-packages/airflow/operators/python.py", line 216, in execute_callable
    return self.python_callable(*self.op_args, **self.op_kwargs)
  File "/opt/airflow/dags/GCS_to_Snowflake_DAG.py", line 64, in transform_data
    df.to_csv(destination_transform_data_file_name, index=False)
  File "/home/airflow/.local/lib/python3.8/site-packages/pandas/core/generic.py", line 3772, in to_csv
    return DataFrameRenderer(formatter).to_csv(
  File "/home/airflow/.local/lib/python3.8/site-packages/pandas/io/formats/format.py", line 1186, in to_csv
    csv_formatter.save()
  File "/home/airflow/.local/lib/python3.8/site-packages/pandas/io/formats/csvs.py", line 240, in save
    with get_handle(
  File "/home/airflow/.local/lib/python3.8/site-packages/pandas/io/common.py", line 737, in get_handle
    check_parent_directory(str(handle))
  File "/home/airflow/.local/lib/python3.8/site-packages/pandas/io/common.py", line 600, in check_parent_directory
    raise OSError(rf"Cannot save file into a non-existent directory: '{parent}'")
OSError: Cannot save file into a non-existent directory: 'transform_data'
[2024-02-28T16:17:29.121+0000] {taskinstance.py:1138} INFO - Marking task as UP_FOR_RETRY. dag_id=gcs_snowflake_etl, task_id=transform_data, execution_date=20240228T160714, start_date=20240228T161727, end_date=20240228T161729
[2024-02-28T16:17:29.146+0000] {standard_task_runner.py:107} ERROR - Failed to execute job 233 for task transform_data (Cannot save file into a non-existent directory: 'transform_data'; 67)
[2024-02-28T16:17:29.174+0000] {local_task_job_runner.py:234} INFO - Task exited with return code 1
[2024-02-28T16:17:29.228+0000] {taskinstance.py:3280} INFO - 0 downstream tasks scheduled from follow-on schedule check
