[2024-02-29T19:39:40.681+0000] {taskinstance.py:1956} INFO - Dependencies all met for dep_context=non-requeueable deps ti=<TaskInstance: gcs_snowflake_etl.create_snowflake_table scheduled__2024-02-28T00:00:00+00:00 [queued]>
[2024-02-29T19:39:40.695+0000] {taskinstance.py:1956} INFO - Dependencies all met for dep_context=requeueable deps ti=<TaskInstance: gcs_snowflake_etl.create_snowflake_table scheduled__2024-02-28T00:00:00+00:00 [queued]>
[2024-02-29T19:39:40.696+0000] {taskinstance.py:2170} INFO - Starting attempt 5 of 5
[2024-02-29T19:39:40.735+0000] {taskinstance.py:2191} INFO - Executing <Task(SnowflakeOperator): create_snowflake_table> on 2024-02-28 00:00:00+00:00
[2024-02-29T19:39:40.741+0000] {standard_task_runner.py:60} INFO - Started process 61 to run task
[2024-02-29T19:39:40.747+0000] {standard_task_runner.py:87} INFO - Running: ['***', 'tasks', 'run', 'gcs_snowflake_etl', 'create_snowflake_table', 'scheduled__2024-02-28T00:00:00+00:00', '--job-id', '34', '--raw', '--subdir', 'DAGS_FOLDER/GCS_to_Snowflake_DAG.py', '--cfg-path', '/tmp/tmpt_x0eh1a']
[2024-02-29T19:39:40.753+0000] {standard_task_runner.py:88} INFO - Job 34: Subtask create_snowflake_table
[2024-02-29T19:39:40.846+0000] {task_command.py:423} INFO - Running <TaskInstance: gcs_snowflake_etl.create_snowflake_table scheduled__2024-02-28T00:00:00+00:00 [running]> on host 14357164fa05
[2024-02-29T19:39:41.093+0000] {taskinstance.py:2480} INFO - Exporting env vars: AIRFLOW_CTX_DAG_OWNER='stellar' AIRFLOW_CTX_DAG_ID='gcs_snowflake_etl' AIRFLOW_CTX_TASK_ID='create_snowflake_table' AIRFLOW_CTX_EXECUTION_DATE='2024-02-28T00:00:00+00:00' AIRFLOW_CTX_TRY_NUMBER='5' AIRFLOW_CTX_DAG_RUN_ID='scheduled__2024-02-28T00:00:00+00:00'
[2024-02-29T19:39:41.095+0000] {sql.py:276} INFO - Executing: 
                CREATE TABLE IF NOT EXISTS US_Stock_Market_2020_To_2024(
                    Date datetime,
                    Natural_Gas_Price float,       
                    "Natural_Gas_Vol." float,       
                    Crude_oil_Price float,       
                    "Crude_oil_Vol." float,       
                    Copper_Price float,       
                    "Copper_Vol." float,       
                    Bitcoin_Price float,       
                    "Bitcoin_Vol." float,       
                    Platinum_Price float,       
                    "Platinum_Vol." float,       
                    Ethereum_Price float,       
                    "Ethereum_Vol." float,       
                    "S&P_500_Price" float,     
                    "Nasdaq_100_Price" float,       
                    "Nasdaq_100_Vol." float,       
                    Apple_Price float,       
                    "Apple_Vol." float,      
                    Tesla_Price float,       
                    "Tesla_Vol." float,       
                    Microsoft_Price  float,       
                    "Microsoft_Vol." float,       
                    Silver_Price float,       
                    "Silver_Vol." float,      
                    Google_Price float,     
                    "Google_Vol." float,      
                    Nvidia_Price float,      
                    "Nvidia_Vol." float,     
                    Berkshire_Price float,    
                    "Berkshire_Vol." float,     
                    Netflix_Price float,       
                    "Netflix_Vol." float,      
                    Amazon_Price float,       
                    "Amazon_Vol." float,      
                    Meta_Price float,      
                    "Meta_Vol." float,      
                    Gold_Price float,      
                    "Gold_Vol." float	
            );
        
[2024-02-29T19:39:41.118+0000] {base.py:83} INFO - Using connection ID 'conn_id_snowflake' for task execution.
[2024-02-29T19:39:41.160+0000] {base.py:83} INFO - Using connection ID 'conn_id_snowflake' for task execution.
[2024-02-29T19:39:41.162+0000] {connection.py:370} INFO - Snowflake Connector for Python Version: 3.6.0, Python Version: 3.8.18, Platform: Linux-5.15.133.1-microsoft-standard-WSL2-x86_64-with-glibc2.34
[2024-02-29T19:39:41.164+0000] {connection.py:1171} INFO - This connection is in OCSP Fail Open Mode. TLS Certificates would be checked for validity and revocation status. Any other Certificate Revocation related exceptions or OCSP Responder failures would be disregarded in favor of connectivity.
[2024-02-29T19:39:41.749+0000] {cursor.py:1028} INFO - query: [ALTER SESSION SET autocommit=False]
[2024-02-29T19:39:41.860+0000] {cursor.py:1041} INFO - query execution done
[2024-02-29T19:39:41.861+0000] {cursor.py:1205} INFO - Number of results in first chunk: 1
[2024-02-29T19:39:41.862+0000] {sql.py:450} INFO - Running statement: CREATE TABLE IF NOT EXISTS US_Stock_Market_2020_To_2024(
                    Date datetime,
                    Natural_Gas_Price float,       
                    "Natural_Gas_Vol." float,       
                    Crude_oil_Price float,       
                    "Crude_oil_Vol." float,       
                    Copper_Price float,       
                    "Copper_Vol." float,       
                    Bitcoin_Price float,       
                    "Bitcoin_Vol." float,       
                    Platinum_Price float,       
                    "Platinum_Vol." float,       
                    Ethereum_Price float,       
                    "Ethereum_Vol." float,       
                    "S&P_500_Price" float,     
                    "Nasdaq_100_Price" float,       
                    "Nasdaq_100_Vol." float,       
                    Apple_Price float,       
                    "Apple_Vol." float,      
                    Tesla_Price float,       
                    "Tesla_Vol." float,       
                    Microsoft_Price  float,       
                    "Microsoft_Vol." float,       
                    Silver_Price float,       
                    "Silver_Vol." float,      
                    Google_Price float,     
                    "Google_Vol." float,      
                    Nvidia_Price float,      
                    "Nvidia_Vol." float,     
                    Berkshire_Price float,    
                    "Berkshire_Vol." float,     
                    Netflix_Price float,       
                    "Netflix_Vol." float,      
                    Amazon_Price float,       
                    "Amazon_Vol." float,      
                    Meta_Price float,      
                    "Meta_Vol." float,      
                    Gold_Price float,      
                    "Gold_Vol." float	
            );, parameters: None
[2024-02-29T19:39:41.863+0000] {cursor.py:1028} INFO - query: [CREATE TABLE IF NOT EXISTS US_Stock_Market_2020_To_2024( Date datetime, Natural_...]
[2024-02-29T19:39:42.080+0000] {cursor.py:1041} INFO - query execution done
[2024-02-29T19:39:42.081+0000] {cursor.py:1205} INFO - Number of results in first chunk: 1
[2024-02-29T19:39:42.082+0000] {sql.py:459} INFO - Rows affected: 1
[2024-02-29T19:39:42.083+0000] {snowflake.py:400} INFO - Rows affected: 1
[2024-02-29T19:39:42.083+0000] {snowflake.py:401} INFO - Snowflake query id: 01b2ae5b-3201-0292-0000-000805ceb06d
[2024-02-29T19:39:42.085+0000] {cursor.py:1028} INFO - query: [COMMIT]
[2024-02-29T19:39:42.158+0000] {cursor.py:1041} INFO - query execution done
[2024-02-29T19:39:42.159+0000] {cursor.py:1205} INFO - Number of results in first chunk: 1
[2024-02-29T19:39:42.160+0000] {connection.py:718} INFO - closed
[2024-02-29T19:39:42.223+0000] {connection.py:724} INFO - No async queries seem to be running, deleting session
[2024-02-29T19:39:42.366+0000] {taskinstance.py:1138} INFO - Marking task as SUCCESS. dag_id=gcs_snowflake_etl, task_id=create_snowflake_table, execution_date=20240228T000000, start_date=20240229T193940, end_date=20240229T193942
[2024-02-29T19:39:42.489+0000] {local_task_job_runner.py:234} INFO - Task exited with return code 0
[2024-02-29T19:39:42.580+0000] {taskinstance.py:3280} INFO - 1 downstream tasks scheduled from follow-on schedule check
